#
# There is insufficient memory for the Java Runtime Environment to continue.
# Native memory allocation (mmap) failed to map 65536 bytes. Error detail: Failed to commit metaspace.
# Possible reasons:
#   The system is out of physical RAM or swap space
#   This process is running with CompressedOops enabled, and the Java Heap may be blocking the growth of the native heap
# Possible solutions:
#   Reduce memory load on the system
#   Increase physical memory or swap space
#   Check if swap backing store is full
#   Decrease Java heap size (-Xmx/-Xms)
#   Decrease number of Java threads
#   Decrease Java thread stack sizes (-Xss)
#   Set larger code cache with -XX:ReservedCodeCacheSize=
#   JVM is running with Unscaled Compressed Oops mode in which the Java heap is
#     placed in the first 4GB address space. The Java Heap base address is the
#     maximum limit for the native heap growth. Please use -XX:HeapBaseMinAddress
#     to set the Java Heap base and to place the Java Heap above 4GB virtual address.
# This output file may be truncated or incomplete.
#
#  Out of Memory Error (virtualSpaceNode.cpp:113), pid=3252, tid=7260
#
# JRE version: OpenJDK Runtime Environment Temurin-21.0.10+7 (21.0.10+7) (build 21.0.10+7-LTS)
# Java VM: OpenJDK 64-Bit Server VM Temurin-21.0.10+7 (21.0.10+7-LTS, mixed mode, sharing, tiered, compressed oops, compressed class ptrs, parallel gc, windows-amd64)
# No core dump will be written. Minidumps are not enabled by default on client versions of Windows
#

---------------  S U M M A R Y ------------

Command Line: --add-modules=ALL-SYSTEM --add-opens=java.base/java.util=ALL-UNNAMED --add-opens=java.base/java.lang=ALL-UNNAMED --add-opens=java.base/sun.nio.fs=ALL-UNNAMED -Declipse.application=org.eclipse.jdt.ls.core.id1 -Dosgi.bundles.defaultStartLevel=4 -Declipse.product=org.eclipse.jdt.ls.core.product -Djava.import.generatesMetadataFilesAtProjectRoot=false -DDetectVMInstallationsJob.disabled=true -Dfile.encoding=utf8 -XX:+UseParallelGC -XX:GCTimeRatio=4 -XX:AdaptiveSizePolicyWeight=90 -Dsun.zip.disableMemoryMapping=true -Xmx2G -Xms100m -Xlog:disable -javaagent:c:\Users\Siva\.vscode\extensions\redhat.java-1.54.0-win32-x64\lombok\lombok-1.18.39-4050.jar -XX:+HeapDumpOnOutOfMemoryError -XX:HeapDumpPath=c:\Users\Siva\AppData\Roaming\Code\User\workspaceStorage\4f8e60674e3dc518b3742d47d5b86509\redhat.java -Daether.dependencyCollector.impl=bf -Xmx512M c:\Users\Siva\.vscode\extensions\redhat.java-1.54.0-win32-x64\server\plugins\org.eclipse.equinox.launcher_1.7.100.v20251111-0406.jar -configuration c:\Users\Siva\AppData\Roaming\Code\User\globalStorage\redhat.java\1.54.0\config_win -data c:\Users\Siva\AppData\Roaming\Code\User\workspaceStorage\4f8e60674e3dc518b3742d47d5b86509\redhat.java\jdt_ws --pipe=\\.\pipe\lsp-25522148ccae591ad48ed9d652ddbfb6-sock

Host: Intel(R) Core(TM) i5-4210U CPU @ 1.70GHz, 4 cores, 7G,  Windows 10 , 64 bit Build 19041 (10.0.19041.1466)
Time: Sun May 10 23:32:47 2026 India Standard Time elapsed time: 1.433226 seconds (0d 0h 0m 1s)

---------------  T H R E A D  ---------------

Current thread (0x000001cb46a58890):  JavaThread "main"             [_thread_in_vm, id=7260, stack(0x0000008fe1500000,0x0000008fe1600000) (1024K)]

Stack: [0x0000008fe1500000,0x0000008fe1600000]
Native frames: (J=compiled Java code, j=interpreted, Vv=VM code, C=native code)
V  [jvm.dll+0x6d7a39]
V  [jvm.dll+0x8b4b26]
V  [jvm.dll+0x8b70de]
V  [jvm.dll+0x8b77c3]
V  [jvm.dll+0x284346]
V  [jvm.dll+0x8b086e]
V  [jvm.dll+0x679444]
V  [jvm.dll+0x1e82bb]
V  [jvm.dll+0x1e807e]
V  [jvm.dll+0x67bd42]
V  [jvm.dll+0x67bb72]
V  [jvm.dll+0x679e1e]
V  [jvm.dll+0x21abb9]
V  [jvm.dll+0x20f647]
V  [jvm.dll+0x5b644f]
V  [jvm.dll+0x82ead6]
V  [jvm.dll+0x478db8]
V  [jvm.dll+0x47ebe8]
C  [java.dll+0x17ec]

Java frames: (J=compiled Java code, j=interpreted, Vv=VM code)
j  java.lang.ClassLoader.defineClass1(Ljava/lang/ClassLoader;Ljava/lang/String;[BIILjava/security/ProtectionDomain;Ljava/lang/String;)Ljava/lang/Class;+0 java.base@21.0.10
j  java.lang.ClassLoader.defineClass(Ljava/lang/String;[BIILjava/security/ProtectionDomain;)Ljava/lang/Class;+27 java.base@21.0.10
j  java.lang.ClassLoader.defineClass(Ljava/lang/String;[BII)Ljava/lang/Class;+7 java.base@21.0.10
j  lombok.launch.ShadowClassLoader.urlToDefineClass(Ljava/lang/String;Ljava/net/URL;Z)Ljava/lang/Class;+155
j  lombok.launch.ShadowClassLoader.loadClass(Ljava/lang/String;Z)Ljava/lang/Class;+238
j  java.lang.ClassLoader.loadClass(Ljava/lang/String;)Ljava/lang/Class;+3 java.base@21.0.10
v  ~StubRoutines::call_stub 0x000001cb511a100d
j  lombok.eclipse.agent.EclipsePatcher.patchSetGeneratedFlag(Llombok/patcher/ScriptManager;)V+81
j  lombok.eclipse.agent.EclipsePatcher.registerPatchScripts(Ljava/lang/instrument/Instrumentation;ZLjava/lang/Class;)V+72
j  lombok.eclipse.agent.EclipsePatcher.runAgent(Ljava/lang/String;Ljava/lang/instrument/Instrumentation;ZLjava/lang/Class;)V+4
j  lombok.core.AgentLauncher.runAgents(Ljava/lang/String;Ljava/lang/instrument/Instrumentation;ZLjava/lang/Class;)V+62
j  java.lang.invoke.LambdaForm$DMH+0x000001cb01004800.invokeStatic(Ljava/lang/Object;Ljava/lang/Object;Ljava/lang/Object;ILjava/lang/Object;)V+16 java.base@21.0.10
j  java.lang.invoke.LambdaForm$MH+0x000001cb01008c00.invoke(Ljava/lang/Object;Ljava/lang/Object;Ljava/lang/Object;)Ljava/lang/Object;+124 java.base@21.0.10
j  java.lang.invoke.Invokers$Holder.invokeExact_MT(Ljava/lang/Object;Ljava/lang/Object;Ljava/lang/Object;Ljava/lang/Object;)Ljava/lang/Object;+20 java.base@21.0.10
j  jdk.internal.reflect.DirectMethodHandleAccessor.invokeImpl(Ljava/lang/Object;[Ljava/lang/Object;)Ljava/lang/Object;+104 java.base@21.0.10
j  jdk.internal.reflect.DirectMethodHandleAccessor.invoke(Ljava/lang/Object;[Ljava/lang/Object;)Ljava/lang/Object;+23 java.base@21.0.10
j  java.lang.reflect.Method.invoke(Ljava/lang/Object;[Ljava/lang/Object;)Ljava/lang/Object;+102 java.base@21.0.10
j  lombok.launch.Agent.runLauncher(Ljava/lang/String;Ljava/lang/instrument/Instrumentation;Z)V+73
j  lombok.launch.Agent.premain(Ljava/lang/String;Ljava/lang/instrument/Instrumentation;)V+3
j  java.lang.invoke.LambdaForm$DMH+0x000001cb01000c00.invokeStatic(Ljava/lang/Object;Ljava/lang/Object;Ljava/lang/Object;)V+11 java.base@21.0.10
j  java.lang.invoke.LambdaForm$MH+0x000001cb01002800.invoke(Ljava/lang/Object;Ljava/lang/Object;Ljava/lang/Object;Ljava/lang/Object;)Ljava/lang/Object;+54 java.base@21.0.10
j  java.lang.invoke.LambdaForm$MH+0x000001cb01002c00.invokeExact_MT(Ljava/lang/Object;Ljava/lang/Object;Ljava/lang/Object;Ljava/lang/Object;Ljava/lang/Object;)Ljava/lang/Object;+22 java.base@21.0.10
j  jdk.internal.reflect.DirectMethodHandleAccessor.invokeImpl(Ljava/lang/Object;[Ljava/lang/Object;)Ljava/lang/Object;+72 java.base@21.0.10
j  jdk.internal.reflect.DirectMethodHandleAccessor.invoke(Ljava/lang/Object;[Ljava/lang/Object;)Ljava/lang/Object;+23 java.base@21.0.10
j  java.lang.reflect.Method.invoke(Ljava/lang/Object;[Ljava/lang/Object;)Ljava/lang/Object;+102 java.base@21.0.10
j  sun.instrument.InstrumentationImpl.loadClassAndStartAgent(Ljava/lang/String;Ljava/lang/String;Ljava/lang/String;)V+165 java.instrument@21.0.10
j  sun.instrument.InstrumentationImpl.loadClassAndCallPremain(Ljava/lang/String;Ljava/lang/String;)V+6 java.instrument@21.0.10
v  ~StubRoutines::call_stub 0x000001cb511a100d

---------------  P R O C E S S  ---------------

Threads class SMR info:
_java_thread_list=0x000001cb5a997fb0, length=10, elements={
0x000001cb46a58890, 0x000001cb467f5190, 0x000001cb467f6e00, 0x000001cb467faf90,
0x000001cb467fda00, 0x000001cb467fe460, 0x000001cb467feec0, 0x000001cb467ffc50,
0x000001cb4686fd80, 0x000001cb5a9ace30
}

Java Threads: ( => current thread )
=>0x000001cb46a58890 JavaThread "main"                              [_thread_in_vm, id=7260, stack(0x0000008fe1500000,0x0000008fe1600000) (1024K)]
  0x000001cb467f5190 JavaThread "Reference Handler"          daemon [_thread_blocked, id=8712, stack(0x0000008fe1a00000,0x0000008fe1b00000) (1024K)]
  0x000001cb467f6e00 JavaThread "Finalizer"                  daemon [_thread_blocked, id=4760, stack(0x0000008fe1b00000,0x0000008fe1c00000) (1024K)]
  0x000001cb467faf90 JavaThread "Signal Dispatcher"          daemon [_thread_blocked, id=11648, stack(0x0000008fe1c00000,0x0000008fe1d00000) (1024K)]
  0x000001cb467fda00 JavaThread "Attach Listener"            daemon [_thread_blocked, id=3568, stack(0x0000008fe1d00000,0x0000008fe1e00000) (1024K)]
  0x000001cb467fe460 JavaThread "Service Thread"             daemon [_thread_blocked, id=8836, stack(0x0000008fe1e00000,0x0000008fe1f00000) (1024K)]
  0x000001cb467feec0 JavaThread "Monitor Deflation Thread"   daemon [_thread_blocked, id=5948, stack(0x0000008fe1f00000,0x0000008fe2000000) (1024K)]
  0x000001cb467ffc50 JavaThread "C2 CompilerThread0"         daemon [_thread_in_native, id=2904, stack(0x0000008fe2000000,0x0000008fe2100000) (1024K)]
  0x000001cb4686fd80 JavaThread "C1 CompilerThread0"         daemon [_thread_blocked, id=9684, stack(0x0000008fe2100000,0x0000008fe2200000) (1024K)]
  0x000001cb5a9ace30 JavaThread "Common-Cleaner"             daemon [_thread_blocked, id=10988, stack(0x0000008fe2200000,0x0000008fe2300000) (1024K)]
Total: 10

Other Threads:
  0x000001cb467d56c0 VMThread "VM Thread"                           [id=11904, stack(0x0000008fe1900000,0x0000008fe1a00000) (1024K)]
  0x000001cb46751c40 WatcherThread "VM Periodic Task Thread"        [id=17032, stack(0x0000008fe1800000,0x0000008fe1900000) (1024K)]
  0x000001cb46a77460 WorkerThread "GC Thread#0"                     [id=16456, stack(0x0000008fe1700000,0x0000008fe1800000) (1024K)]
Total: 3

Threads with active compile tasks:
C2 CompilerThread0  1509  516 %     4       lombok.launch.PackageShader::apply @ 76 (252 bytes)
Total: 1

VM state: not at safepoint (normal execution)

VM Mutex/Monitor currently owned by a thread:  ([mutex/lock_event])
[0x00007ff9fd3ec4e0] Metaspace_lock - owner thread: 0x000001cb46a58890

Heap address: 0x00000000e0000000, size: 512 MB, Compressed Oops mode: 32-bit

CDS archive(s) mapped at: [0x000001cb00000000-0x000001cb00ba0000-0x000001cb00ba0000), size 12189696, SharedBaseAddress: 0x000001cb00000000, ArchiveRelocationMode: 1.
Compressed class space mapped at: 0x000001cb01000000-0x000001cb41000000, reserved size: 1073741824
Narrow klass base: 0x000001cb00000000, Narrow klass shift: 0, Narrow klass range: 0x100000000

GC Precious Log:
 CardTable entry size: 512
 CPUs: 4 total, 4 available
 Memory: 8097M
 Large Page Support: Disabled
 NUMA Support: Disabled
 Compressed Oops: Enabled (32-bit)
 Alignments: Space 512K, Generation 512K, Heap 2M
 Heap Min Capacity: 100M
 Heap Initial Capacity: 100M
 Heap Max Capacity: 512M
 Pre-touch: Disabled
 Parallel Workers: 4

Heap:
 PSYoungGen      total 29696K, used 9175K [0x00000000f5580000, 0x00000000f7680000, 0x0000000100000000)
  eden space 25600K, 35% used [0x00000000f5580000,0x00000000f5e75cf8,0x00000000f6e80000)
  from space 4096K, 0% used [0x00000000f7280000,0x00000000f7280000,0x00000000f7680000)
  to   space 4096K, 0% used [0x00000000f6e80000,0x00000000f6e80000,0x00000000f7280000)
 ParOldGen       total 68608K, used 0K [0x00000000e0000000, 0x00000000e4300000, 0x00000000f5580000)
  object space 68608K, 0% used [0x00000000e0000000,0x00000000e0000000,0x00000000e4300000)
 Metaspace       used 1101K, committed 1280K, reserved 1114112K
  class space    used 97K, committed 192K, reserved 1048576K

Card table byte_map: [0x000001cb46410000,0x000001cb46520000] _byte_map_base: 0x000001cb45d10000

Marking Bits: (ParMarkBitMap*) 0x00007ff9fd3f3450
 Begin Bits: [0x000001cb58c70000, 0x000001cb59470000)
 End Bits:   [0x000001cb59470000, 0x000001cb59c70000)

Polling page: 0x000001cb44830000

Metaspace:

Usage:
  Non-class:   1004.16 KB used.
      Class:     97.72 KB used.
       Both:      1.08 MB used.

Virtual space:
  Non-class space:       64.00 MB reserved,       1.06 MB (  2%) committed,  1 nodes.
      Class space:        1.00 GB reserved,     192.00 KB ( <1%) committed,  1 nodes.
             Both:        1.06 GB reserved,       1.25 MB ( <1%) committed. 

Chunk freelists:
   Non-Class:  11.67 MB
       Class:  15.67 MB
        Both:  27.34 MB

MaxMetaspaceSize: unlimited
CompressedClassSpaceSize: 1.00 GB
Initial GC threshold: 21.00 MB
Current GC threshold: 21.00 MB
CDS: on
 - commit_granule_bytes: 65536.
 - commit_granule_words: 8192.
 - virtual_space_node_default_size: 8388608.
 - enlarge_chunks_in_place: 1.
 - use_allocation_guard: 0.


Internal statistics:

num_allocs_failed_limit: 0.
num_arena_births: 74.
num_arena_deaths: 0.
num_vsnodes_births: 2.
num_vsnodes_deaths: 0.
num_space_committed: 20.
num_space_uncommitted: 0.
num_chunks_returned_to_freelist: 0.
num_chunks_taken_from_freelist: 95.
num_chunk_merges: 0.
num_chunk_splits: 67.
num_chunks_enlarged: 42.
num_inconsistent_stats: 0.

CodeHeap 'non-profiled nmethods': size=120000Kb used=170Kb max_used=170Kb free=119829Kb
 bounds [0x000001cb51740000, 0x000001cb519b0000, 0x000001cb58c70000]
CodeHeap 'profiled nmethods': size=120000Kb used=722Kb max_used=722Kb free=119277Kb
 bounds [0x000001cb49c70000, 0x000001cb49ee0000, 0x000001cb511a0000]
CodeHeap 'non-nmethods': size=5760Kb used=1148Kb max_used=1162Kb free=4611Kb
 bounds [0x000001cb511a0000, 0x000001cb51410000, 0x000001cb51740000]
CodeCache: size=245760Kb, used=2040Kb, max_used=2054Kb, free=243717Kb
 total_blobs=917, nmethods=521, adapters=303, full_count=0
Compilation: enabled, stopped_count=0, restarted_count=0

Compilation events (20 events):
Event: 1.411 Thread 0x000001cb4686fd80 nmethod 511 0x000001cb49d1ce10 code [0x000001cb49d1cfc0, 0x000001cb49d1d170]
Event: 1.411 Thread 0x000001cb4686fd80  512   !   3       java.io.WinNTFileSystem::getBooleanAttributes (27 bytes)
Event: 1.411 Thread 0x000001cb4686fd80 nmethod 512 0x000001cb49d1d210 code [0x000001cb49d1d3e0, 0x000001cb49d1d5f8]
Event: 1.412 Thread 0x000001cb4686fd80  513   !   3       java.io.WinNTFileSystem::resolve (362 bytes)
Event: 1.417 Thread 0x000001cb4686fd80 nmethod 513 0x000001cb49d1d710 code [0x000001cb49d1dec0, 0x000001cb49d217b8]
Event: 1.420 Thread 0x000001cb4686fd80  515       1       java.net.URL::getUserInfo (5 bytes)
Event: 1.420 Thread 0x000001cb4686fd80 nmethod 515 0x000001cb5176a290 code [0x000001cb5176a420, 0x000001cb5176a4e8]
Event: 1.423 Thread 0x000001cb467ffc50  516 %     4       lombok.launch.PackageShader::apply @ 76 (252 bytes)
Event: 1.424 Thread 0x000001cb4686fd80  517       3       java.lang.StringLatin1::indexOf (121 bytes)
Event: 1.424 Thread 0x000001cb4686fd80 nmethod 517 0x000001cb49d22f90 code [0x000001cb49d23180, 0x000001cb49d23638]
Event: 1.424 Thread 0x000001cb4686fd80  518       3       java.util.ArrayList::iterator (9 bytes)
Event: 1.425 Thread 0x000001cb4686fd80 nmethod 518 0x000001cb49d23890 code [0x000001cb49d23a40, 0x000001cb49d23c98]
Event: 1.425 Thread 0x000001cb4686fd80  519       3       java.util.ArrayList$Itr::<init> (26 bytes)
Event: 1.425 Thread 0x000001cb4686fd80 nmethod 519 0x000001cb49d23d90 code [0x000001cb49d23f40, 0x000001cb49d240d8]
Event: 1.426 Thread 0x000001cb4686fd80  520       3       java.util.WeakHashMap::maskNull (12 bytes)
Event: 1.426 Thread 0x000001cb4686fd80 nmethod 520 0x000001cb49d24210 code [0x000001cb49d243a0, 0x000001cb49d244d8]
Event: 1.426 Thread 0x000001cb4686fd80  521       3       java.util.WeakHashMap::hash (28 bytes)
Event: 1.426 Thread 0x000001cb4686fd80 nmethod 521 0x000001cb49d24590 code [0x000001cb49d24740, 0x000001cb49d24938]
Event: 1.426 Thread 0x000001cb4686fd80  522       1       java.net.URLConnection::getUseCaches (5 bytes)
Event: 1.427 Thread 0x000001cb4686fd80 nmethod 522 0x000001cb5176a590 code [0x000001cb5176a720, 0x000001cb5176a7f0]

GC Heap History (0 events):
No events

Dll operation events (8 events):
Event: 0.029 Loaded shared library c:\Users\Siva\.vscode\extensions\redhat.java-1.54.0-win32-x64\jre\21.0.10-win32-x86_64\bin\java.dll
Event: 0.474 Loaded shared library c:\Users\Siva\.vscode\extensions\redhat.java-1.54.0-win32-x64\jre\21.0.10-win32-x86_64\bin\zip.dll
Event: 0.596 Loaded shared library C:\Users\Siva\.vscode\extensions\redhat.java-1.54.0-win32-x64\jre\21.0.10-win32-x86_64\bin\instrument.dll
Event: 0.640 Loaded shared library C:\Users\Siva\.vscode\extensions\redhat.java-1.54.0-win32-x64\jre\21.0.10-win32-x86_64\bin\net.dll
Event: 0.643 Loaded shared library C:\Users\Siva\.vscode\extensions\redhat.java-1.54.0-win32-x64\jre\21.0.10-win32-x86_64\bin\nio.dll
Event: 0.650 Loaded shared library C:\Users\Siva\.vscode\extensions\redhat.java-1.54.0-win32-x64\jre\21.0.10-win32-x86_64\bin\zip.dll
Event: 0.773 Loaded shared library C:\Users\Siva\.vscode\extensions\redhat.java-1.54.0-win32-x64\jre\21.0.10-win32-x86_64\bin\jimage.dll
Event: 1.104 Loaded shared library c:\Users\Siva\.vscode\extensions\redhat.java-1.54.0-win32-x64\jre\21.0.10-win32-x86_64\bin\verify.dll

Deoptimization events (10 events):
Event: 0.659 Thread 0x000001cb46a58890 Uncommon trap: trap_request=0xffffffde fr.pc=0x000001cb5174fd28 relative=0x0000000000000788
Event: 0.659 Thread 0x000001cb46a58890 Uncommon trap: reason=class_check action=maybe_recompile pc=0x000001cb5174fd28 method=java.util.HashMap.putVal(ILjava/lang/Object;Ljava/lang/Object;ZZ)Ljava/lang/Object; @ 152 c2
Event: 0.659 Thread 0x000001cb46a58890 DEOPT PACKING pc=0x000001cb5174fd28 sp=0x0000008fe15fe2e0
Event: 0.659 Thread 0x000001cb46a58890 DEOPT UNPACKING pc=0x000001cb511f3aa2 sp=0x0000008fe15fe240 mode 2
Event: 0.659 Thread 0x000001cb46a58890 Uncommon trap: trap_request=0xffffffde fr.pc=0x000001cb5174fd28 relative=0x0000000000000788
Event: 0.659 Thread 0x000001cb46a58890 Uncommon trap: reason=class_check action=maybe_recompile pc=0x000001cb5174fd28 method=java.util.HashMap.putVal(ILjava/lang/Object;Ljava/lang/Object;ZZ)Ljava/lang/Object; @ 152 c2
Event: 0.659 Thread 0x000001cb46a58890 DEOPT PACKING pc=0x000001cb5174fd28 sp=0x0000008fe15fe2e0
Event: 0.659 Thread 0x000001cb46a58890 DEOPT UNPACKING pc=0x000001cb511f3aa2 sp=0x0000008fe15fe240 mode 2
Event: 0.796 Thread 0x000001cb46a58890 DEOPT PACKING pc=0x000001cb49ca6c49 sp=0x0000008fe15fe0c0
Event: 0.796 Thread 0x000001cb46a58890 DEOPT UNPACKING pc=0x000001cb511f4242 sp=0x0000008fe15fd548 mode 0

Classes loaded (20 events):
Event: 1.110 Loading class java/lang/IllegalAccessException
Event: 1.110 Loading class java/lang/IllegalAccessException done
Event: 1.120 Loading class java/lang/IllegalStateException
Event: 1.120 Loading class java/lang/IllegalStateException done
Event: 1.155 Loading class java/lang/UnsupportedOperationException
Event: 1.155 Loading class java/lang/UnsupportedOperationException done
Event: 1.159 Loading class java/lang/instrument/ClassFileTransformer
Event: 1.160 Loading class java/lang/instrument/ClassFileTransformer done
Event: 1.189 Loading class java/lang/instrument/UnmodifiableClassException
Event: 1.189 Loading class java/lang/instrument/UnmodifiableClassException done
Event: 1.190 Loading class java/lang/instrument/ClassDefinition
Event: 1.190 Loading class java/lang/instrument/ClassDefinition done
Event: 1.221 Loading class java/lang/invoke/WrongMethodTypeException
Event: 1.221 Loading class java/lang/invoke/WrongMethodTypeException done
Event: 1.269 Loading class java/net/URLClassLoader
Event: 1.269 Loading class java/net/URLClassLoader done
Event: 1.314 Loading class java/util/regex/Pattern$Loop
Event: 1.314 Loading class java/util/regex/Pattern$Loop done
Event: 1.315 Loading class java/util/regex/Pattern$Prolog
Event: 1.315 Loading class java/util/regex/Pattern$Prolog done

Classes unloaded (0 events):
No events

Classes redefined (0 events):
No events

Internal exceptions (11 events):
Event: 0.463 Thread 0x000001cb46a58890 Exception <a 'java/lang/NoSuchMethodError'{0x00000000f57a9090}: 'void java.lang.invoke.DirectMethodHandle$Holder.invokeStatic(java.lang.Object, java.lang.Object, java.lang.Object)'> (0x00000000f57a9090) 
thrown [s\src\hotspot\share\interpreter\linkResolver.cpp, line 773]
Event: 0.751 Thread 0x000001cb46a58890 Exception <a 'java/lang/NoSuchMethodError'{0x00000000f5911f70}: 'java.lang.Object java.lang.invoke.Invokers$Holder.invokeExact_MT(java.lang.Object, java.lang.Object, java.lang.Object, java.lang.Object, java.lang.Object)'> (0x00000000f5911f70) 
thrown [s\src\hotspot\share\interpreter\linkResolver.cpp, line 773]
Event: 0.930 Thread 0x000001cb46a58890 Exception <a 'java/lang/NoSuchMethodError'{0x00000000f59ca290}: 'int java.lang.invoke.DirectMethodHandle$Holder.invokeSpecial(java.lang.Object, java.lang.Object, java.lang.Object, int)'> (0x00000000f59ca290) 
thrown [s\src\hotspot\share\interpreter\linkResolver.cpp, line 773]
Event: 0.936 Thread 0x000001cb46a58890 Exception <a 'java/lang/NoSuchMethodError'{0x00000000f59dcc78}: 'java.lang.Object java.lang.invoke.DirectMethodHandle$Holder.invokeStatic(java.lang.Object, java.lang.Object, java.lang.Object, java.lang.Object, int)'> (0x00000000f59dcc78) 
thrown [s\src\hotspot\share\interpreter\linkResolver.cpp, line 773]
Event: 0.940 Thread 0x000001cb46a58890 Exception <a 'java/lang/NoSuchMethodError'{0x00000000f59e8120}: 'void java.lang.invoke.DelegatingMethodHandle$Holder.reinvoke_L(java.lang.Object, java.lang.Object, java.lang.Object, int, java.lang.Object)'> (0x00000000f59e8120) 
thrown [s\src\hotspot\share\interpreter\linkResolver.cpp, line 773]
Event: 0.949 Thread 0x000001cb46a58890 Exception <a 'java/lang/NoSuchMethodError'{0x00000000f59f8c18}: 'int java.lang.invoke.DirectMethodHandle$Holder.invokeSpecial(java.lang.Object, java.lang.Object, java.lang.Object)'> (0x00000000f59f8c18) 
thrown [s\src\hotspot\share\interpreter\linkResolver.cpp, line 773]
Event: 0.953 Thread 0x000001cb46a58890 Exception <a 'java/lang/NoSuchMethodError'{0x00000000f5a048d8}: 'java.lang.Object java.lang.invoke.DirectMethodHandle$Holder.invokeStatic(java.lang.Object, java.lang.Object, int)'> (0x00000000f5a048d8) 
thrown [s\src\hotspot\share\interpreter\linkResolver.cpp, line 773]
Event: 0.955 Thread 0x000001cb46a58890 Exception <a 'java/lang/NoSuchMethodError'{0x00000000f5a09228}: 'void java.lang.invoke.DirectMethodHandle$Holder.invokeStatic(java.lang.Object, java.lang.Object, int, java.lang.Object)'> (0x00000000f5a09228) 
thrown [s\src\hotspot\share\interpreter\linkResolver.cpp, line 773]
Event: 0.956 Thread 0x000001cb46a58890 Exception <a 'java/lang/NoSuchMethodError'{0x00000000f5a0cdb8}: 'void java.lang.invoke.DirectMethodHandle$Holder.invokeSpecial(java.lang.Object, java.lang.Object, java.lang.Object, int, java.lang.Object)'> (0x00000000f5a0cdb8) 
thrown [s\src\hotspot\share\interpreter\linkResolver.cpp, line 773]
Event: 0.957 Thread 0x000001cb46a58890 Exception <a 'java/lang/NoSuchMethodError'{0x00000000f5a10228}: 'void java.lang.invoke.DelegatingMethodHandle$Holder.delegate(java.lang.Object, java.lang.Object, int, java.lang.Object)'> (0x00000000f5a10228) 
thrown [s\src\hotspot\share\interpreter\linkResolver.cpp, line 773]
Event: 1.200 Thread 0x000001cb46a58890 Exception <a 'java/lang/NoSuchMethodError'{0x00000000f5bcf1f8}: 'void java.lang.invoke.DelegatingMethodHandle$Holder.reinvoke_L(java.lang.Object, java.lang.Object, java.lang.Object, int)'> (0x00000000f5bcf1f8) 
thrown [s\src\hotspot\share\interpreter\linkResolver.cpp, line 773]

ZGC Phase Switch (0 events):
No events

VM Operations (4 events):
Event: 0.472 Executing non-safepoint VM operation: HandshakeAllThreads (Deoptimize)
Event: 0.472 Executing non-safepoint VM operation: HandshakeAllThreads (Deoptimize) done
Event: 0.859 Executing non-safepoint VM operation: HandshakeAllThreads (Deoptimize)
Event: 0.859 Executing non-safepoint VM operation: HandshakeAllThreads (Deoptimize) done

Memory protections (0 events):
No events

Nmethod flushes (0 events):
No events

Events (10 events):
Event: 0.106 Thread 0x000001cb46a58890 Thread added: 0x000001cb46a58890
Event: 0.195 Thread 0x000001cb46a58890 Thread added: 0x000001cb467f5190
Event: 0.195 Thread 0x000001cb46a58890 Thread added: 0x000001cb467f6e00
Event: 0.195 Thread 0x000001cb46a58890 Thread added: 0x000001cb467faf90
Event: 0.195 Thread 0x000001cb46a58890 Thread added: 0x000001cb467fda00
Event: 0.196 Thread 0x000001cb46a58890 Thread added: 0x000001cb467fe460
Event: 0.196 Thread 0x000001cb46a58890 Thread added: 0x000001cb467feec0
Event: 0.196 Thread 0x000001cb46a58890 Thread added: 0x000001cb467ffc50
Event: 0.250 Thread 0x000001cb46a58890 Thread added: 0x000001cb4686fd80
Event: 0.635 Thread 0x000001cb46a58890 Thread added: 0x000001cb5a9ace30


Dynamic libraries:
0x00007ff62f7a0000 - 0x00007ff62f7ae000 	c:\Users\Siva\.vscode\extensions\redhat.java-1.54.0-win32-x64\jre\21.0.10-win32-x86_64\bin\java.exe
0x00007ffa63630000 - 0x00007ffa63825000 	C:\Windows\SYSTEM32\ntdll.dll
0x00007ffa62160000 - 0x00007ffa6221e000 	C:\Windows\System32\KERNEL32.DLL
0x00007ffa61220000 - 0x00007ffa614e8000 	C:\Windows\System32\KERNELBASE.dll
0x00007ffa60da0000 - 0x00007ffa60ea0000 	C:\Windows\System32\ucrtbase.dll
0x00007ffa46f30000 - 0x00007ffa46f48000 	c:\Users\Siva\.vscode\extensions\redhat.java-1.54.0-win32-x64\jre\21.0.10-win32-x86_64\bin\jli.dll
0x00007ffa62c00000 - 0x00007ffa62da1000 	C:\Windows\System32\USER32.dll
0x00007ffa60ea0000 - 0x00007ffa60ec2000 	C:\Windows\System32\win32u.dll
0x00007ffa63220000 - 0x00007ffa6324b000 	C:\Windows\System32\GDI32.dll
0x00007ffa60ed0000 - 0x00007ffa60fdd000 	C:\Windows\System32\gdi32full.dll
0x00007ffa615d0000 - 0x00007ffa6166d000 	C:\Windows\System32\msvcp_win.dll
0x00007ffa44b90000 - 0x00007ffa44bae000 	c:\Users\Siva\.vscode\extensions\redhat.java-1.54.0-win32-x64\jre\21.0.10-win32-x86_64\bin\VCRUNTIME140.dll
0x00007ffa4e280000 - 0x00007ffa4e51a000 	C:\Windows\WinSxS\amd64_microsoft.windows.common-controls_6595b64144ccf1df_6.0.19041.1110_none_60b5254171f9507e\COMCTL32.dll
0x00007ffa62970000 - 0x00007ffa62a0e000 	C:\Windows\System32\msvcrt.dll
0x00007ffa62130000 - 0x00007ffa62160000 	C:\Windows\System32\IMM32.DLL
0x00007ffa5c1d0000 - 0x00007ffa5c1dc000 	c:\Users\Siva\.vscode\extensions\redhat.java-1.54.0-win32-x64\jre\21.0.10-win32-x86_64\bin\vcruntime140_1.dll
0x00007ffa2fe70000 - 0x00007ffa2fefd000 	c:\Users\Siva\.vscode\extensions\redhat.java-1.54.0-win32-x64\jre\21.0.10-win32-x86_64\bin\msvcp140.dll
0x00007ff9fc730000 - 0x00007ff9fd4d1000 	c:\Users\Siva\.vscode\extensions\redhat.java-1.54.0-win32-x64\jre\21.0.10-win32-x86_64\bin\server\jvm.dll
0x00007ffa634d0000 - 0x00007ffa6357e000 	C:\Windows\System32\ADVAPI32.dll
0x00007ffa62db0000 - 0x00007ffa62e4c000 	C:\Windows\System32\sechost.dll
0x00007ffa61680000 - 0x00007ffa617a5000 	C:\Windows\System32\RPCRT4.dll
0x00007ffa62e50000 - 0x00007ffa62ebb000 	C:\Windows\System32\WS2_32.dll
0x00007ffa60300000 - 0x00007ffa6034b000 	C:\Windows\SYSTEM32\POWRPROF.dll
0x00007ffa5d600000 - 0x00007ffa5d627000 	C:\Windows\SYSTEM32\WINMM.dll
0x00007ffa4ef60000 - 0x00007ffa4ef6a000 	C:\Windows\SYSTEM32\VERSION.dll
0x00007ffa60170000 - 0x00007ffa60182000 	C:\Windows\SYSTEM32\UMPDC.dll
0x00007ffa5ec30000 - 0x00007ffa5ec42000 	C:\Windows\SYSTEM32\kernel.appcore.dll
0x00007ffa5a860000 - 0x00007ffa5a86a000 	c:\Users\Siva\.vscode\extensions\redhat.java-1.54.0-win32-x64\jre\21.0.10-win32-x86_64\bin\jimage.dll
0x00007ffa4e690000 - 0x00007ffa4e874000 	C:\Windows\SYSTEM32\DBGHELP.DLL
0x00007ffa4c1d0000 - 0x00007ffa4c1fc000 	C:\Windows\SYSTEM32\dbgcore.DLL
0x00007ffa614f0000 - 0x00007ffa61572000 	C:\Windows\System32\bcryptPrimitives.dll
0x00007ffa5a320000 - 0x00007ffa5a32f000 	c:\Users\Siva\.vscode\extensions\redhat.java-1.54.0-win32-x64\jre\21.0.10-win32-x86_64\bin\instrument.dll
0x00007ffa43bb0000 - 0x00007ffa43bd0000 	c:\Users\Siva\.vscode\extensions\redhat.java-1.54.0-win32-x64\jre\21.0.10-win32-x86_64\bin\java.dll
0x00007ffa62220000 - 0x00007ffa62964000 	C:\Windows\System32\SHELL32.dll
0x00007ffa5ee30000 - 0x00007ffa5f5c5000 	C:\Windows\SYSTEM32\windows.storage.dll
0x00007ffa62ec0000 - 0x00007ffa63215000 	C:\Windows\System32\combase.dll
0x00007ffa60790000 - 0x00007ffa607be000 	C:\Windows\SYSTEM32\Wldp.dll
0x00007ffa61ea0000 - 0x00007ffa61f4d000 	C:\Windows\System32\SHCORE.dll
0x00007ffa61e40000 - 0x00007ffa61e95000 	C:\Windows\System32\shlwapi.dll
0x00007ffa60c80000 - 0x00007ffa60c9f000 	C:\Windows\SYSTEM32\profapi.dll
0x00007ffa43ad0000 - 0x00007ffa43ae8000 	c:\Users\Siva\.vscode\extensions\redhat.java-1.54.0-win32-x64\jre\21.0.10-win32-x86_64\bin\zip.dll
0x00007ffa5a2e0000 - 0x00007ffa5a2f0000 	C:\Users\Siva\.vscode\extensions\redhat.java-1.54.0-win32-x64\jre\21.0.10-win32-x86_64\bin\net.dll
0x00007ffa515f0000 - 0x00007ffa516fc000 	C:\Windows\SYSTEM32\WINHTTP.dll
0x00007ffa604f0000 - 0x00007ffa6055a000 	C:\Windows\system32\mswsock.dll
0x00007ffa3c480000 - 0x00007ffa3c496000 	C:\Users\Siva\.vscode\extensions\redhat.java-1.54.0-win32-x64\jre\21.0.10-win32-x86_64\bin\nio.dll
0x00007ffa5a250000 - 0x00007ffa5a260000 	c:\Users\Siva\.vscode\extensions\redhat.java-1.54.0-win32-x64\jre\21.0.10-win32-x86_64\bin\verify.dll

JVMTI agents:
c:\Users\Siva\.vscode\extensions\redhat.java-1.54.0-win32-x64\lombok\lombok-1.18.39-4050.jar path:c:\Users\Siva\.vscode\extensions\redhat.java-1.54.0-win32-x64\jre\21.0.10-win32-x86_64\bin\instrument.dll, loaded, initialized, instrumentlib options:none

dbghelp: loaded successfully - version: 4.0.5 - missing functions: none
symbol engine: initialized successfully - sym options: 0x614 - pdb path: .;c:\Users\Siva\.vscode\extensions\redhat.java-1.54.0-win32-x64\jre\21.0.10-win32-x86_64\bin;C:\Windows\SYSTEM32;C:\Windows\WinSxS\amd64_microsoft.windows.common-controls_6595b64144ccf1df_6.0.19041.1110_none_60b5254171f9507e;c:\Users\Siva\.vscode\extensions\redhat.java-1.54.0-win32-x64\jre\21.0.10-win32-x86_64\bin\server

VM Arguments:
jvm_args: --add-modules=ALL-SYSTEM --add-opens=java.base/java.util=ALL-UNNAMED --add-opens=java.base/java.lang=ALL-UNNAMED --add-opens=java.base/sun.nio.fs=ALL-UNNAMED -Declipse.application=org.eclipse.jdt.ls.core.id1 -Dosgi.bundles.defaultStartLevel=4 -Declipse.product=org.eclipse.jdt.ls.core.product -Djava.import.generatesMetadataFilesAtProjectRoot=false -DDetectVMInstallationsJob.disabled=true -Dfile.encoding=utf8 -XX:+UseParallelGC -XX:GCTimeRatio=4 -XX:AdaptiveSizePolicyWeight=90 -Dsun.zip.disableMemoryMapping=true -Xmx2G -Xms100m -Xlog:disable -javaagent:c:\Users\Siva\.vscode\extensions\redhat.java-1.54.0-win32-x64\lombok\lombok-1.18.39-4050.jar -XX:+HeapDumpOnOutOfMemoryError -XX:HeapDumpPath=c:\Users\Siva\AppData\Roaming\Code\User\workspaceStorage\4f8e60674e3dc518b3742d47d5b86509\redhat.java -Daether.dependencyCollector.impl=bf -Xmx512M 
java_command: c:\Users\Siva\.vscode\extensions\redhat.java-1.54.0-win32-x64\server\plugins\org.eclipse.equinox.launcher_1.7.100.v20251111-0406.jar -configuration c:\Users\Siva\AppData\Roaming\Code\User\globalStorage\redhat.java\1.54.0\config_win -data c:\Users\Siva\AppData\Roaming\Code\User\workspaceStorage\4f8e60674e3dc518b3742d47d5b86509\redhat.java\jdt_ws --pipe=\\.\pipe\lsp-25522148ccae591ad48ed9d652ddbfb6-sock
java_class_path (initial): c:\Users\Siva\.vscode\extensions\redhat.java-1.54.0-win32-x64\server\plugins\org.eclipse.equinox.launcher_1.7.100.v20251111-0406.jar
Launcher Type: SUN_STANDARD

[Global flags]
    uintx AdaptiveSizePolicyWeight                 = 90                                        {product} {command line}
     intx CICompilerCount                          = 3                                         {product} {ergonomic}
    uintx GCTimeRatio                              = 4                                         {product} {command line}
     bool HeapDumpOnOutOfMemoryError               = true                                   {manageable} {command line}
    ccstr HeapDumpPath                             = c:\Users\Siva\AppData\Roaming\Code\User\workspaceStorage\4f8e60674e3dc518b3742d47d5b86509\redhat.java         {manageable} {command line}
   size_t InitialHeapSize                          = 104857600                                 {product} {command line}
   size_t MaxHeapSize                              = 536870912                                 {product} {command line}
   size_t MaxNewSize                               = 178782208                                 {product} {ergonomic}
   size_t MinHeapDeltaBytes                        = 524288                                    {product} {ergonomic}
   size_t MinHeapSize                              = 104857600                                 {product} {command line}
   size_t NewSize                                  = 34603008                                  {product} {ergonomic}
    uintx NonNMethodCodeHeapSize                   = 5832780                                {pd product} {ergonomic}
    uintx NonProfiledCodeHeapSize                  = 122912730                              {pd product} {ergonomic}
   size_t OldSize                                  = 70254592                                  {product} {ergonomic}
    uintx ProfiledCodeHeapSize                     = 122912730                              {pd product} {ergonomic}
    uintx ReservedCodeCacheSize                    = 251658240                              {pd product} {ergonomic}
     bool SegmentedCodeCache                       = true                                      {product} {ergonomic}
   size_t SoftMaxHeapSize                          = 536870912                              {manageable} {ergonomic}
     bool UseCompressedOops                        = true                           {product lp64_product} {ergonomic}
     bool UseLargePagesIndividualAllocation        = false                                  {pd product} {ergonomic}
     bool UseParallelGC                            = true                                      {product} {command line}

Logging:
Log output configuration:
 #0: stdout all=off uptime,level,tags foldmultilines=false
 #1: stderr all=off uptime,level,tags foldmultilines=false

Release file:
<release file has not been read>
Environment Variables:
JAVA_HOME=D:\jdk
_JAVA_OPTIONS=-Xmx512M
PATH=C:\Program Files\Common Files\Oracle\Java\javapath;C:\Program Files (x86)\Common Files\Oracle\Java\java8path;C:\Program Files (x86)\Common Files\Oracle\Java\javapath;C:\Program Files\Java\jdk-22\bin;C:\Windows\system32;C:\Windows;C:\Windows\System32\Wbem;C:\Windows\System32\WindowsPowerShell\v1.0\;C:\Windows\System32\OpenSSH\;C:\Program Files\dotnet\;C:\Program Files\nodejs\;C:\Users\Siva\OneDrive\Documents\mongosh-2.3.7-win32-x64\bin;C:\Program Files\Java\jdk-22\bin;C:\Program Files\Java\jdk-22\bin;D:\jdk;D:\java\bin;D:\jdk\bin;C:\Users\Siva\AppData\Local\Programs\Python\Launcher\;C:\Users\Siva\AppData\Local\Microsoft\WindowsApps;C:\Users\Siva\AppData\Roaming\npm;C:\Users\Siva\AppData\Local\Programs\Git\cmd;C:\Users\Siva\AppData\Local\Programs\Microsoft VS Code\bin;D:\cursor\resources\app\bin;D:\Antigravity\bin
USERNAME=Siva
OS=Windows_NT
PROCESSOR_IDENTIFIER=Intel64 Family 6 Model 69 Stepping 1, GenuineIntel
TMP=C:\Users\Siva\AppData\Local\Temp
TEMP=C:\Users\Siva\AppData\Local\Temp




Periodic native trim disabled

---------------  S Y S T E M  ---------------

OS:
 Windows 10 , 64 bit Build 19041 (10.0.19041.1466)
OS uptime: 31 days 16:05 hours

CPU: total 4 (initial active 4) (2 cores per cpu, 2 threads per core) family 6 model 69 stepping 1 microcode 0x25, cx8, cmov, fxsr, ht, mmx, sse, sse2, sse3, ssse3, sse4.1, sse4.2, popcnt, lzcnt, tsc, tscinvbit, avx, avx2, aes, erms, clmul, bmi1, bmi2, fma, vzeroupper, clflush, rdtscp, f16c
Processor Information for the first 4 processors :
  Max Mhz: 2401, Current Mhz: 2401, Mhz Limit: 2401

Memory: 4k page, system-wide physical 8097M (676M free)
TotalPageFile size 11289M (AvailPageFile size 9M)
current process WorkingSet (physical memory assigned to process): 43M, peak: 43M
current process commit charge ("private bytes"): 160M, peak: 160M

vm_info: OpenJDK 64-Bit Server VM (21.0.10+7-LTS) for windows-amd64 JRE (21.0.10+7-LTS), built on 2026-01-20T00:00:00Z by "admin" with MS VC++ 17.12 (VS2022)

END.
