#
# There is insufficient memory for the Java Runtime Environment to continue.
# Native memory allocation (malloc) failed to allocate 410896 bytes. Error detail: Chunk::new
# Possible reasons:
#   The system is out of physical RAM or swap space
#   This process is running with CompressedOops enabled, and the Java Heap may be blocking the growth of the native heap
# Possible solutions:
#   Reduce memory load on the system
#   Increase physical memory or swap space
#   Check if swap backing store is full
#   Decrease Java heap size (-Xmx/-Xms)
#   Decrease number of Java threads
#   Decrease Java thread stack sizes (-Xss)
#   Set larger code cache with -XX:ReservedCodeCacheSize=
#   JVM is running with Unscaled Compressed Oops mode in which the Java heap is
#     placed in the first 4GB address space. The Java Heap base address is the
#     maximum limit for the native heap growth. Please use -XX:HeapBaseMinAddress
#     to set the Java Heap base and to place the Java Heap above 4GB virtual address.
# This output file may be truncated or incomplete.
#
#  Out of Memory Error (arena.cpp:168), pid=1816, tid=8560
#
# JRE version: OpenJDK Runtime Environment Temurin-21.0.10+7 (21.0.10+7) (build 21.0.10+7-LTS)
# Java VM: OpenJDK 64-Bit Server VM Temurin-21.0.10+7 (21.0.10+7-LTS, mixed mode, sharing, tiered, compressed oops, compressed class ptrs, parallel gc, windows-amd64)
# No core dump will be written. Minidumps are not enabled by default on client versions of Windows
#

---------------  S U M M A R Y ------------

Command Line: --add-modules=ALL-SYSTEM --add-opens=java.base/java.util=ALL-UNNAMED --add-opens=java.base/java.lang=ALL-UNNAMED --add-opens=java.base/sun.nio.fs=ALL-UNNAMED -Declipse.application=org.eclipse.jdt.ls.core.id1 -Dosgi.bundles.defaultStartLevel=4 -Declipse.product=org.eclipse.jdt.ls.core.product -Djava.import.generatesMetadataFilesAtProjectRoot=false -DDetectVMInstallationsJob.disabled=true -Dfile.encoding=utf8 -XX:+UseParallelGC -XX:GCTimeRatio=4 -XX:AdaptiveSizePolicyWeight=90 -Dsun.zip.disableMemoryMapping=true -Xmx2G -Xms100m -Xlog:disable -javaagent:c:\Users\Siva\.vscode\extensions\redhat.java-1.54.0-win32-x64\lombok\lombok-1.18.39-4050.jar -Xmx512M c:\Users\Siva\.vscode\extensions\redhat.java-1.54.0-win32-x64\server\plugins\org.eclipse.equinox.launcher_1.7.100.v20251111-0406.jar -configuration c:\Users\Siva\AppData\Roaming\Code\User\globalStorage\redhat.java\1.54.0\config_ss_win -data c:\Users\Siva\AppData\Roaming\Code\User\workspaceStorage\4f8e60674e3dc518b3742d47d5b86509\redhat.java\ss_ws --pipe=\\.\pipe\lsp-c6e18165eb58833fcbf72a4ccaf953a0-sock

Host: Intel(R) Core(TM) i5-4210U CPU @ 1.70GHz, 4 cores, 7G,  Windows 10 , 64 bit Build 19041 (10.0.19041.1466)
Time: Sun May 10 23:33:24 2026 India Standard Time elapsed time: 15.943636 seconds (0d 0h 0m 15s)

---------------  T H R E A D  ---------------

Current thread (0x000001a84d500090):  JavaThread "C2 CompilerThread0" daemon [_thread_in_native, id=8560, stack(0x0000003952600000,0x0000003952700000) (1024K)]


Current CompileTask:
C2:15943 4923       4       org.eclipse.osgi.internal.loader.BundleLoader::searchHooks (192 bytes)

Stack: [0x0000003952600000,0x0000003952700000]
Native frames: (J=compiled Java code, j=interpreted, Vv=VM code, C=native code)
V  [jvm.dll+0x6d7a39]
V  [jvm.dll+0x8b4b26]
V  [jvm.dll+0x8b70de]
V  [jvm.dll+0x8b77c3]
V  [jvm.dll+0x284346]
V  [jvm.dll+0xc66ed]
V  [jvm.dll+0xc6c31]
V  [jvm.dll+0x3bec01]
V  [jvm.dll+0x38b162]
V  [jvm.dll+0x38a5aa]
V  [jvm.dll+0x24c560]
V  [jvm.dll+0x24bb40]
V  [jvm.dll+0x1cb34e]
V  [jvm.dll+0x25b85d]
V  [jvm.dll+0x259dea]
V  [jvm.dll+0x3f857e]
V  [jvm.dll+0x85f59d]
V  [jvm.dll+0x6d626d]
C  [ucrtbase.dll+0x21bb2]
C  [KERNEL32.DLL+0x17034]
C  [ntdll.dll+0x52651]


---------------  P R O C E S S  ---------------

Threads class SMR info:
_java_thread_list=0x000001a86805a820, length=31, elements={
0x000001a84d758410, 0x000001a84d4f4c10, 0x000001a84d4f71d0, 0x000001a84d4fb020,
0x000001a84d4fbc80, 0x000001a84d4fe7f0, 0x000001a84d4ff250, 0x000001a84d500090,
0x000001a84d56e260, 0x000001a8616a68a0, 0x000001a861922120, 0x000001a86655c6f0,
0x000001a8669aa8d0, 0x000001a8669aaf40, 0x000001a8669a5140, 0x000001a866a3e8a0,
0x000001a8666a0090, 0x000001a866abaf60, 0x000001a866aae4a0, 0x000001a866aaeb30,
0x000001a866aaf1c0, 0x000001a866aade10, 0x000001a8671d14e0, 0x000001a8671d07c0,
0x000001a8671ced80, 0x000001a8671d0e50, 0x000001a8671d4ff0, 0x000001a8671d2200,
0x000001a8671d1b70, 0x000001a8671d4960, 0x000001a861782320
}

Java Threads: ( => current thread )
  0x000001a84d758410 JavaThread "main"                              [_thread_blocked, id=3668, stack(0x0000003951c00000,0x0000003951d00000) (1024K)]
  0x000001a84d4f4c10 JavaThread "Reference Handler"          daemon [_thread_blocked, id=15680, stack(0x0000003952000000,0x0000003952100000) (1024K)]
  0x000001a84d4f71d0 JavaThread "Finalizer"                  daemon [_thread_blocked, id=9384, stack(0x0000003952100000,0x0000003952200000) (1024K)]
  0x000001a84d4fb020 JavaThread "Signal Dispatcher"          daemon [_thread_blocked, id=13940, stack(0x0000003952200000,0x0000003952300000) (1024K)]
  0x000001a84d4fbc80 JavaThread "Attach Listener"            daemon [_thread_blocked, id=1512, stack(0x0000003952300000,0x0000003952400000) (1024K)]
  0x000001a84d4fe7f0 JavaThread "Service Thread"             daemon [_thread_blocked, id=7660, stack(0x0000003952400000,0x0000003952500000) (1024K)]
  0x000001a84d4ff250 JavaThread "Monitor Deflation Thread"   daemon [_thread_blocked, id=9956, stack(0x0000003952500000,0x0000003952600000) (1024K)]
=>0x000001a84d500090 JavaThread "C2 CompilerThread0"         daemon [_thread_in_native, id=8560, stack(0x0000003952600000,0x0000003952700000) (1024K)]
  0x000001a84d56e260 JavaThread "C1 CompilerThread0"         daemon [_thread_blocked, id=9668, stack(0x0000003952700000,0x0000003952800000) (1024K)]
  0x000001a8616a68a0 JavaThread "Common-Cleaner"             daemon [_thread_blocked, id=220, stack(0x0000003952800000,0x0000003952900000) (1024K)]
  0x000001a861922120 JavaThread "Notification Thread"        daemon [_thread_blocked, id=12132, stack(0x0000003952a00000,0x0000003952b00000) (1024K)]
  0x000001a86655c6f0 JavaThread "Active Thread: Equinox Container: 42c6f3ea-207b-424c-b48d-e9a07bc0e559"        [_thread_blocked, id=6764, stack(0x0000003952e00000,0x0000003952f00000) (1024K)]
  0x000001a8669aa8d0 JavaThread "Framework Event Dispatcher: Equinox Container: 42c6f3ea-207b-424c-b48d-e9a07bc0e559" daemon [_thread_blocked, id=2240, stack(0x0000003952f00000,0x0000003953000000) (1024K)]
  0x000001a8669aaf40 JavaThread "Start Level: Equinox Container: 42c6f3ea-207b-424c-b48d-e9a07bc0e559" daemon [_thread_blocked, id=1132, stack(0x0000003953000000,0x0000003953100000) (1024K)]
  0x000001a8669a5140 JavaThread "SCR Component Actor"        daemon [_thread_blocked, id=5468, stack(0x0000003952900000,0x0000003952a00000) (1024K)]
  0x000001a866a3e8a0 JavaThread "Worker-JM"                         [_thread_blocked, id=13356, stack(0x0000003953200000,0x0000003953300000) (1024K)]
  0x000001a8666a0090 JavaThread "JNA Cleaner"                daemon [_thread_blocked, id=15640, stack(0x0000003953100000,0x0000003953200000) (1024K)]
  0x000001a866abaf60 JavaThread "Worker-0"                          [_thread_blocked, id=12336, stack(0x0000003953300000,0x0000003953400000) (1024K)]
  0x000001a866aae4a0 JavaThread "Worker-1"                          [_thread_blocked, id=15412, stack(0x0000003953400000,0x0000003953500000) (1024K)]
  0x000001a866aaeb30 JavaThread "Thread-1"                   daemon [_thread_in_native, id=9040, stack(0x0000003953800000,0x0000003953900000) (1024K)]
  0x000001a866aaf1c0 JavaThread "Thread-2"                   daemon [_thread_in_native, id=9720, stack(0x0000003953900000,0x0000003953a00000) (1024K)]
  0x000001a866aade10 JavaThread "Thread-3"                   daemon [_thread_in_native, id=5044, stack(0x0000003953a00000,0x0000003953b00000) (1024K)]
  0x000001a8671d14e0 JavaThread "Thread-4"                   daemon [_thread_in_native, id=7300, stack(0x0000003953b00000,0x0000003953c00000) (1024K)]
  0x000001a8671d07c0 JavaThread "Thread-5"                   daemon [_thread_in_native, id=7432, stack(0x0000003953c00000,0x0000003953d00000) (1024K)]
  0x000001a8671ced80 JavaThread "pool-2-thread-1"                   [_thread_blocked, id=16876, stack(0x0000003953d00000,0x0000003953e00000) (1024K)]
  0x000001a8671d0e50 JavaThread "Worker-2"                          [_thread_blocked, id=15600, stack(0x0000003953e00000,0x0000003953f00000) (1024K)]
  0x000001a8671d4ff0 JavaThread "WorkspaceEventsHandler"            [_thread_blocked, id=11436, stack(0x0000003953500000,0x0000003953600000) (1024K)]
  0x000001a8671d2200 JavaThread "pool-1-thread-1"                   [_thread_in_vm, id=16948, stack(0x0000003953f00000,0x0000003954000000) (1024K)]
  0x000001a8671d1b70 JavaThread "ForkJoinPool.commonPool-worker-1" daemon [_thread_blocked, id=6756, stack(0x0000003954000000,0x0000003954100000) (1024K)]
  0x000001a8671d4960 JavaThread "ForkJoinPool.commonPool-worker-2" daemon [_thread_blocked, id=10232, stack(0x0000003954100000,0x0000003954200000) (1024K)]
  0x000001a861782320 JavaThread "C2 CompilerThread1"         daemon [_thread_in_native, id=9684, stack(0x0000003954200000,0x0000003954300000) (1024K)]
Total: 31

Other Threads:
  0x000001a84d4d6fe0 VMThread "VM Thread"                           [id=13240, stack(0x0000003951f00000,0x0000003952000000) (1024K)]
  0x000001a84d451b10 WatcherThread "VM Periodic Task Thread"        [id=1672, stack(0x0000003951e00000,0x0000003951f00000) (1024K)]
  0x000001a84d7763b0 WorkerThread "GC Thread#0"                     [id=3648, stack(0x0000003951d00000,0x0000003951e00000) (1024K)]
  0x000001a8667c97b0 WorkerThread "GC Thread#1"                     [id=14352, stack(0x0000003952b00000,0x0000003952c00000) (1024K)]
  0x000001a8667c9400 WorkerThread "GC Thread#2"                     [id=2300, stack(0x0000003952c00000,0x0000003952d00000) (1024K)]
  0x000001a8667c9b60 WorkerThread "GC Thread#3"                     [id=9912, stack(0x0000003952d00000,0x0000003952e00000) (1024K)]
Total: 6

Threads with active compile tasks:
C2 CompilerThread0  15989 4923       4       org.eclipse.osgi.internal.loader.BundleLoader::searchHooks (192 bytes)
C2 CompilerThread1  15989 4891       4       org.lombokweb.asm.ClassReader::readMethod (1070 bytes)
Total: 2

VM state: not at safepoint (normal execution)

VM Mutex/Monitor currently owned by a thread: None

Heap address: 0x00000000e0000000, size: 512 MB, Compressed Oops mode: 32-bit

CDS archive(s) mapped at: [0x000001a800000000-0x000001a800ba0000-0x000001a800ba0000), size 12189696, SharedBaseAddress: 0x000001a800000000, ArchiveRelocationMode: 1.
Compressed class space mapped at: 0x000001a801000000-0x000001a841000000, reserved size: 1073741824
Narrow klass base: 0x000001a800000000, Narrow klass shift: 0, Narrow klass range: 0x100000000

GC Precious Log:
 CardTable entry size: 512
 CPUs: 4 total, 4 available
 Memory: 8097M
 Large Page Support: Disabled
 NUMA Support: Disabled
 Compressed Oops: Enabled (32-bit)
 Alignments: Space 512K, Generation 512K, Heap 2M
 Heap Min Capacity: 100M
 Heap Initial Capacity: 100M
 Heap Max Capacity: 512M
 Pre-touch: Disabled
 Parallel Workers: 4

Heap:
 PSYoungGen      total 21504K, used 18420K [0x00000000f5580000, 0x00000000f6c00000, 0x0000000100000000)
  eden space 20480K, 87% used [0x00000000f5580000,0x00000000f66fabb8,0x00000000f6980000)
  from space 1024K, 50% used [0x00000000f6b00000,0x00000000f6b826d8,0x00000000f6c00000)
  to   space 1024K, 0% used [0x00000000f6980000,0x00000000f6980000,0x00000000f6a80000)
 ParOldGen       total 68608K, used 28665K [0x00000000e0000000, 0x00000000e4300000, 0x00000000f5580000)
  object space 68608K, 41% used [0x00000000e0000000,0x00000000e1bfe5e0,0x00000000e4300000)
 Metaspace       used 37509K, committed 38528K, reserved 1114112K
  class space    used 3824K, committed 4288K, reserved 1048576K

Card table byte_map: [0x000001a84d110000,0x000001a84d220000] _byte_map_base: 0x000001a84ca10000

Marking Bits: (ParMarkBitMap*) 0x00007ff9fd3f3450
 Begin Bits: [0x000001a85f970000, 0x000001a860170000)
 End Bits:   [0x000001a860170000, 0x000001a860970000)

Polling page: 0x000001a84b430000

Metaspace:

Usage:
  Non-class:     32.90 MB used.
      Class:      3.73 MB used.
       Both:     36.63 MB used.

Virtual space:
  Non-class space:       64.00 MB reserved,      33.44 MB ( 52%) committed,  1 nodes.
      Class space:        1.00 GB reserved,       4.19 MB ( <1%) committed,  1 nodes.
             Both:        1.06 GB reserved,      37.62 MB (  3%) committed. 

Chunk freelists:
   Non-Class:  14.39 MB
       Class:  11.86 MB
        Both:  26.25 MB

MaxMetaspaceSize: unlimited
CompressedClassSpaceSize: 1.00 GB
Initial GC threshold: 21.00 MB
Current GC threshold: 58.38 MB
CDS: on
 - commit_granule_bytes: 65536.
 - commit_granule_words: 8192.
 - virtual_space_node_default_size: 8388608.
 - enlarge_chunks_in_place: 1.
 - use_allocation_guard: 0.


Internal statistics:

num_allocs_failed_limit: 6.
num_arena_births: 750.
num_arena_deaths: 58.
num_vsnodes_births: 2.
num_vsnodes_deaths: 0.
num_space_committed: 602.
num_space_uncommitted: 0.
num_chunks_returned_to_freelist: 80.
num_chunks_taken_from_freelist: 2309.
num_chunk_merges: 22.
num_chunk_splits: 1465.
num_chunks_enlarged: 932.
num_inconsistent_stats: 0.

CodeHeap 'non-profiled nmethods': size=120000Kb used=2654Kb max_used=2681Kb free=117345Kb
 bounds [0x000001a858440000, 0x000001a858700000, 0x000001a85f970000]
CodeHeap 'profiled nmethods': size=120000Kb used=9000Kb max_used=9629Kb free=110999Kb
 bounds [0x000001a850970000, 0x000001a8512e0000, 0x000001a857ea0000]
CodeHeap 'non-nmethods': size=5760Kb used=1376Kb max_used=1427Kb free=4383Kb
 bounds [0x000001a857ea0000, 0x000001a858110000, 0x000001a858440000]
CodeCache: size=245760Kb, used=13030Kb, max_used=13737Kb, free=232727Kb
 total_blobs=5213, nmethods=4536, adapters=583, full_count=0
Compilation: enabled, stopped_count=0, restarted_count=0

Compilation events (20 events):
Event: 15.640 Thread 0x000001a84d500090 nmethod 4888% 0x000001a8586ece10 code [0x000001a8586ed4c0, 0x000001a8586f6bf0]
Event: 15.640 Thread 0x000001a84d500090 4913       4       org.lombokweb.asm.SymbolTable::addConstantMemberReference (147 bytes)
Event: 15.659 Thread 0x000001a84d500090 nmethod 4913 0x000001a8584adf90 code [0x000001a8584ae1c0, 0x000001a8584aec30]
Event: 15.659 Thread 0x000001a84d500090 4899       4       org.lombokweb.asm.MethodWriter::canCopyMethodAttributes (163 bytes)
Event: 15.668 Thread 0x000001a84d500090 nmethod 4899 0x000001a8584b7990 code [0x000001a8584b7b60, 0x000001a8584b7ec8]
Event: 15.668 Thread 0x000001a84d500090 4889       4       org.lombokweb.asm.MethodWriter::visitVarInsn (302 bytes)
Event: 15.675 Thread 0x000001a84d500090 nmethod 4889 0x000001a85847bd90 code [0x000001a85847bf80, 0x000001a85847c4c8]
Event: 15.675 Thread 0x000001a84d500090 4890       4       org.lombokweb.asm.MethodVisitor::visitVarInsn (17 bytes)
Event: 15.683 Thread 0x000001a84d500090 nmethod 4890 0x000001a85844e910 code [0x000001a85844eb00, 0x000001a85844f0a0]
Event: 15.683 Thread 0x000001a84d500090 4920       4       java.util.regex.Pattern$GroupHead::match (47 bytes)
Event: 15.685 Thread 0x000001a84d500090 nmethod 4920 0x000001a858473210 code [0x000001a8584733a0, 0x000001a858473520]
Event: 15.685 Thread 0x000001a84d500090 4903       4       org.lombokweb.asm.ClassReader::createDebugLabel (23 bytes)
Event: 15.688 Thread 0x000001a84d500090 nmethod 4903 0x000001a858540710 code [0x000001a8585408a0, 0x000001a858540a18]
Event: 15.688 Thread 0x000001a84d500090 4902       4       lombok.patcher.MethodTarget::matches (29 bytes)
Event: 15.716 Thread 0x000001a84d500090 nmethod 4902 0x000001a858519b90 code [0x000001a858519d60, 0x000001a85851a578]
Event: 15.716 Thread 0x000001a84d500090 4904       4       org.lombokweb.asm.ByteVector::put12 (64 bytes)
Event: 15.719 Thread 0x000001a84d500090 nmethod 4904 0x000001a8584bab10 code [0x000001a8584bacc0, 0x000001a8584baeb0]
Event: 15.719 Thread 0x000001a84d500090 4914       4       org.lombokweb.asm.MethodWriter::setMethodAttributesSource (17 bytes)
Event: 15.720 Thread 0x000001a84d500090 nmethod 4914 0x000001a85844e610 code [0x000001a85844e7a0, 0x000001a85844e838]
Event: 15.867 Thread 0x000001a84d500090 4923       4       org.eclipse.osgi.internal.loader.BundleLoader::searchHooks (192 bytes)

GC Heap History (20 events):
Event: 12.062 GC heap before
{Heap before GC invocations=13 (full 1):
 PSYoungGen      total 24576K, used 24416K [0x00000000f5580000, 0x00000000f7180000, 0x0000000100000000)
  eden space 22016K, 100% used [0x00000000f5580000,0x00000000f6b00000,0x00000000f6b00000)
  from space 2560K, 93% used [0x00000000f6c00000,0x00000000f6e58010,0x00000000f6e80000)
  to   space 2560K, 0% used [0x00000000f6f00000,0x00000000f6f00000,0x00000000f7180000)
 ParOldGen       total 68608K, used 15510K [0x00000000e0000000, 0x00000000e4300000, 0x00000000f5580000)
  object space 68608K, 22% used [0x00000000e0000000,0x00000000e0f25bd0,0x00000000e4300000)
 Metaspace       used 32498K, committed 33536K, reserved 1114112K
  class space    used 3288K, committed 3712K, reserved 1048576K
}
Event: 12.068 GC heap after
{Heap after GC invocations=13 (full 1):
 PSYoungGen      total 23040K, used 2545K [0x00000000f5580000, 0x00000000f7600000, 0x0000000100000000)
  eden space 20480K, 0% used [0x00000000f5580000,0x00000000f5580000,0x00000000f6980000)
  from space 2560K, 99% used [0x00000000f6f00000,0x00000000f717c460,0x00000000f7180000)
  to   space 5632K, 0% used [0x00000000f6980000,0x00000000f6980000,0x00000000f6f00000)
 ParOldGen       total 68608K, used 17846K [0x00000000e0000000, 0x00000000e4300000, 0x00000000f5580000)
  object space 68608K, 26% used [0x00000000e0000000,0x00000000e116dbe0,0x00000000e4300000)
 Metaspace       used 32498K, committed 33536K, reserved 1114112K
  class space    used 3288K, committed 3712K, reserved 1048576K
}
Event: 12.256 GC heap before
{Heap before GC invocations=14 (full 1):
 PSYoungGen      total 23040K, used 23025K [0x00000000f5580000, 0x00000000f7600000, 0x0000000100000000)
  eden space 20480K, 100% used [0x00000000f5580000,0x00000000f6980000,0x00000000f6980000)
  from space 2560K, 99% used [0x00000000f6f00000,0x00000000f717c460,0x00000000f7180000)
  to   space 5632K, 0% used [0x00000000f6980000,0x00000000f6980000,0x00000000f6f00000)
 ParOldGen       total 68608K, used 17846K [0x00000000e0000000, 0x00000000e4300000, 0x00000000f5580000)
  object space 68608K, 26% used [0x00000000e0000000,0x00000000e116dbe0,0x00000000e4300000)
 Metaspace       used 32524K, committed 33536K, reserved 1114112K
  class space    used 3288K, committed 3712K, reserved 1048576K
}
Event: 12.264 GC heap after
{Heap after GC invocations=14 (full 1):
 PSYoungGen      total 23040K, used 2306K [0x00000000f5580000, 0x00000000f7080000, 0x0000000100000000)
  eden space 20480K, 0% used [0x00000000f5580000,0x00000000f5580000,0x00000000f6980000)
  from space 2560K, 90% used [0x00000000f6980000,0x00000000f6bc0800,0x00000000f6c00000)
  to   space 3584K, 0% used [0x00000000f6d00000,0x00000000f6d00000,0x00000000f7080000)
 ParOldGen       total 68608K, used 20301K [0x00000000e0000000, 0x00000000e4300000, 0x00000000f5580000)
  object space 68608K, 29% used [0x00000000e0000000,0x00000000e13d35e0,0x00000000e4300000)
 Metaspace       used 32524K, committed 33536K, reserved 1114112K
  class space    used 3288K, committed 3712K, reserved 1048576K
}
Event: 12.395 GC heap before
{Heap before GC invocations=15 (full 1):
 PSYoungGen      total 23040K, used 22786K [0x00000000f5580000, 0x00000000f7080000, 0x0000000100000000)
  eden space 20480K, 100% used [0x00000000f5580000,0x00000000f6980000,0x00000000f6980000)
  from space 2560K, 90% used [0x00000000f6980000,0x00000000f6bc0800,0x00000000f6c00000)
  to   space 3584K, 0% used [0x00000000f6d00000,0x00000000f6d00000,0x00000000f7080000)
 ParOldGen       total 68608K, used 20301K [0x00000000e0000000, 0x00000000e4300000, 0x00000000f5580000)
  object space 68608K, 29% used [0x00000000e0000000,0x00000000e13d35e0,0x00000000e4300000)
 Metaspace       used 32541K, committed 33536K, reserved 1114112K
  class space    used 3288K, committed 3712K, reserved 1048576K
}
Event: 12.405 GC heap after
{Heap after GC invocations=15 (full 1):
 PSYoungGen      total 23040K, used 2244K [0x00000000f5580000, 0x00000000f6f80000, 0x0000000100000000)
  eden space 20480K, 0% used [0x00000000f5580000,0x00000000f5580000,0x00000000f6980000)
  from space 2560K, 87% used [0x00000000f6d00000,0x00000000f6f31000,0x00000000f6f80000)
  to   space 2560K, 0% used [0x00000000f6980000,0x00000000f6980000,0x00000000f6c00000)
 ParOldGen       total 68608K, used 22427K [0x00000000e0000000, 0x00000000e4300000, 0x00000000f5580000)
  object space 68608K, 32% used [0x00000000e0000000,0x00000000e15e6f90,0x00000000e4300000)
 Metaspace       used 32541K, committed 33536K, reserved 1114112K
  class space    used 3288K, committed 3712K, reserved 1048576K
}
Event: 12.652 GC heap before
{Heap before GC invocations=16 (full 1):
 PSYoungGen      total 23040K, used 22724K [0x00000000f5580000, 0x00000000f6f80000, 0x0000000100000000)
  eden space 20480K, 100% used [0x00000000f5580000,0x00000000f6980000,0x00000000f6980000)
  from space 2560K, 87% used [0x00000000f6d00000,0x00000000f6f31000,0x00000000f6f80000)
  to   space 2560K, 0% used [0x00000000f6980000,0x00000000f6980000,0x00000000f6c00000)
 ParOldGen       total 68608K, used 22427K [0x00000000e0000000, 0x00000000e4300000, 0x00000000f5580000)
  object space 68608K, 32% used [0x00000000e0000000,0x00000000e15e6f90,0x00000000e4300000)
 Metaspace       used 32642K, committed 33600K, reserved 1114112K
  class space    used 3289K, committed 3712K, reserved 1048576K
}
Event: 12.658 GC heap after
{Heap after GC invocations=16 (full 1):
 PSYoungGen      total 23040K, used 2336K [0x00000000f5580000, 0x00000000f6e80000, 0x0000000100000000)
  eden space 20480K, 0% used [0x00000000f5580000,0x00000000f5580000,0x00000000f6980000)
  from space 2560K, 91% used [0x00000000f6980000,0x00000000f6bc8010,0x00000000f6c00000)
  to   space 2560K, 0% used [0x00000000f6c00000,0x00000000f6c00000,0x00000000f6e80000)
 ParOldGen       total 68608K, used 24625K [0x00000000e0000000, 0x00000000e4300000, 0x00000000f5580000)
  object space 68608K, 35% used [0x00000000e0000000,0x00000000e180c5b8,0x00000000e4300000)
 Metaspace       used 32642K, committed 33600K, reserved 1114112K
  class space    used 3289K, committed 3712K, reserved 1048576K
}
Event: 12.819 GC heap before
{Heap before GC invocations=17 (full 1):
 PSYoungGen      total 23040K, used 22816K [0x00000000f5580000, 0x00000000f6e80000, 0x0000000100000000)
  eden space 20480K, 100% used [0x00000000f5580000,0x00000000f6980000,0x00000000f6980000)
  from space 2560K, 91% used [0x00000000f6980000,0x00000000f6bc8010,0x00000000f6c00000)
  to   space 2560K, 0% used [0x00000000f6c00000,0x00000000f6c00000,0x00000000f6e80000)
 ParOldGen       total 68608K, used 24625K [0x00000000e0000000, 0x00000000e4300000, 0x00000000f5580000)
  object space 68608K, 35% used [0x00000000e0000000,0x00000000e180c5b8,0x00000000e4300000)
 Metaspace       used 32756K, committed 33792K, reserved 1114112K
  class space    used 3303K, committed 3712K, reserved 1048576K
}
Event: 12.828 GC heap after
{Heap after GC invocations=17 (full 1):
 PSYoungGen      total 23040K, used 2151K [0x00000000f5580000, 0x00000000f6e80000, 0x0000000100000000)
  eden space 20480K, 0% used [0x00000000f5580000,0x00000000f5580000,0x00000000f6980000)
  from space 2560K, 84% used [0x00000000f6c00000,0x00000000f6e19fc8,0x00000000f6e80000)
  to   space 2560K, 0% used [0x00000000f6980000,0x00000000f6980000,0x00000000f6c00000)
 ParOldGen       total 68608K, used 26905K [0x00000000e0000000, 0x00000000e4300000, 0x00000000f5580000)
  object space 68608K, 39% used [0x00000000e0000000,0x00000000e1a465c8,0x00000000e4300000)
 Metaspace       used 32756K, committed 33792K, reserved 1114112K
  class space    used 3303K, committed 3712K, reserved 1048576K
}
Event: 13.719 GC heap before
{Heap before GC invocations=18 (full 1):
 PSYoungGen      total 23040K, used 22631K [0x00000000f5580000, 0x00000000f6e80000, 0x0000000100000000)
  eden space 20480K, 100% used [0x00000000f5580000,0x00000000f6980000,0x00000000f6980000)
  from space 2560K, 84% used [0x00000000f6c00000,0x00000000f6e19fc8,0x00000000f6e80000)
  to   space 2560K, 0% used [0x00000000f6980000,0x00000000f6980000,0x00000000f6c00000)
 ParOldGen       total 68608K, used 26905K [0x00000000e0000000, 0x00000000e4300000, 0x00000000f5580000)
  object space 68608K, 39% used [0x00000000e0000000,0x00000000e1a465c8,0x00000000e4300000)
 Metaspace       used 34664K, committed 35712K, reserved 1114112K
  class space    used 3570K, committed 4032K, reserved 1048576K
}
Event: 13.724 GC heap after
{Heap after GC invocations=18 (full 1):
 PSYoungGen      total 21504K, used 664K [0x00000000f5580000, 0x00000000f6c80000, 0x0000000100000000)
  eden space 20480K, 0% used [0x00000000f5580000,0x00000000f5580000,0x00000000f6980000)
  from space 1024K, 64% used [0x00000000f6980000,0x00000000f6a262e8,0x00000000f6a80000)
  to   space 1536K, 0% used [0x00000000f6b00000,0x00000000f6b00000,0x00000000f6c80000)
 ParOldGen       total 68608K, used 28742K [0x00000000e0000000, 0x00000000e4300000, 0x00000000f5580000)
  object space 68608K, 41% used [0x00000000e0000000,0x00000000e1c11a58,0x00000000e4300000)
 Metaspace       used 34664K, committed 35712K, reserved 1114112K
  class space    used 3570K, committed 4032K, reserved 1048576K
}
Event: 13.830 GC heap before
{Heap before GC invocations=19 (full 1):
 PSYoungGen      total 21504K, used 3846K [0x00000000f5580000, 0x00000000f6c80000, 0x0000000100000000)
  eden space 20480K, 15% used [0x00000000f5580000,0x00000000f589b818,0x00000000f6980000)
  from space 1024K, 64% used [0x00000000f6980000,0x00000000f6a262e8,0x00000000f6a80000)
  to   space 1536K, 0% used [0x00000000f6b00000,0x00000000f6b00000,0x00000000f6c80000)
 ParOldGen       total 68608K, used 28742K [0x00000000e0000000, 0x00000000e4300000, 0x00000000f5580000)
  object space 68608K, 41% used [0x00000000e0000000,0x00000000e1c11a58,0x00000000e4300000)
 Metaspace       used 34803K, committed 35840K, reserved 1114112K
  class space    used 3584K, committed 4032K, reserved 1048576K
}
Event: 13.831 GC heap after
{Heap after GC invocations=19 (full 1):
 PSYoungGen      total 20992K, used 269K [0x00000000f5580000, 0x00000000f6b80000, 0x0000000100000000)
  eden space 20480K, 0% used [0x00000000f5580000,0x00000000f5580000,0x00000000f6980000)
  from space 512K, 52% used [0x00000000f6b00000,0x00000000f6b436f0,0x00000000f6b80000)
  to   space 1024K, 0% used [0x00000000f6980000,0x00000000f6980000,0x00000000f6a80000)
 ParOldGen       total 68608K, used 29377K [0x00000000e0000000, 0x00000000e4300000, 0x00000000f5580000)
  object space 68608K, 42% used [0x00000000e0000000,0x00000000e1cb04c8,0x00000000e4300000)
 Metaspace       used 34803K, committed 35840K, reserved 1114112K
  class space    used 3584K, committed 4032K, reserved 1048576K
}
Event: 13.831 GC heap before
{Heap before GC invocations=20 (full 2):
 PSYoungGen      total 20992K, used 269K [0x00000000f5580000, 0x00000000f6b80000, 0x0000000100000000)
  eden space 20480K, 0% used [0x00000000f5580000,0x00000000f5580000,0x00000000f6980000)
  from space 512K, 52% used [0x00000000f6b00000,0x00000000f6b436f0,0x00000000f6b80000)
  to   space 1024K, 0% used [0x00000000f6980000,0x00000000f6980000,0x00000000f6a80000)
 ParOldGen       total 68608K, used 29377K [0x00000000e0000000, 0x00000000e4300000, 0x00000000f5580000)
  object space 68608K, 42% used [0x00000000e0000000,0x00000000e1cb04c8,0x00000000e4300000)
 Metaspace       used 34803K, committed 35840K, reserved 1114112K
  class space    used 3584K, committed 4032K, reserved 1048576K
}
Event: 13.949 GC heap after
{Heap after GC invocations=20 (full 2):
 PSYoungGen      total 20992K, used 0K [0x00000000f5580000, 0x00000000f6b80000, 0x0000000100000000)
  eden space 20480K, 0% used [0x00000000f5580000,0x00000000f5580000,0x00000000f6980000)
  from space 512K, 0% used [0x00000000f6b00000,0x00000000f6b00000,0x00000000f6b80000)
  to   space 1024K, 0% used [0x00000000f6980000,0x00000000f6980000,0x00000000f6a80000)
 ParOldGen       total 68608K, used 27987K [0x00000000e0000000, 0x00000000e4300000, 0x00000000f5580000)
  object space 68608K, 40% used [0x00000000e0000000,0x00000000e1b54f90,0x00000000e4300000)
 Metaspace       used 34764K, committed 35840K, reserved 1114112K
  class space    used 3573K, committed 4032K, reserved 1048576K
}
Event: 14.604 GC heap before
{Heap before GC invocations=21 (full 2):
 PSYoungGen      total 20992K, used 20480K [0x00000000f5580000, 0x00000000f6b80000, 0x0000000100000000)
  eden space 20480K, 100% used [0x00000000f5580000,0x00000000f6980000,0x00000000f6980000)
  from space 512K, 0% used [0x00000000f6b00000,0x00000000f6b00000,0x00000000f6b80000)
  to   space 1024K, 0% used [0x00000000f6980000,0x00000000f6980000,0x00000000f6a80000)
 ParOldGen       total 68608K, used 27987K [0x00000000e0000000, 0x00000000e4300000, 0x00000000f5580000)
  object space 68608K, 40% used [0x00000000e0000000,0x00000000e1b54f90,0x00000000e4300000)
 Metaspace       used 36324K, committed 37312K, reserved 1114112K
  class space    used 3719K, committed 4160K, reserved 1048576K
}
Event: 14.607 GC heap after
{Heap after GC invocations=21 (full 2):
 PSYoungGen      total 21504K, used 996K [0x00000000f5580000, 0x00000000f6c80000, 0x0000000100000000)
  eden space 20480K, 0% used [0x00000000f5580000,0x00000000f5580000,0x00000000f6980000)
  from space 1024K, 97% used [0x00000000f6980000,0x00000000f6a793d0,0x00000000f6a80000)
  to   space 1536K, 0% used [0x00000000f6b00000,0x00000000f6b00000,0x00000000f6c80000)
 ParOldGen       total 68608K, used 28051K [0x00000000e0000000, 0x00000000e4300000, 0x00000000f5580000)
  object space 68608K, 40% used [0x00000000e0000000,0x00000000e1b64f90,0x00000000e4300000)
 Metaspace       used 36324K, committed 37312K, reserved 1114112K
  class space    used 3719K, committed 4160K, reserved 1048576K
}
Event: 15.268 GC heap before
{Heap before GC invocations=22 (full 2):
 PSYoungGen      total 21504K, used 21476K [0x00000000f5580000, 0x00000000f6c80000, 0x0000000100000000)
  eden space 20480K, 100% used [0x00000000f5580000,0x00000000f6980000,0x00000000f6980000)
  from space 1024K, 97% used [0x00000000f6980000,0x00000000f6a793d0,0x00000000f6a80000)
  to   space 1536K, 0% used [0x00000000f6b00000,0x00000000f6b00000,0x00000000f6c80000)
 ParOldGen       total 68608K, used 28051K [0x00000000e0000000, 0x00000000e4300000, 0x00000000f5580000)
  object space 68608K, 40% used [0x00000000e0000000,0x00000000e1b64f90,0x00000000e4300000)
 Metaspace       used 36350K, committed 37312K, reserved 1114112K
  class space    used 3719K, committed 4160K, reserved 1048576K
}
Event: 15.271 GC heap after
{Heap after GC invocations=22 (full 2):
 PSYoungGen      total 21504K, used 521K [0x00000000f5580000, 0x00000000f6c00000, 0x0000000100000000)
  eden space 20480K, 0% used [0x00000000f5580000,0x00000000f5580000,0x00000000f6980000)
  from space 1024K, 50% used [0x00000000f6b00000,0x00000000f6b826d8,0x00000000f6c00000)
  to   space 1024K, 0% used [0x00000000f6980000,0x00000000f6980000,0x00000000f6a80000)
 ParOldGen       total 68608K, used 28665K [0x00000000e0000000, 0x00000000e4300000, 0x00000000f5580000)
  object space 68608K, 41% used [0x00000000e0000000,0x00000000e1bfe5e0,0x00000000e4300000)
 Metaspace       used 36350K, committed 37312K, reserved 1114112K
  class space    used 3719K, committed 4160K, reserved 1048576K
}

Dll operation events (10 events):
Event: 0.013 Loaded shared library c:\Users\Siva\.vscode\extensions\redhat.java-1.54.0-win32-x64\jre\21.0.10-win32-x86_64\bin\java.dll
Event: 0.219 Loaded shared library c:\Users\Siva\.vscode\extensions\redhat.java-1.54.0-win32-x64\jre\21.0.10-win32-x86_64\bin\zip.dll
Event: 0.291 Loaded shared library C:\Users\Siva\.vscode\extensions\redhat.java-1.54.0-win32-x64\jre\21.0.10-win32-x86_64\bin\instrument.dll
Event: 0.313 Loaded shared library C:\Users\Siva\.vscode\extensions\redhat.java-1.54.0-win32-x64\jre\21.0.10-win32-x86_64\bin\net.dll
Event: 0.316 Loaded shared library C:\Users\Siva\.vscode\extensions\redhat.java-1.54.0-win32-x64\jre\21.0.10-win32-x86_64\bin\nio.dll
Event: 0.322 Loaded shared library C:\Users\Siva\.vscode\extensions\redhat.java-1.54.0-win32-x64\jre\21.0.10-win32-x86_64\bin\zip.dll
Event: 0.387 Loaded shared library C:\Users\Siva\.vscode\extensions\redhat.java-1.54.0-win32-x64\jre\21.0.10-win32-x86_64\bin\jimage.dll
Event: 0.557 Loaded shared library c:\Users\Siva\.vscode\extensions\redhat.java-1.54.0-win32-x64\jre\21.0.10-win32-x86_64\bin\verify.dll
Event: 2.482 Loaded shared library C:\Users\Siva\AppData\Roaming\Code\User\globalStorage\redhat.java\1.54.0\config_ss_win\org.eclipse.equinox.launcher\org.eclipse.equinox.launcher.win32.win32.x86_64_1.3.0.v20260203-2149\eclipse_11919.dll
Event: 4.107 Loaded shared library C:\Users\Siva\AppData\Local\Temp\jna-2577313\jna13063699547388821604.dll

Deoptimization events (20 events):
Event: 14.805 Thread 0x000001a8671d2200 DEOPT PACKING pc=0x000001a850ea1571 sp=0x0000003953ff98b0
Event: 14.805 Thread 0x000001a8671d2200 DEOPT UNPACKING pc=0x000001a857ef4242 sp=0x0000003953ff8e58 mode 0
Event: 14.882 Thread 0x000001a8671d2200 DEOPT PACKING pc=0x000001a850ea1571 sp=0x0000003953ff98b0
Event: 14.882 Thread 0x000001a8671d2200 DEOPT UNPACKING pc=0x000001a857ef4242 sp=0x0000003953ff8e58 mode 0
Event: 14.883 Thread 0x000001a8671d2200 Uncommon trap: trap_request=0xffffffde fr.pc=0x000001a858584690 relative=0x0000000000006d30
Event: 14.883 Thread 0x000001a8671d2200 Uncommon trap: reason=class_check action=maybe_recompile pc=0x000001a858584690 method=lombok.patcher.PatchScript$MethodPatcher.visitMethod(ILjava/lang/String;Ljava/lang/String;Ljava/lang/String;[Ljava/lang/String;)Lorg/lombokweb/asm/MethodVisitor; @ 101 c
Event: 14.883 Thread 0x000001a8671d2200 DEOPT PACKING pc=0x000001a858584690 sp=0x0000003953ff9820
Event: 14.883 Thread 0x000001a8671d2200 DEOPT UNPACKING pc=0x000001a857ef3aa2 sp=0x0000003953ff9788 mode 2
Event: 14.883 Thread 0x000001a8671d2200 Uncommon trap: trap_request=0xffffffde fr.pc=0x000001a858584690 relative=0x0000000000006d30
Event: 14.883 Thread 0x000001a8671d2200 Uncommon trap: reason=class_check action=maybe_recompile pc=0x000001a858584690 method=lombok.patcher.PatchScript$MethodPatcher.visitMethod(ILjava/lang/String;Ljava/lang/String;Ljava/lang/String;[Ljava/lang/String;)Lorg/lombokweb/asm/MethodVisitor; @ 101 c
Event: 14.883 Thread 0x000001a8671d2200 DEOPT PACKING pc=0x000001a858584690 sp=0x0000003953ff9820
Event: 14.883 Thread 0x000001a8671d2200 DEOPT UNPACKING pc=0x000001a857ef3aa2 sp=0x0000003953ff9788 mode 2
Event: 14.883 Thread 0x000001a8671d2200 Uncommon trap: trap_request=0xffffffde fr.pc=0x000001a858584690 relative=0x0000000000006d30
Event: 14.883 Thread 0x000001a8671d2200 Uncommon trap: reason=class_check action=maybe_recompile pc=0x000001a858584690 method=lombok.patcher.PatchScript$MethodPatcher.visitMethod(ILjava/lang/String;Ljava/lang/String;Ljava/lang/String;[Ljava/lang/String;)Lorg/lombokweb/asm/MethodVisitor; @ 101 c
Event: 14.883 Thread 0x000001a8671d2200 DEOPT PACKING pc=0x000001a858584690 sp=0x0000003953ff9820
Event: 14.883 Thread 0x000001a8671d2200 DEOPT UNPACKING pc=0x000001a857ef3aa2 sp=0x0000003953ff9788 mode 2
Event: 14.883 Thread 0x000001a8671d2200 Uncommon trap: trap_request=0xffffffde fr.pc=0x000001a858584690 relative=0x0000000000006d30
Event: 14.883 Thread 0x000001a8671d2200 Uncommon trap: reason=class_check action=maybe_recompile pc=0x000001a858584690 method=lombok.patcher.PatchScript$MethodPatcher.visitMethod(ILjava/lang/String;Ljava/lang/String;Ljava/lang/String;[Ljava/lang/String;)Lorg/lombokweb/asm/MethodVisitor; @ 101 c
Event: 14.883 Thread 0x000001a8671d2200 DEOPT PACKING pc=0x000001a858584690 sp=0x0000003953ff9820
Event: 14.883 Thread 0x000001a8671d2200 DEOPT UNPACKING pc=0x000001a857ef3aa2 sp=0x0000003953ff9788 mode 2

Classes loaded (20 events):
Event: 12.419 Loading class java/lang/invoke/MethodHandleImpl$CountingWrapper$1
Event: 12.420 Loading class java/lang/invoke/MethodHandleImpl$CountingWrapper$1 done
Event: 12.881 Loading class java/lang/ExceptionInInitializerError
Event: 12.882 Loading class java/lang/ExceptionInInitializerError done
Event: 13.248 Loading class sun/misc/Unsafe
Event: 13.251 Loading class sun/misc/Unsafe done
Event: 13.780 Loading class java/util/Vector$1
Event: 13.780 Loading class java/util/Vector$1 done
Event: 14.353 Loading class java/util/regex/Pattern$Caret
Event: 14.353 Loading class java/util/regex/Pattern$Caret done
Event: 14.468 Loading class java/util/stream/ReferencePipeline$4
Event: 14.468 Loading class java/util/stream/ReferencePipeline$4 done
Event: 14.469 Loading class java/util/stream/Nodes$IntFixedNodeBuilder
Event: 14.469 Loading class java/util/stream/Node$Builder$OfInt
Event: 14.470 Loading class java/util/stream/Node$Builder$OfInt done
Event: 14.470 Loading class java/util/stream/Nodes$IntArrayNode
Event: 14.470 Loading class java/util/stream/Nodes$IntArrayNode done
Event: 14.470 Loading class java/util/stream/Nodes$IntFixedNodeBuilder done
Event: 14.470 Loading class java/util/stream/ReferencePipeline$4$1
Event: 14.470 Loading class java/util/stream/ReferencePipeline$4$1 done

Classes unloaded (20 events):
Event: 13.858 Thread 0x000001a84d4d6fe0 Unloading class 0x000001a801387000 'java/lang/invoke/LambdaForm$MH+0x000001a801387000'
Event: 13.858 Thread 0x000001a84d4d6fe0 Unloading class 0x000001a801386400 'java/lang/invoke/LambdaForm$MH+0x000001a801386400'
Event: 13.858 Thread 0x000001a84d4d6fe0 Unloading class 0x000001a801386800 'java/lang/invoke/LambdaForm$DMH+0x000001a801386800'
Event: 13.858 Thread 0x000001a84d4d6fe0 Unloading class 0x000001a801386000 'java/lang/invoke/LambdaForm$DMH+0x000001a801386000'
Event: 13.858 Thread 0x000001a84d4d6fe0 Unloading class 0x000001a801385400 'java/lang/invoke/LambdaForm$MH+0x000001a801385400'
Event: 13.858 Thread 0x000001a84d4d6fe0 Unloading class 0x000001a801381c00 'java/lang/invoke/LambdaForm$MH+0x000001a801381c00'
Event: 13.858 Thread 0x000001a84d4d6fe0 Unloading class 0x000001a801381000 'java/lang/invoke/LambdaForm$MH+0x000001a801381000'
Event: 13.858 Thread 0x000001a84d4d6fe0 Unloading class 0x000001a801380400 'java/lang/invoke/LambdaForm$MH+0x000001a801380400'
Event: 13.858 Thread 0x000001a84d4d6fe0 Unloading class 0x000001a80136fc00 'java/lang/invoke/LambdaForm$MH+0x000001a80136fc00'
Event: 13.858 Thread 0x000001a84d4d6fe0 Unloading class 0x000001a801380000 'java/lang/invoke/LambdaForm$MH+0x000001a801380000'
Event: 13.858 Thread 0x000001a84d4d6fe0 Unloading class 0x000001a80136f000 'java/lang/invoke/LambdaForm$MH+0x000001a80136f000'
Event: 13.858 Thread 0x000001a84d4d6fe0 Unloading class 0x000001a80136f400 'java/lang/invoke/LambdaForm$MH+0x000001a80136f400'
Event: 13.858 Thread 0x000001a84d4d6fe0 Unloading class 0x000001a80136e400 'java/lang/invoke/LambdaForm$MH+0x000001a80136e400'
Event: 13.858 Thread 0x000001a84d4d6fe0 Unloading class 0x000001a80136e800 'java/lang/invoke/LambdaForm$MH+0x000001a80136e800'
Event: 13.858 Thread 0x000001a84d4d6fe0 Unloading class 0x000001a80136e000 'java/lang/invoke/LambdaForm$MH+0x000001a80136e000'
Event: 13.858 Thread 0x000001a84d4d6fe0 Unloading class 0x000001a80136d800 'java/lang/invoke/LambdaForm$MH+0x000001a80136d800'
Event: 13.858 Thread 0x000001a84d4d6fe0 Unloading class 0x000001a80136d400 'java/lang/invoke/LambdaForm$MH+0x000001a80136d400'
Event: 13.858 Thread 0x000001a84d4d6fe0 Unloading class 0x000001a80136cc00 'java/lang/invoke/LambdaForm$MH+0x000001a80136cc00'
Event: 13.858 Thread 0x000001a84d4d6fe0 Unloading class 0x000001a80136c800 'java/lang/invoke/LambdaForm$DMH+0x000001a80136c800'
Event: 13.858 Thread 0x000001a84d4d6fe0 Unloading class 0x000001a80136c000 'java/lang/invoke/LambdaForm$DMH+0x000001a80136c000'

Classes redefined (0 events):
No events

Internal exceptions (20 events):
Event: 11.615 Thread 0x000001a8671d4960 Exception <a 'java/lang/NoSuchMethodError'{0x00000000f5a1cd10}: 'java.lang.Object java.lang.invoke.DirectMethodHandle$Holder.invokeStaticInit(java.lang.Object, java.lang.Object, java.lang.Object, java.lang.Object, java.lang.Object, java.lang.Object, java.lang.Object)'> (0x00000000f5a1cd10) 
thrown [s\src\hotspot\share\interpreter\linkResolver.cpp, line 773]
Event: 11.615 Thread 0x000001a8671d4960 Exception <a 'java/lang/NoSuchMethodError'{0x00000000f5a3d7f8}: 'java.lang.Object java.lang.invoke.Invokers$Holder.invoke_MT(java.lang.Object, java.lang.Object, java.lang.Object, java.lang.Object, java.lang.Object, java.lang.Object, java.lang.Object, java.lang.Object, java.lang.Object, java.lang.Object)'> (0x00000000f5a3d7f8) 
thrown [s\src\hotspot\share\interpreter\linkResolver.cpp, line 773]
Event: 11.615 Thread 0x000001a8671d2200 Exception <a 'java/lang/NoSuchMethodError'{0x00000000f59f7fe0}: 'java.lang.Object java.lang.invoke.Invokers$Holder.invoke_MT(java.lang.Object, java.lang.Object, java.lang.Object, java.lang.Object, java.lang.Object, java.lang.Object, java.lang.Object, java.lang.Object, java.lang.Object, java.lang.Object)'> (0x00000000f59f7fe0) 
thrown [s\src\hotspot\share\interpreter\linkResolver.cpp, line 773]
Event: 11.616 Thread 0x000001a8671d1b70 Exception <a 'java/lang/NoSuchMethodError'{0x00000000f5a33110}: 'java.lang.Object java.lang.invoke.Invokers$Holder.invoke_MT(java.lang.Object, java.lang.Object, java.lang.Object, java.lang.Object, java.lang.Object, java.lang.Object, java.lang.Object, java.lang.Object, java.lang.Object, java.lang.Object)'> (0x00000000f5a33110) 
thrown [s\src\hotspot\share\interpreter\linkResolver.cpp, line 773]
Event: 11.625 Thread 0x000001a8671d4960 Exception <a 'java/lang/NoSuchMethodError'{0x00000000f5abb168}: 'int java.lang.invoke.DirectMethodHandle$Holder.invokeVirtual(java.lang.Object, java.lang.Object, java.lang.Object)'> (0x00000000f5abb168) 
thrown [s\src\hotspot\share\interpreter\linkResolver.cpp, line 773]
Event: 11.626 Thread 0x000001a8671d4960 Exception <a 'java/lang/NoSuchMethodError'{0x00000000f5abf658}: 'int java.lang.invoke.DirectMethodHandle$Holder.invokeStaticInit(java.lang.Object, int, int)'> (0x00000000f5abf658) 
thrown [s\src\hotspot\share\interpreter\linkResolver.cpp, line 773]
Event: 11.626 Thread 0x000001a8671d4960 Exception <a 'java/lang/NoSuchMethodError'{0x00000000f5ac6cf0}: 'int java.lang.invoke.DirectMethodHandle$Holder.invokeStaticInit(java.lang.Object, long, long)'> (0x00000000f5ac6cf0) 
thrown [s\src\hotspot\share\interpreter\linkResolver.cpp, line 773]
Event: 11.627 Thread 0x000001a8671d4960 Exception <a 'java/lang/NoSuchMethodError'{0x00000000f5acdbe8}: 'int java.lang.invoke.DirectMethodHandle$Holder.invokeStaticInit(java.lang.Object, float, float)'> (0x00000000f5acdbe8) 
thrown [s\src\hotspot\share\interpreter\linkResolver.cpp, line 773]
Event: 11.628 Thread 0x000001a8671d4960 Exception <a 'java/lang/NoSuchMethodError'{0x00000000f5ad4888}: 'int java.lang.invoke.DirectMethodHandle$Holder.invokeStaticInit(java.lang.Object, double, double)'> (0x00000000f5ad4888) 
thrown [s\src\hotspot\share\interpreter\linkResolver.cpp, line 773]
Event: 11.628 Thread 0x000001a8671d4960 Exception <a 'java/lang/NoSuchMethodError'{0x00000000f5ad9220}: 'int java.lang.invoke.DirectMethodHandle$Holder.invokeStatic(java.lang.Object, long)'> (0x00000000f5ad9220) 
thrown [s\src\hotspot\share\interpreter\linkResolver.cpp, line 773]
Event: 11.632 Thread 0x000001a8671d1b70 Exception <a 'java/lang/NoSuchMethodError'{0x00000000f5aaeaa0}: 'int java.lang.invoke.DirectMethodHandle$Holder.invokeSpecial(java.lang.Object, java.lang.Object, int, int)'> (0x00000000f5aaeaa0) 
thrown [s\src\hotspot\share\interpreter\linkResolver.cpp, line 773]
Event: 11.633 Thread 0x000001a8671d4960 Exception <a 'java/lang/NoSuchMethodError'{0x00000000f5afd9f0}: 'int java.lang.invoke.Invokers$Holder.linkToTargetMethod(java.lang.Object, java.lang.Object)'> (0x00000000f5afd9f0) 
thrown [s\src\hotspot\share\interpreter\linkResolver.cpp, line 773]
Event: 11.919 Thread 0x000001a8671d2200 Exception <a 'java/lang/NoSuchMethodError'{0x00000000f5c7e1b8}: 'int java.lang.invoke.DirectMethodHandle$Holder.invokeSpecial(java.lang.Object, java.lang.Object, java.lang.Object, java.lang.Object)'> (0x00000000f5c7e1b8) 
thrown [s\src\hotspot\share\interpreter\linkResolver.cpp, line 773]
Event: 11.922 Thread 0x000001a8671d2200 Exception <a 'java/lang/NoSuchMethodError'{0x00000000f5c8cdc0}: 'java.lang.Object java.lang.invoke.DirectMethodHandle$Holder.invokeStatic(java.lang.Object, int, java.lang.Object, java.lang.Object)'> (0x00000000f5c8cdc0) 
thrown [s\src\hotspot\share\interpreter\linkResolver.cpp, line 773]
Event: 11.923 Thread 0x000001a8671d2200 Exception <a 'java/lang/NoSuchMethodError'{0x00000000f5c90850}: 'java.lang.Object java.lang.invoke.DelegatingMethodHandle$Holder.delegate(java.lang.Object, int, java.lang.Object, java.lang.Object)'> (0x00000000f5c90850) 
thrown [s\src\hotspot\share\interpreter\linkResolver.cpp, line 773]
Event: 11.925 Thread 0x000001a8671d2200 Implicit null exception at 0x000001a85861f2f6 to 0x000001a85861f62c
Event: 11.928 Thread 0x000001a8671d1b70 Exception <a 'java/lang/NoSuchMethodError'{0x00000000f5ca9718}: 'int java.lang.invoke.Invokers$Holder.linkToTargetMethod(java.lang.Object, java.lang.Object, java.lang.Object)'> (0x00000000f5ca9718) 
thrown [s\src\hotspot\share\interpreter\linkResolver.cpp, line 773]
Event: 11.928 Thread 0x000001a8671d2200 Exception <a 'java/lang/NoSuchMethodError'{0x00000000f5c9fd50}: 'int java.lang.invoke.Invokers$Holder.linkToTargetMethod(java.lang.Object, java.lang.Object, java.lang.Object)'> (0x00000000f5c9fd50) 
thrown [s\src\hotspot\share\interpreter\linkResolver.cpp, line 773]
Event: 13.261 Thread 0x000001a8671d2200 Exception <a 'java/lang/NoSuchMethodError'{0x00000000f5d8e288}: 'java.lang.Object java.lang.invoke.DirectMethodHandle$Holder.invokeVirtual(java.lang.Object, java.lang.Object, int)'> (0x00000000f5d8e288) 
thrown [s\src\hotspot\share\interpreter\linkResolver.cpp, line 773]
Event: 14.259 Thread 0x000001a8671d2200 Implicit null exception at 0x000001a8586dc89d to 0x000001a8586dd3e8

ZGC Phase Switch (0 events):
No events

VM Operations (20 events):
Event: 12.395 Executing safepoint VM operation: ParallelGCFailedAllocation (Allocation Failure)
Event: 12.405 Executing safepoint VM operation: ParallelGCFailedAllocation (Allocation Failure) done
Event: 12.652 Executing safepoint VM operation: ParallelGCFailedAllocation (Allocation Failure)
Event: 12.658 Executing safepoint VM operation: ParallelGCFailedAllocation (Allocation Failure) done
Event: 12.782 Executing non-safepoint VM operation: HandshakeAllThreads (Deoptimize)
Event: 12.782 Executing non-safepoint VM operation: HandshakeAllThreads (Deoptimize) done
Event: 12.783 Executing non-safepoint VM operation: HandshakeAllThreads (Deoptimize)
Event: 12.783 Executing non-safepoint VM operation: HandshakeAllThreads (Deoptimize) done
Event: 12.819 Executing safepoint VM operation: ParallelGCFailedAllocation (Allocation Failure)
Event: 12.828 Executing safepoint VM operation: ParallelGCFailedAllocation (Allocation Failure) done
Event: 13.283 Executing non-safepoint VM operation: HandshakeAllThreads (Deoptimize)
Event: 13.284 Executing non-safepoint VM operation: HandshakeAllThreads (Deoptimize) done
Event: 13.719 Executing safepoint VM operation: ParallelGCFailedAllocation (Allocation Failure)
Event: 13.724 Executing safepoint VM operation: ParallelGCFailedAllocation (Allocation Failure) done
Event: 13.830 Executing safepoint VM operation: CollectForMetadataAllocation (Metadata GC Threshold)
Event: 13.949 Executing safepoint VM operation: CollectForMetadataAllocation (Metadata GC Threshold) done
Event: 14.604 Executing safepoint VM operation: ParallelGCFailedAllocation (Allocation Failure)
Event: 14.607 Executing safepoint VM operation: ParallelGCFailedAllocation (Allocation Failure) done
Event: 15.268 Executing safepoint VM operation: ParallelGCFailedAllocation (Allocation Failure)
Event: 15.271 Executing safepoint VM operation: ParallelGCFailedAllocation (Allocation Failure) done

Memory protections (0 events):
No events

Nmethod flushes (20 events):
Event: 13.873 Thread 0x000001a84d4d6fe0 flushing  nmethod 0x000001a850cabe10
Event: 13.873 Thread 0x000001a84d4d6fe0 flushing  nmethod 0x000001a850cade90
Event: 13.873 Thread 0x000001a84d4d6fe0 flushing  nmethod 0x000001a850cc9d90
Event: 13.873 Thread 0x000001a84d4d6fe0 flushing  nmethod 0x000001a850ccc190
Event: 13.873 Thread 0x000001a84d4d6fe0 flushing  nmethod 0x000001a850cd7f90
Event: 13.873 Thread 0x000001a84d4d6fe0 flushing  nmethod 0x000001a850cd9410
Event: 13.873 Thread 0x000001a84d4d6fe0 flushing  nmethod 0x000001a850cdc590
Event: 13.873 Thread 0x000001a84d4d6fe0 flushing  nmethod 0x000001a850cdd210
Event: 13.873 Thread 0x000001a84d4d6fe0 flushing  nmethod 0x000001a850cf5290
Event: 13.873 Thread 0x000001a84d4d6fe0 flushing  nmethod 0x000001a850d51990
Event: 13.873 Thread 0x000001a84d4d6fe0 flushing  nmethod 0x000001a850dafa10
Event: 13.873 Thread 0x000001a84d4d6fe0 flushing  nmethod 0x000001a850db3390
Event: 13.873 Thread 0x000001a84d4d6fe0 flushing  nmethod 0x000001a850dd5b10
Event: 13.873 Thread 0x000001a84d4d6fe0 flushing  nmethod 0x000001a850dd6510
Event: 13.873 Thread 0x000001a84d4d6fe0 flushing  nmethod 0x000001a850ddd310
Event: 13.873 Thread 0x000001a84d4d6fe0 flushing  nmethod 0x000001a850e20310
Event: 13.873 Thread 0x000001a84d4d6fe0 flushing  nmethod 0x000001a850e48790
Event: 13.873 Thread 0x000001a84d4d6fe0 flushing  nmethod 0x000001a850e49110
Event: 13.873 Thread 0x000001a84d4d6fe0 flushing  nmethod 0x000001a850e63310
Event: 13.873 Thread 0x000001a84d4d6fe0 flushing  nmethod 0x000001a850e68190

Events (20 events):
Event: 8.812 Thread 0x000001a84d56e260 Thread added: 0x000001a866e7c670
Event: 9.310 Thread 0x000001a84d758410 Thread added: 0x000001a866aaeb30
Event: 9.311 Thread 0x000001a84d758410 Thread added: 0x000001a866aaf1c0
Event: 9.311 Thread 0x000001a84d758410 Thread added: 0x000001a866aade10
Event: 9.311 Thread 0x000001a84d758410 Thread added: 0x000001a8671d14e0
Event: 9.311 Thread 0x000001a84d758410 Thread added: 0x000001a8671d07c0
Event: 9.355 Thread 0x000001a84d758410 Thread added: 0x000001a8671ced80
Event: 9.617 Thread 0x000001a866abaf60 Thread added: 0x000001a8671d0e50
Event: 9.715 Thread 0x000001a866e7c670 Thread exited: 0x000001a866e7c670
Event: 9.897 Thread 0x000001a84d758410 Thread added: 0x000001a8671d4ff0
Event: 9.897 Thread 0x000001a84d758410 Thread added: 0x000001a8671d2200
Event: 10.080 Thread 0x000001a84d56e260 Thread added: 0x000001a8675c0bc0
Event: 10.443 Thread 0x000001a8675c0bc0 Thread exited: 0x000001a8675c0bc0
Event: 10.506 Thread 0x000001a84d500090 Thread added: 0x000001a866f53c20
Event: 10.805 Thread 0x000001a866f53c20 Thread exited: 0x000001a866f53c20
Event: 11.177 Thread 0x000001a8671d2200 Thread added: 0x000001a8671d1b70
Event: 11.196 Thread 0x000001a8671d1b70 Thread added: 0x000001a8671d4960
Event: 11.416 Thread 0x000001a84d56e260 Thread added: 0x000001a866eb76c0
Event: 13.760 Thread 0x000001a866eb76c0 Thread exited: 0x000001a866eb76c0
Event: 14.700 Thread 0x000001a84d56e260 Thread added: 0x000001a861782320


Dynamic libraries:
0x00007ff62f7a0000 - 0x00007ff62f7ae000 	c:\Users\Siva\.vscode\extensions\redhat.java-1.54.0-win32-x64\jre\21.0.10-win32-x86_64\bin\java.exe
0x00007ffa63630000 - 0x00007ffa63825000 	C:\Windows\SYSTEM32\ntdll.dll
0x00007ffa62160000 - 0x00007ffa6221e000 	C:\Windows\System32\KERNEL32.DLL
0x00007ffa61220000 - 0x00007ffa614e8000 	C:\Windows\System32\KERNELBASE.dll
0x00007ffa60da0000 - 0x00007ffa60ea0000 	C:\Windows\System32\ucrtbase.dll
0x00007ffa46f30000 - 0x00007ffa46f48000 	c:\Users\Siva\.vscode\extensions\redhat.java-1.54.0-win32-x64\jre\21.0.10-win32-x86_64\bin\jli.dll
0x00007ffa62c00000 - 0x00007ffa62da1000 	C:\Windows\System32\USER32.dll
0x00007ffa60ea0000 - 0x00007ffa60ec2000 	C:\Windows\System32\win32u.dll
0x00007ffa63220000 - 0x00007ffa6324b000 	C:\Windows\System32\GDI32.dll
0x00007ffa60ed0000 - 0x00007ffa60fdd000 	C:\Windows\System32\gdi32full.dll
0x00007ffa615d0000 - 0x00007ffa6166d000 	C:\Windows\System32\msvcp_win.dll
0x00007ffa44b90000 - 0x00007ffa44bae000 	c:\Users\Siva\.vscode\extensions\redhat.java-1.54.0-win32-x64\jre\21.0.10-win32-x86_64\bin\VCRUNTIME140.dll
0x00007ffa4e280000 - 0x00007ffa4e51a000 	C:\Windows\WinSxS\amd64_microsoft.windows.common-controls_6595b64144ccf1df_6.0.19041.1110_none_60b5254171f9507e\COMCTL32.dll
0x00007ffa62970000 - 0x00007ffa62a0e000 	C:\Windows\System32\msvcrt.dll
0x00007ffa62130000 - 0x00007ffa62160000 	C:\Windows\System32\IMM32.DLL
0x00007ffa5c1d0000 - 0x00007ffa5c1dc000 	c:\Users\Siva\.vscode\extensions\redhat.java-1.54.0-win32-x64\jre\21.0.10-win32-x86_64\bin\vcruntime140_1.dll
0x00007ffa30160000 - 0x00007ffa301ed000 	c:\Users\Siva\.vscode\extensions\redhat.java-1.54.0-win32-x64\jre\21.0.10-win32-x86_64\bin\msvcp140.dll
0x00007ff9fc730000 - 0x00007ff9fd4d1000 	c:\Users\Siva\.vscode\extensions\redhat.java-1.54.0-win32-x64\jre\21.0.10-win32-x86_64\bin\server\jvm.dll
0x00007ffa634d0000 - 0x00007ffa6357e000 	C:\Windows\System32\ADVAPI32.dll
0x00007ffa62db0000 - 0x00007ffa62e4c000 	C:\Windows\System32\sechost.dll
0x00007ffa61680000 - 0x00007ffa617a5000 	C:\Windows\System32\RPCRT4.dll
0x00007ffa62e50000 - 0x00007ffa62ebb000 	C:\Windows\System32\WS2_32.dll
0x00007ffa60300000 - 0x00007ffa6034b000 	C:\Windows\SYSTEM32\POWRPROF.dll
0x00007ffa5d600000 - 0x00007ffa5d627000 	C:\Windows\SYSTEM32\WINMM.dll
0x00007ffa4ef60000 - 0x00007ffa4ef6a000 	C:\Windows\SYSTEM32\VERSION.dll
0x00007ffa60170000 - 0x00007ffa60182000 	C:\Windows\SYSTEM32\UMPDC.dll
0x00007ffa5ec30000 - 0x00007ffa5ec42000 	C:\Windows\SYSTEM32\kernel.appcore.dll
0x00007ffa5a860000 - 0x00007ffa5a86a000 	c:\Users\Siva\.vscode\extensions\redhat.java-1.54.0-win32-x64\jre\21.0.10-win32-x86_64\bin\jimage.dll
0x00007ffa4e690000 - 0x00007ffa4e874000 	C:\Windows\SYSTEM32\DBGHELP.DLL
0x00007ffa4c1d0000 - 0x00007ffa4c1fc000 	C:\Windows\SYSTEM32\dbgcore.DLL
0x00007ffa614f0000 - 0x00007ffa61572000 	C:\Windows\System32\bcryptPrimitives.dll
0x00007ffa5a320000 - 0x00007ffa5a32f000 	c:\Users\Siva\.vscode\extensions\redhat.java-1.54.0-win32-x64\jre\21.0.10-win32-x86_64\bin\instrument.dll
0x00007ffa43bb0000 - 0x00007ffa43bd0000 	c:\Users\Siva\.vscode\extensions\redhat.java-1.54.0-win32-x64\jre\21.0.10-win32-x86_64\bin\java.dll
0x00007ffa62220000 - 0x00007ffa62964000 	C:\Windows\System32\SHELL32.dll
0x00007ffa5ee30000 - 0x00007ffa5f5c5000 	C:\Windows\SYSTEM32\windows.storage.dll
0x00007ffa62ec0000 - 0x00007ffa63215000 	C:\Windows\System32\combase.dll
0x00007ffa60790000 - 0x00007ffa607be000 	C:\Windows\SYSTEM32\Wldp.dll
0x00007ffa61ea0000 - 0x00007ffa61f4d000 	C:\Windows\System32\SHCORE.dll
0x00007ffa61e40000 - 0x00007ffa61e95000 	C:\Windows\System32\shlwapi.dll
0x00007ffa60c80000 - 0x00007ffa60c9f000 	C:\Windows\SYSTEM32\profapi.dll
0x00007ffa43ad0000 - 0x00007ffa43ae8000 	c:\Users\Siva\.vscode\extensions\redhat.java-1.54.0-win32-x64\jre\21.0.10-win32-x86_64\bin\zip.dll
0x00007ffa5a2e0000 - 0x00007ffa5a2f0000 	C:\Users\Siva\.vscode\extensions\redhat.java-1.54.0-win32-x64\jre\21.0.10-win32-x86_64\bin\net.dll
0x00007ffa515f0000 - 0x00007ffa516fc000 	C:\Windows\SYSTEM32\WINHTTP.dll
0x00007ffa604f0000 - 0x00007ffa6055a000 	C:\Windows\system32\mswsock.dll
0x00007ffa3c480000 - 0x00007ffa3c496000 	C:\Users\Siva\.vscode\extensions\redhat.java-1.54.0-win32-x64\jre\21.0.10-win32-x86_64\bin\nio.dll
0x00007ffa5a250000 - 0x00007ffa5a260000 	c:\Users\Siva\.vscode\extensions\redhat.java-1.54.0-win32-x64\jre\21.0.10-win32-x86_64\bin\verify.dll
0x00007ffa386d0000 - 0x00007ffa38715000 	C:\Users\Siva\AppData\Roaming\Code\User\globalStorage\redhat.java\1.54.0\config_ss_win\org.eclipse.equinox.launcher\org.eclipse.equinox.launcher.win32.win32.x86_64_1.3.0.v20260203-2149\eclipse_11919.dll
0x00007ffa62000000 - 0x00007ffa6212a000 	C:\Windows\System32\ole32.dll
0x00007ffa606e0000 - 0x00007ffa606f8000 	C:\Windows\SYSTEM32\CRYPTSP.dll
0x00007ffa5fe00000 - 0x00007ffa5fe34000 	C:\Windows\system32\rsaenh.dll
0x00007ffa61090000 - 0x00007ffa610b7000 	C:\Windows\System32\bcrypt.dll
0x00007ffa60c40000 - 0x00007ffa60c6e000 	C:\Windows\SYSTEM32\USERENV.dll
0x00007ffa60700000 - 0x00007ffa6070c000 	C:\Windows\SYSTEM32\CRYPTBASE.dll
0x00007ffa60190000 - 0x00007ffa601cb000 	C:\Windows\SYSTEM32\IPHLPAPI.DLL
0x00007ffa61670000 - 0x00007ffa61678000 	C:\Windows\System32\NSI.dll
0x00007ffa31840000 - 0x00007ffa31889000 	C:\Users\Siva\AppData\Local\Temp\jna-2577313\jna13063699547388821604.dll
0x00007ffa635e0000 - 0x00007ffa635e8000 	C:\Windows\System32\PSAPI.DLL
0x00007ffa598e0000 - 0x00007ffa598f7000 	C:\Windows\SYSTEM32\dhcpcsvc6.DLL
0x00007ffa59810000 - 0x00007ffa5982d000 	C:\Windows\SYSTEM32\dhcpcsvc.DLL

JVMTI agents:
c:\Users\Siva\.vscode\extensions\redhat.java-1.54.0-win32-x64\lombok\lombok-1.18.39-4050.jar path:c:\Users\Siva\.vscode\extensions\redhat.java-1.54.0-win32-x64\jre\21.0.10-win32-x86_64\bin\instrument.dll, loaded, initialized, instrumentlib options:none

dbghelp: loaded successfully - version: 4.0.5 - missing functions: none
symbol engine: initialized successfully - sym options: 0x614 - pdb path: .;c:\Users\Siva\.vscode\extensions\redhat.java-1.54.0-win32-x64\jre\21.0.10-win32-x86_64\bin;C:\Windows\SYSTEM32;C:\Windows\WinSxS\amd64_microsoft.windows.common-controls_6595b64144ccf1df_6.0.19041.1110_none_60b5254171f9507e;c:\Users\Siva\.vscode\extensions\redhat.java-1.54.0-win32-x64\jre\21.0.10-win32-x86_64\bin\server;C:\Users\Siva\AppData\Roaming\Code\User\globalStorage\redhat.java\1.54.0\config_ss_win\org.eclipse.equinox.launcher\org.eclipse.equinox.launcher.win32.win32.x86_64_1.3.0.v20260203-2149;C:\Users\Siva\AppData\Local\Temp\jna-2577313

VM Arguments:
jvm_args: --add-modules=ALL-SYSTEM --add-opens=java.base/java.util=ALL-UNNAMED --add-opens=java.base/java.lang=ALL-UNNAMED --add-opens=java.base/sun.nio.fs=ALL-UNNAMED -Declipse.application=org.eclipse.jdt.ls.core.id1 -Dosgi.bundles.defaultStartLevel=4 -Declipse.product=org.eclipse.jdt.ls.core.product -Djava.import.generatesMetadataFilesAtProjectRoot=false -DDetectVMInstallationsJob.disabled=true -Dfile.encoding=utf8 -XX:+UseParallelGC -XX:GCTimeRatio=4 -XX:AdaptiveSizePolicyWeight=90 -Dsun.zip.disableMemoryMapping=true -Xmx2G -Xms100m -Xlog:disable -javaagent:c:\Users\Siva\.vscode\extensions\redhat.java-1.54.0-win32-x64\lombok\lombok-1.18.39-4050.jar -Xmx512M 
java_command: c:\Users\Siva\.vscode\extensions\redhat.java-1.54.0-win32-x64\server\plugins\org.eclipse.equinox.launcher_1.7.100.v20251111-0406.jar -configuration c:\Users\Siva\AppData\Roaming\Code\User\globalStorage\redhat.java\1.54.0\config_ss_win -data c:\Users\Siva\AppData\Roaming\Code\User\workspaceStorage\4f8e60674e3dc518b3742d47d5b86509\redhat.java\ss_ws --pipe=\\.\pipe\lsp-c6e18165eb58833fcbf72a4ccaf953a0-sock
java_class_path (initial): c:\Users\Siva\.vscode\extensions\redhat.java-1.54.0-win32-x64\server\plugins\org.eclipse.equinox.launcher_1.7.100.v20251111-0406.jar
Launcher Type: SUN_STANDARD

[Global flags]
    uintx AdaptiveSizePolicyWeight                 = 90                                        {product} {command line}
     intx CICompilerCount                          = 3                                         {product} {ergonomic}
    uintx GCTimeRatio                              = 4                                         {product} {command line}
   size_t InitialHeapSize                          = 104857600                                 {product} {command line}
   size_t MaxHeapSize                              = 536870912                                 {product} {command line}
   size_t MaxNewSize                               = 178782208                                 {product} {ergonomic}
   size_t MinHeapDeltaBytes                        = 524288                                    {product} {ergonomic}
   size_t MinHeapSize                              = 104857600                                 {product} {command line}
   size_t NewSize                                  = 34603008                                  {product} {ergonomic}
    uintx NonNMethodCodeHeapSize                   = 5832780                                {pd product} {ergonomic}
    uintx NonProfiledCodeHeapSize                  = 122912730                              {pd product} {ergonomic}
   size_t OldSize                                  = 70254592                                  {product} {ergonomic}
    uintx ProfiledCodeHeapSize                     = 122912730                              {pd product} {ergonomic}
    uintx ReservedCodeCacheSize                    = 251658240                              {pd product} {ergonomic}
     bool SegmentedCodeCache                       = true                                      {product} {ergonomic}
   size_t SoftMaxHeapSize                          = 536870912                              {manageable} {ergonomic}
     bool UseCompressedOops                        = true                           {product lp64_product} {ergonomic}
     bool UseLargePagesIndividualAllocation        = false                                  {pd product} {ergonomic}
     bool UseParallelGC                            = true                                      {product} {command line}

Logging:
Log output configuration:
 #0: stdout all=off uptime,level,tags foldmultilines=false
 #1: stderr all=off uptime,level,tags foldmultilines=false

Release file:
JAVA_VERSION="21.0.10" 
MODULES="java.base java.compiler java.datatransfer java.xml java.prefs java.desktop java.instrument java.logging java.management java.security.sasl java.naming java.rmi java.management.rmi java.net.http java.scripting java.security.jgss java.transaction.xa java.sql java.sql.rowset java.xml.crypto java.se java.smartcardio jdk.accessibility jdk.internal.jvmstat jdk.attach jdk.charsets jdk.internal.opt jdk.zipfs jdk.compiler jdk.crypto.ec jdk.crypto.cryptoki jdk.crypto.mscapi jdk.dynalink jdk.internal.ed jdk.editpad jdk.hotspot.agent jdk.httpserver jdk.internal.le jdk.internal.vm.ci jdk.internal.vm.compiler jdk.internal.vm.compiler.management jdk.jartool jdk.javadoc jdk.jcmd jdk.management jdk.management.agent jdk.jconsole jdk.jdeps jdk.jdwp.agent jdk.jdi jdk.jfr jdk.jshell jdk.jsobject jdk.jstatd jdk.localedata jdk.management.jfr jdk.naming.dns jdk.naming.rmi jdk.net jdk.nio.mapmode jdk.random jdk.sctp jdk.security.auth jdk.security.jgss jdk.unsupported jdk.unsupported.desktop jdk.xml.dom" 

Environment Variables:
JAVA_HOME=D:\jdk
_JAVA_OPTIONS=-Xmx512M
PATH=C:\Program Files\Common Files\Oracle\Java\javapath;C:\Program Files (x86)\Common Files\Oracle\Java\java8path;C:\Program Files (x86)\Common Files\Oracle\Java\javapath;C:\Program Files\Java\jdk-22\bin;C:\Windows\system32;C:\Windows;C:\Windows\System32\Wbem;C:\Windows\System32\WindowsPowerShell\v1.0\;C:\Windows\System32\OpenSSH\;C:\Program Files\dotnet\;C:\Program Files\nodejs\;C:\Users\Siva\OneDrive\Documents\mongosh-2.3.7-win32-x64\bin;C:\Program Files\Java\jdk-22\bin;C:\Program Files\Java\jdk-22\bin;D:\jdk;D:\java\bin;D:\jdk\bin;C:\Users\Siva\AppData\Local\Programs\Python\Launcher\;C:\Users\Siva\AppData\Local\Microsoft\WindowsApps;C:\Users\Siva\AppData\Roaming\npm;C:\Users\Siva\AppData\Local\Programs\Git\cmd;C:\Users\Siva\AppData\Local\Programs\Microsoft VS Code\bin;D:\cursor\resources\app\bin;D:\Antigravity\bin
USERNAME=Siva
OS=Windows_NT
PROCESSOR_IDENTIFIER=Intel64 Family 6 Model 69 Stepping 1, GenuineIntel
TMP=C:\Users\Siva\AppData\Local\Temp
TEMP=C:\Users\Siva\AppData\Local\Temp




Periodic native trim disabled

---------------  S Y S T E M  ---------------

OS:
 Windows 10 , 64 bit Build 19041 (10.0.19041.1466)
OS uptime: 31 days 16:06 hours

CPU: total 4 (initial active 4) (2 cores per cpu, 2 threads per core) family 6 model 69 stepping 1 microcode 0x25, cx8, cmov, fxsr, ht, mmx, sse, sse2, sse3, ssse3, sse4.1, sse4.2, popcnt, lzcnt, tsc, tscinvbit, avx, avx2, aes, erms, clmul, bmi1, bmi2, fma, vzeroupper, clflush, rdtscp, f16c
Processor Information for the first 4 processors :
  Max Mhz: 2401, Current Mhz: 2401, Mhz Limit: 2401

Memory: 4k page, system-wide physical 8097M (619M free)
TotalPageFile size 11289M (AvailPageFile size 0M)
current process WorkingSet (physical memory assigned to process): 192M, peak: 198M
current process commit charge ("private bytes"): 241M, peak: 246M

vm_info: OpenJDK 64-Bit Server VM (21.0.10+7-LTS) for windows-amd64 JRE (21.0.10+7-LTS), built on 2026-01-20T00:00:00Z by "admin" with MS VC++ 17.12 (VS2022)

END.
