#
# There is insufficient memory for the Java Runtime Environment to continue.
# Native memory allocation (malloc) failed to allocate 322736 bytes. Error detail: Chunk::new
# Possible reasons:
#   The system is out of physical RAM or swap space
#   This process is running with CompressedOops enabled, and the Java Heap may be blocking the growth of the native heap
# Possible solutions:
#   Reduce memory load on the system
#   Increase physical memory or swap space
#   Check if swap backing store is full
#   Decrease Java heap size (-Xmx/-Xms)
#   Decrease number of Java threads
#   Decrease Java thread stack sizes (-Xss)
#   Set larger code cache with -XX:ReservedCodeCacheSize=
#   JVM is running with Unscaled Compressed Oops mode in which the Java heap is
#     placed in the first 4GB address space. The Java Heap base address is the
#     maximum limit for the native heap growth. Please use -XX:HeapBaseMinAddress
#     to set the Java Heap base and to place the Java Heap above 4GB virtual address.
# This output file may be truncated or incomplete.
#
#  Out of Memory Error (arena.cpp:168), pid=9968, tid=3664
#
# JRE version: OpenJDK Runtime Environment Temurin-21.0.10+7 (21.0.10+7) (build 21.0.10+7-LTS)
# Java VM: OpenJDK 64-Bit Server VM Temurin-21.0.10+7 (21.0.10+7-LTS, mixed mode, sharing, tiered, compressed oops, compressed class ptrs, parallel gc, windows-amd64)
# No core dump will be written. Minidumps are not enabled by default on client versions of Windows
#

---------------  S U M M A R Y ------------

Command Line: --add-modules=ALL-SYSTEM --add-opens=java.base/java.util=ALL-UNNAMED --add-opens=java.base/java.lang=ALL-UNNAMED --add-opens=java.base/sun.nio.fs=ALL-UNNAMED -Declipse.application=org.eclipse.jdt.ls.core.id1 -Dosgi.bundles.defaultStartLevel=4 -Declipse.product=org.eclipse.jdt.ls.core.product -Djava.import.generatesMetadataFilesAtProjectRoot=false -DDetectVMInstallationsJob.disabled=true -Dfile.encoding=utf8 -XX:+UseParallelGC -XX:GCTimeRatio=4 -XX:AdaptiveSizePolicyWeight=90 -Dsun.zip.disableMemoryMapping=true -Xmx2G -Xms100m -Xlog:disable -javaagent:c:\Users\Siva\.vscode\extensions\redhat.java-1.54.0-win32-x64\lombok\lombok-1.18.39-4050.jar -XX:+HeapDumpOnOutOfMemoryError -XX:HeapDumpPath=c:\Users\Siva\AppData\Roaming\Code\User\workspaceStorage\4f8e60674e3dc518b3742d47d5b86509\redhat.java -Daether.dependencyCollector.impl=bf -Xmx512M c:\Users\Siva\.vscode\extensions\redhat.java-1.54.0-win32-x64\server\plugins\org.eclipse.equinox.launcher_1.7.100.v20251111-0406.jar -configuration c:\Users\Siva\AppData\Roaming\Code\User\globalStorage\redhat.java\1.54.0\config_win -data c:\Users\Siva\AppData\Roaming\Code\User\workspaceStorage\4f8e60674e3dc518b3742d47d5b86509\redhat.java\jdt_ws --pipe=\\.\pipe\lsp-16c8e59962b81e1888f4c6c9a4384c8e-sock

Host: Intel(R) Core(TM) i5-4210U CPU @ 1.70GHz, 4 cores, 7G,  Windows 10 , 64 bit Build 19041 (10.0.19041.1466)
Time: Sun May 10 23:33:24 2026 India Standard Time elapsed time: 11.461498 seconds (0d 0h 0m 11s)

---------------  T H R E A D  ---------------

Current thread (0x00000224a3b010e0):  JavaThread "C2 CompilerThread0" daemon [_thread_in_native, id=3664, stack(0x000000d731200000,0x000000d731300000) (1024K)]


Current CompileTask:
C2:11461 2089   !   4       org.eclipse.osgi.util.ManifestElement::parseHeader (708 bytes)

Stack: [0x000000d731200000,0x000000d731300000]
Native frames: (J=compiled Java code, j=interpreted, Vv=VM code, C=native code)
V  [jvm.dll+0x6d7a39]
V  [jvm.dll+0x8b4b26]
V  [jvm.dll+0x8b70de]
V  [jvm.dll+0x8b77c3]
V  [jvm.dll+0x284346]
V  [jvm.dll+0xc66ed]
V  [jvm.dll+0xc6c31]
V  [jvm.dll+0x2fb29e]
V  [jvm.dll+0x5fe884]
V  [jvm.dll+0x255b17]
V  [jvm.dll+0x24dc0b]
V  [jvm.dll+0x24ba42]
V  [jvm.dll+0x1cb34e]
V  [jvm.dll+0x25b85d]
V  [jvm.dll+0x259dea]
V  [jvm.dll+0x3f857e]
V  [jvm.dll+0x85f59d]
V  [jvm.dll+0x6d626d]
C  [ucrtbase.dll+0x21bb2]
C  [KERNEL32.DLL+0x17034]
C  [ntdll.dll+0x52651]


---------------  P R O C E S S  ---------------

Threads class SMR info:
_java_thread_list=0x00000224f8c4a340, length=20, elements={
0x00000224a3d58080, 0x00000224a3af5b10, 0x00000224a3af80d0, 0x00000224a3afbf20,
0x00000224a3afcb80, 0x00000224a3afd7e0, 0x00000224a3b00350, 0x00000224a3b010e0,
0x00000224a3b71220, 0x00000224f8cdf2b0, 0x00000224f8d235a0, 0x00000224fd4f69d0,
0x00000224fd4d1b30, 0x00000224fd681660, 0x00000224fd4d3e80, 0x00000224fd49de90,
0x00000224fd48ed70, 0x00000224fd49a280, 0x00000224f8c6d5e0, 0x00000224f8c6dc70
}

Java Threads: ( => current thread )
  0x00000224a3d58080 JavaThread "main"                              [_thread_in_native, id=16508, stack(0x000000d730800000,0x000000d730900000) (1024K)]
  0x00000224a3af5b10 JavaThread "Reference Handler"          daemon [_thread_blocked, id=11104, stack(0x000000d730c00000,0x000000d730d00000) (1024K)]
  0x00000224a3af80d0 JavaThread "Finalizer"                  daemon [_thread_blocked, id=2148, stack(0x000000d730d00000,0x000000d730e00000) (1024K)]
  0x00000224a3afbf20 JavaThread "Signal Dispatcher"          daemon [_thread_blocked, id=10608, stack(0x000000d730e00000,0x000000d730f00000) (1024K)]
  0x00000224a3afcb80 JavaThread "Attach Listener"            daemon [_thread_blocked, id=10772, stack(0x000000d730f00000,0x000000d731000000) (1024K)]
  0x00000224a3afd7e0 JavaThread "Service Thread"             daemon [_thread_blocked, id=15076, stack(0x000000d731000000,0x000000d731100000) (1024K)]
  0x00000224a3b00350 JavaThread "Monitor Deflation Thread"   daemon [_thread_blocked, id=3124, stack(0x000000d731100000,0x000000d731200000) (1024K)]
=>0x00000224a3b010e0 JavaThread "C2 CompilerThread0"         daemon [_thread_in_native, id=3664, stack(0x000000d731200000,0x000000d731300000) (1024K)]
  0x00000224a3b71220 JavaThread "C1 CompilerThread0"         daemon [_thread_blocked, id=7220, stack(0x000000d731300000,0x000000d731400000) (1024K)]
  0x00000224f8cdf2b0 JavaThread "Common-Cleaner"             daemon [_thread_blocked, id=14396, stack(0x000000d731400000,0x000000d731500000) (1024K)]
  0x00000224f8d235a0 JavaThread "Notification Thread"        daemon [_thread_blocked, id=2128, stack(0x000000d731500000,0x000000d731600000) (1024K)]
  0x00000224fd4f69d0 JavaThread "Equinox resolver thread - Equinox Container: 1edc56e7-86de-43e0-b299-0ea7f629b14b" daemon [_thread_blocked, id=9568, stack(0x000000d731a00000,0x000000d731b00000) (1024K)]
  0x00000224fd4d1b30 JavaThread "Equinox resolver thread - Equinox Container: 1edc56e7-86de-43e0-b299-0ea7f629b14b" daemon [_thread_blocked, id=12676, stack(0x000000d731b00000,0x000000d731c00000) (1024K)]
  0x00000224fd681660 JavaThread "Equinox resolver thread - Equinox Container: 1edc56e7-86de-43e0-b299-0ea7f629b14b" daemon [_thread_blocked, id=5644, stack(0x000000d731c00000,0x000000d731d00000) (1024K)]
  0x00000224fd4d3e80 JavaThread "Equinox resolver thread - Equinox Container: 1edc56e7-86de-43e0-b299-0ea7f629b14b" daemon [_thread_blocked, id=14744, stack(0x000000d731d00000,0x000000d731e00000) (1024K)]
  0x00000224fd49de90 JavaThread "Active Thread: Equinox Container: 1edc56e7-86de-43e0-b299-0ea7f629b14b"        [_thread_blocked, id=6552, stack(0x000000d731e00000,0x000000d731f00000) (1024K)]
  0x00000224fd48ed70 JavaThread "Framework Event Dispatcher: Equinox Container: 1edc56e7-86de-43e0-b299-0ea7f629b14b" daemon [_thread_blocked, id=3568, stack(0x000000d731600000,0x000000d731700000) (1024K)]
  0x00000224fd49a280 JavaThread "Start Level: Equinox Container: 1edc56e7-86de-43e0-b299-0ea7f629b14b" daemon [_thread_blocked, id=8836, stack(0x000000d731f00000,0x000000d732000000) (1024K)]
  0x00000224f8c6d5e0 JavaThread "Bundle File Closer"         daemon [_thread_blocked, id=11680, stack(0x000000d732000000,0x000000d732100000) (1024K)]
  0x00000224f8c6dc70 JavaThread "Refresh Thread: Equinox Container: 1edc56e7-86de-43e0-b299-0ea7f629b14b" daemon [_thread_new, id=11300, stack(0x0000000000000000,0x0000000000000000) (0B)]
Total: 20

Other Threads:
  0x00000224a3ad70f0 VMThread "VM Thread"                           [id=13248, stack(0x000000d730b00000,0x000000d730c00000) (1024K)]
  0x00000224a3e1e3a0 WatcherThread "VM Periodic Task Thread"        [id=16772, stack(0x000000d730a00000,0x000000d730b00000) (1024K)]
  0x00000224a3d75f40 WorkerThread "GC Thread#0"                     [id=8512, stack(0x000000d730900000,0x000000d730a00000) (1024K)]
  0x00000224fd3c06a0 WorkerThread "GC Thread#1"                     [id=3244, stack(0x000000d731700000,0x000000d731800000) (1024K)]
  0x00000224fd3f3430 WorkerThread "GC Thread#2"                     [id=6900, stack(0x000000d731800000,0x000000d731900000) (1024K)]
  0x00000224fd3f37e0 WorkerThread "GC Thread#3"                     [id=12320, stack(0x000000d731900000,0x000000d731a00000) (1024K)]
Total: 6

Threads with active compile tasks:
C2 CompilerThread0  11499 2089   !   4       org.eclipse.osgi.util.ManifestElement::parseHeader (708 bytes)
Total: 1

VM state: not at safepoint (normal execution)

VM Mutex/Monitor currently owned by a thread: None

Heap address: 0x00000000e0000000, size: 512 MB, Compressed Oops mode: 32-bit

CDS archive(s) mapped at: [0x00000224b7000000-0x00000224b7ba0000-0x00000224b7ba0000), size 12189696, SharedBaseAddress: 0x00000224b7000000, ArchiveRelocationMode: 1.
Compressed class space mapped at: 0x00000224b8000000-0x00000224f8000000, reserved size: 1073741824
Narrow klass base: 0x00000224b7000000, Narrow klass shift: 0, Narrow klass range: 0x100000000

GC Precious Log:
 CardTable entry size: 512
 CPUs: 4 total, 4 available
 Memory: 8097M
 Large Page Support: Disabled
 NUMA Support: Disabled
 Compressed Oops: Enabled (32-bit)
 Alignments: Space 512K, Generation 512K, Heap 2M
 Heap Min Capacity: 100M
 Heap Initial Capacity: 100M
 Heap Max Capacity: 512M
 Pre-touch: Disabled
 Parallel Workers: 4

Heap:
 PSYoungGen      total 29696K, used 29442K [0x00000000f5580000, 0x00000000f7680000, 0x0000000100000000)
  eden space 25600K, 99% used [0x00000000f5580000,0x00000000f6e41080,0x00000000f6e80000)
  from space 4096K, 99% used [0x00000000f7280000,0x00000000f767fa40,0x00000000f7680000)
  to   space 4096K, 0% used [0x00000000f6e80000,0x00000000f6e80000,0x00000000f7280000)
 ParOldGen       total 68608K, used 96K [0x00000000e0000000, 0x00000000e4300000, 0x00000000f5580000)
  object space 68608K, 0% used [0x00000000e0000000,0x00000000e0018000,0x00000000e4300000)
 Metaspace       used 8681K, committed 9088K, reserved 1114112K
  class space    used 898K, committed 1088K, reserved 1048576K

Card table byte_map: [0x00000224a3710000,0x00000224a3820000] _byte_map_base: 0x00000224a3010000

Marking Bits: (ParMarkBitMap*) 0x00007ff9fd3f3450
 Begin Bits: [0x00000224b5f70000, 0x00000224b6770000)
 End Bits:   [0x00000224b6770000, 0x00000224b6f70000)

Polling page: 0x00000224a1b20000

Metaspace:

Usage:
  Non-class:      7.60 MB used.
      Class:    898.28 KB used.
       Both:      8.48 MB used.

Virtual space:
  Non-class space:       64.00 MB reserved,       7.81 MB ( 12%) committed,  1 nodes.
      Class space:        1.00 GB reserved,       1.06 MB ( <1%) committed,  1 nodes.
             Both:        1.06 GB reserved,       8.88 MB ( <1%) committed. 

Chunk freelists:
   Non-Class:  7.93 MB
       Class:  14.87 MB
        Both:  22.81 MB

MaxMetaspaceSize: unlimited
CompressedClassSpaceSize: 1.00 GB
Initial GC threshold: 21.00 MB
Current GC threshold: 21.00 MB
CDS: on
 - commit_granule_bytes: 65536.
 - commit_granule_words: 8192.
 - virtual_space_node_default_size: 8388608.
 - enlarge_chunks_in_place: 1.
 - use_allocation_guard: 0.


Internal statistics:

num_allocs_failed_limit: 0.
num_arena_births: 228.
num_arena_deaths: 0.
num_vsnodes_births: 2.
num_vsnodes_deaths: 0.
num_space_committed: 142.
num_space_uncommitted: 0.
num_chunks_returned_to_freelist: 0.
num_chunks_taken_from_freelist: 435.
num_chunk_merges: 0.
num_chunk_splits: 281.
num_chunks_enlarged: 191.
num_inconsistent_stats: 0.

CodeHeap 'non-profiled nmethods': size=120000Kb used=936Kb max_used=936Kb free=119064Kb
 bounds [0x00000224aea40000, 0x00000224aecb0000, 0x00000224b5f70000]
CodeHeap 'profiled nmethods': size=120000Kb used=4043Kb max_used=4043Kb free=115956Kb
 bounds [0x00000224a6f70000, 0x00000224a7370000, 0x00000224ae4a0000]
CodeHeap 'non-nmethods': size=5760Kb used=1210Kb max_used=1235Kb free=4550Kb
 bounds [0x00000224ae4a0000, 0x00000224ae710000, 0x00000224aea40000]
CodeCache: size=245760Kb, used=6189Kb, max_used=6214Kb, free=239570Kb
 total_blobs=2597, nmethods=2121, adapters=383, full_count=0
Compilation: enabled, stopped_count=0, restarted_count=0

Compilation events (20 events):
Event: 11.445 Thread 0x00000224a3b71220 2110       3       java.lang.Boolean::parseBoolean (7 bytes)
Event: 11.445 Thread 0x00000224a3b71220 nmethod 2110 0x00000224a7358d90 code [0x00000224a7358f40, 0x00000224a7359070]
Event: 11.447 Thread 0x00000224a3b71220 2112  s!   3       org.eclipse.osgi.framework.eventmgr.EventManager$EventThread::getNextEvent (61 bytes)
Event: 11.448 Thread 0x00000224a3b71220 nmethod 2112 0x00000224a7359110 code [0x00000224a73592e0, 0x00000224a7359788]
Event: 11.449 Thread 0x00000224a3b71220 2114       3       java.lang.System$2::getEnumConstantsShared (8 bytes)
Event: 11.449 Thread 0x00000224a3b71220 nmethod 2114 0x00000224a7359910 code [0x00000224a7359ac0, 0x00000224a7359cf8]
Event: 11.449 Thread 0x00000224a3b71220 2115       1       org.eclipse.osgi.internal.framework.EquinoxBundle$SystemBundle$EquinoxSystemModule::getBundle (5 bytes)
Event: 11.450 Thread 0x00000224a3b71220 nmethod 2115 0x00000224aeb29310 code [0x00000224aeb294a0, 0x00000224aeb29568]
Event: 11.450 Thread 0x00000224a3b71220 2116   !   3       org.eclipse.osgi.framework.eventmgr.ListenerQueue::dispatchEventAsynchronous (108 bytes)
Event: 11.451 Thread 0x00000224a3b71220 nmethod 2116 0x00000224a7359e10 code [0x00000224a735a080, 0x00000224a735ace8]
Event: 11.451 Thread 0x00000224a3b71220 2117  s    3       org.eclipse.osgi.framework.eventmgr.EventManager::getEventThread (52 bytes)
Event: 11.453 Thread 0x00000224a3b71220 nmethod 2117 0x00000224a735b190 code [0x00000224a735b420, 0x00000224a735c260]
Event: 11.453 Thread 0x00000224a3b71220 2118  s    3       org.eclipse.osgi.framework.eventmgr.EventManager$EventThread::postEvent (71 bytes)
Event: 11.453 Thread 0x00000224a3b71220 nmethod 2118 0x00000224a735c690 code [0x00000224a735c880, 0x00000224a735cf48]
Event: 11.454 Thread 0x00000224a3b71220 2120       3       java.io.FilterInputStream::available (8 bytes)
Event: 11.455 Thread 0x00000224a3b71220 nmethod 2120 0x00000224a735d190 code [0x00000224a735d340, 0x00000224a735d518]
Event: 11.455 Thread 0x00000224a3b71220 2121       1       org.eclipse.osgi.storage.Storage::getModuleContainer (5 bytes)
Event: 11.455 Thread 0x00000224a3b71220 nmethod 2121 0x00000224aeb29a10 code [0x00000224aeb29ba0, 0x00000224aeb29c68]
Event: 11.455 Thread 0x00000224a3b71220 2122       3       org.eclipse.osgi.framework.eventmgr.CopyOnWriteIdentityMap$Snapshot$EntrySet::size (9 bytes)
Event: 11.456 Thread 0x00000224a3b71220 nmethod 2122 0x00000224a735d610 code [0x00000224a735d7c0, 0x00000224a735d8f8]

GC Heap History (4 events):
Event: 2.549 GC heap before
{Heap before GC invocations=1 (full 0):
 PSYoungGen      total 29696K, used 25600K [0x00000000f5580000, 0x00000000f7680000, 0x0000000100000000)
  eden space 25600K, 100% used [0x00000000f5580000,0x00000000f6e80000,0x00000000f6e80000)
  from space 4096K, 0% used [0x00000000f7280000,0x00000000f7280000,0x00000000f7680000)
  to   space 4096K, 0% used [0x00000000f6e80000,0x00000000f6e80000,0x00000000f7280000)
 ParOldGen       total 68608K, used 0K [0x00000000e0000000, 0x00000000e4300000, 0x00000000f5580000)
  object space 68608K, 0% used [0x00000000e0000000,0x00000000e0000000,0x00000000e4300000)
 Metaspace       used 4508K, committed 4736K, reserved 1114112K
  class space    used 493K, committed 576K, reserved 1048576K
}
Event: 2.567 GC heap after
{Heap after GC invocations=1 (full 0):
 PSYoungGen      total 29696K, used 3303K [0x00000000f5580000, 0x00000000f7680000, 0x0000000100000000)
  eden space 25600K, 0% used [0x00000000f5580000,0x00000000f5580000,0x00000000f6e80000)
  from space 4096K, 80% used [0x00000000f6e80000,0x00000000f71b9e98,0x00000000f7280000)
  to   space 4096K, 0% used [0x00000000f7280000,0x00000000f7280000,0x00000000f7680000)
 ParOldGen       total 68608K, used 0K [0x00000000e0000000, 0x00000000e4300000, 0x00000000f5580000)
  object space 68608K, 0% used [0x00000000e0000000,0x00000000e0000000,0x00000000e4300000)
 Metaspace       used 4508K, committed 4736K, reserved 1114112K
  class space    used 493K, committed 576K, reserved 1048576K
}
Event: 9.879 GC heap before
{Heap before GC invocations=2 (full 0):
 PSYoungGen      total 29696K, used 28903K [0x00000000f5580000, 0x00000000f7680000, 0x0000000100000000)
  eden space 25600K, 100% used [0x00000000f5580000,0x00000000f6e80000,0x00000000f6e80000)
  from space 4096K, 80% used [0x00000000f6e80000,0x00000000f71b9e98,0x00000000f7280000)
  to   space 4096K, 0% used [0x00000000f7280000,0x00000000f7280000,0x00000000f7680000)
 ParOldGen       total 68608K, used 0K [0x00000000e0000000, 0x00000000e4300000, 0x00000000f5580000)
  object space 68608K, 0% used [0x00000000e0000000,0x00000000e0000000,0x00000000e4300000)
 Metaspace       used 8376K, committed 8640K, reserved 1114112K
  class space    used 889K, committed 1024K, reserved 1048576K
}
Event: 9.886 GC heap after
{Heap after GC invocations=2 (full 0):
 PSYoungGen      total 29696K, used 4094K [0x00000000f5580000, 0x00000000f7680000, 0x0000000100000000)
  eden space 25600K, 0% used [0x00000000f5580000,0x00000000f5580000,0x00000000f6e80000)
  from space 4096K, 99% used [0x00000000f7280000,0x00000000f767fa40,0x00000000f7680000)
  to   space 4096K, 0% used [0x00000000f6e80000,0x00000000f6e80000,0x00000000f7280000)
 ParOldGen       total 68608K, used 96K [0x00000000e0000000, 0x00000000e4300000, 0x00000000f5580000)
  object space 68608K, 0% used [0x00000000e0000000,0x00000000e0018000,0x00000000e4300000)
 Metaspace       used 8376K, committed 8640K, reserved 1114112K
  class space    used 889K, committed 1024K, reserved 1048576K
}

Dll operation events (8 events):
Event: 0.021 Loaded shared library c:\Users\Siva\.vscode\extensions\redhat.java-1.54.0-win32-x64\jre\21.0.10-win32-x86_64\bin\java.dll
Event: 0.341 Loaded shared library c:\Users\Siva\.vscode\extensions\redhat.java-1.54.0-win32-x64\jre\21.0.10-win32-x86_64\bin\zip.dll
Event: 0.408 Loaded shared library C:\Users\Siva\.vscode\extensions\redhat.java-1.54.0-win32-x64\jre\21.0.10-win32-x86_64\bin\instrument.dll
Event: 0.420 Loaded shared library C:\Users\Siva\.vscode\extensions\redhat.java-1.54.0-win32-x64\jre\21.0.10-win32-x86_64\bin\net.dll
Event: 0.423 Loaded shared library C:\Users\Siva\.vscode\extensions\redhat.java-1.54.0-win32-x64\jre\21.0.10-win32-x86_64\bin\nio.dll
Event: 0.429 Loaded shared library C:\Users\Siva\.vscode\extensions\redhat.java-1.54.0-win32-x64\jre\21.0.10-win32-x86_64\bin\zip.dll
Event: 0.486 Loaded shared library C:\Users\Siva\.vscode\extensions\redhat.java-1.54.0-win32-x64\jre\21.0.10-win32-x86_64\bin\jimage.dll
Event: 0.675 Loaded shared library c:\Users\Siva\.vscode\extensions\redhat.java-1.54.0-win32-x64\jre\21.0.10-win32-x86_64\bin\verify.dll

Deoptimization events (20 events):
Event: 10.973 Thread 0x00000224a3d58080 DEOPT PACKING pc=0x00000224a7314d49 sp=0x000000d7308fe510
Event: 10.973 Thread 0x00000224a3d58080 DEOPT UNPACKING pc=0x00000224ae4f4242 sp=0x000000d7308fd998 mode 0
Event: 10.975 Thread 0x00000224a3d58080 Uncommon trap: trap_request=0xffffffcc fr.pc=0x00000224aeb1d980 relative=0x0000000000000140
Event: 10.975 Thread 0x00000224a3d58080 Uncommon trap: reason=intrinsic_or_type_checked_inlining action=make_not_entrant pc=0x00000224aeb1d980 method=java.util.ArrayList.toArray([Ljava/lang/Object;)[Ljava/lang/Object; @ 36 c2
Event: 10.975 Thread 0x00000224a3d58080 DEOPT PACKING pc=0x00000224aeb1d980 sp=0x000000d7308fe5a0
Event: 10.975 Thread 0x00000224a3d58080 DEOPT UNPACKING pc=0x00000224ae4f3aa2 sp=0x000000d7308fe540 mode 2
Event: 11.089 Thread 0x00000224a3d58080 Uncommon trap: trap_request=0xffffffdc fr.pc=0x00000224aeb1eff4 relative=0x00000000000002b4
Event: 11.089 Thread 0x00000224a3d58080 Uncommon trap: reason=class_check action=make_not_entrant pc=0x00000224aeb1eff4 method=java.util.ArrayList.toArray([Ljava/lang/Object;)[Ljava/lang/Object; @ 21 c2
Event: 11.089 Thread 0x00000224a3d58080 DEOPT PACKING pc=0x00000224aeb1eff4 sp=0x000000d7308fe200
Event: 11.089 Thread 0x00000224a3d58080 DEOPT UNPACKING pc=0x00000224ae4f3aa2 sp=0x000000d7308fe1c0 mode 2
Event: 11.101 Thread 0x00000224a3d58080 DEOPT PACKING pc=0x00000224a7314d49 sp=0x000000d7308fe0e0
Event: 11.101 Thread 0x00000224a3d58080 DEOPT UNPACKING pc=0x00000224ae4f4242 sp=0x000000d7308fd550 mode 0
Event: 11.108 Thread 0x00000224a3d58080 DEOPT PACKING pc=0x00000224a7314d49 sp=0x000000d7308fe510
Event: 11.108 Thread 0x00000224a3d58080 DEOPT UNPACKING pc=0x00000224ae4f4242 sp=0x000000d7308fd998 mode 0
Event: 11.115 Thread 0x00000224a3d58080 DEOPT PACKING pc=0x00000224a7314d49 sp=0x000000d7308fe0c0
Event: 11.115 Thread 0x00000224a3d58080 DEOPT UNPACKING pc=0x00000224ae4f4242 sp=0x000000d7308fd530 mode 0
Event: 11.116 Thread 0x00000224a3d58080 DEOPT PACKING pc=0x00000224a7314d49 sp=0x000000d7308fe0c0
Event: 11.116 Thread 0x00000224a3d58080 DEOPT UNPACKING pc=0x00000224ae4f4242 sp=0x000000d7308fd530 mode 0
Event: 11.116 Thread 0x00000224a3d58080 DEOPT PACKING pc=0x00000224a7314d49 sp=0x000000d7308fe0c0
Event: 11.116 Thread 0x00000224a3d58080 DEOPT UNPACKING pc=0x00000224ae4f4242 sp=0x000000d7308fd530 mode 0

Classes loaded (20 events):
Event: 3.638 Loading class java/net/ContentHandler
Event: 3.638 Loading class java/net/ContentHandler done
Event: 3.643 Loading class java/net/UrlDeserializedState
Event: 3.643 Loading class java/net/UrlDeserializedState done
Event: 3.643 Loading class java/lang/reflect/InaccessibleObjectException
Event: 3.643 Loading class java/lang/reflect/InaccessibleObjectException done
Event: 3.647 Loading class java/lang/StackWalker$Option
Event: 3.647 Loading class java/lang/StackWalker$Option done
Event: 3.675 Loading class javax/xml/parsers/ParserConfigurationException
Event: 3.675 Loading class javax/xml/parsers/ParserConfigurationException done
Event: 3.680 Loading class java/security/KeyStoreException
Event: 3.680 Loading class java/security/KeyStoreException done
Event: 3.685 Loading class java/lang/Thread$Builder$OfPlatform
Event: 3.685 Loading class java/lang/Thread$Builder
Event: 3.685 Loading class java/lang/Thread$Builder done
Event: 3.685 Loading class java/lang/Thread$Builder$OfPlatform done
Event: 3.685 Loading class java/lang/Thread$Builder$OfVirtual
Event: 3.686 Loading class java/lang/Thread$Builder$OfVirtual done
Event: 9.869 Loading class java/util/MissingResourceException
Event: 9.869 Loading class java/util/MissingResourceException done

Classes unloaded (0 events):
No events

Classes redefined (0 events):
No events

Internal exceptions (20 events):
Event: 2.402 Thread 0x00000224a3d58080 Exception <a 'java/lang/NoSuchMethodError'{0x00000000f6ab0bd0}: 'java.lang.ClassLoader java.lang.ClassLoader.getPlatformClassLoader(java.lang.Class)'> (0x00000000f6ab0bd0) 
thrown [s\src\hotspot\share\interpreter\linkResolver.cpp, line 773]
Event: 2.584 Thread 0x00000224a3d58080 Exception <a 'java/lang/ClassNotFoundException'{0x00000000f560f4e0}: sun/net/www/protocol/c/Handler> (0x00000000f560f4e0) 
thrown [s\src\hotspot\share\classfile\systemDictionary.cpp, line 312]
Event: 2.584 Thread 0x00000224a3d58080 Exception <a 'java/lang/ClassNotFoundException'{0x00000000f5610880}: sun/net/www/protocol/c/Handler> (0x00000000f5610880) 
thrown [s\src\hotspot\share\classfile\systemDictionary.cpp, line 312]
Event: 2.584 Thread 0x00000224a3d58080 Exception <a 'java/lang/ClassNotFoundException'{0x00000000f5611a68}: sun/net/www/protocol/c/Handler> (0x00000000f5611a68) 
thrown [s\src\hotspot\share\classfile\systemDictionary.cpp, line 312]
Event: 2.608 Thread 0x00000224a3d58080 Exception <a 'java/io/FileNotFoundException'{0x00000000f5644090}> (0x00000000f5644090) 
thrown [s\src\hotspot\share\prims\jni.cpp, line 520]
Event: 2.679 Thread 0x00000224a3d58080 Implicit null exception at 0x00000224aea9db49 to 0x00000224aea9e4bc
Event: 2.679 Thread 0x00000224a3d58080 Implicit null exception at 0x00000224aeab1a9a to 0x00000224aeab1ca4
Event: 2.680 Thread 0x00000224a3d58080 Exception <a 'java/lang/NoSuchMethodError'{0x00000000f5775370}: 'void java.lang.invoke.DirectMethodHandle$Holder.invokeStatic(java.lang.Object, java.lang.Object, java.lang.Object, java.lang.Object)'> (0x00000000f5775370) 
thrown [s\src\hotspot\share\interpreter\linkResolver.cpp, line 773]
Event: 2.682 Thread 0x00000224a3d58080 Implicit null exception at 0x00000224aeaa16bc to 0x00000224aeaa1958
Event: 2.682 Thread 0x00000224a3d58080 Implicit null exception at 0x00000224aeaab03d to 0x00000224aeaab0c1
Event: 2.889 Thread 0x00000224a3d58080 Exception <a 'java/lang/NoSuchMethodError'{0x00000000f5b76978}: 'int java.lang.invoke.DirectMethodHandle$Holder.invokeVirtual(java.lang.Object, java.lang.Object)'> (0x00000000f5b76978) 
thrown [s\src\hotspot\share\interpreter\linkResolver.cpp, line 773]
Event: 3.451 Thread 0x00000224a3d58080 Exception <a 'java/lang/IncompatibleClassChangeError'{0x00000000f65df370}: Found class java.lang.Object, but interface was expected> (0x00000000f65df370) 
thrown [s\src\hotspot\share\interpreter\linkResolver.cpp, line 840]
Event: 3.453 Thread 0x00000224a3d58080 Exception <a 'java/lang/NoSuchMethodError'{0x00000000f65e7fb0}: 'void java.lang.invoke.DirectMethodHandle$Holder.invokeInterface(java.lang.Object, java.lang.Object, java.lang.Object)'> (0x00000000f65e7fb0) 
thrown [s\src\hotspot\share\interpreter\linkResolver.cpp, line 773]
Event: 3.503 Thread 0x00000224a3d58080 Exception <a 'java/lang/NoSuchMethodError'{0x00000000f67b3f50}: 'int java.lang.invoke.DirectMethodHandle$Holder.invokeStaticInit(java.lang.Object, java.lang.Object, java.lang.Object, java.lang.Object)'> (0x00000000f67b3f50) 
thrown [s\src\hotspot\share\interpreter\linkResolver.cpp, line 773]
Event: 3.505 Thread 0x00000224a3d58080 Exception <a 'java/lang/NoSuchMethodError'{0x00000000f67be520}: 'void java.lang.invoke.DirectMethodHandle$Holder.invokeStaticInit(java.lang.Object, java.lang.Object)'> (0x00000000f67be520) 
thrown [s\src\hotspot\share\interpreter\linkResolver.cpp, line 773]
Event: 3.506 Thread 0x00000224a3d58080 Exception <a 'java/lang/NoSuchMethodError'{0x00000000f67c3a40}: 'int java.lang.invoke.DirectMethodHandle$Holder.invokeStaticInit(java.lang.Object, java.lang.Object)'> (0x00000000f67c3a40) 
thrown [s\src\hotspot\share\interpreter\linkResolver.cpp, line 773]
Event: 3.585 Thread 0x00000224a3d58080 Exception <a 'java/lang/NoSuchMethodError'{0x00000000f69ac4a8}: 'java.lang.Object java.lang.invoke.DirectMethodHandle$Holder.newInvokeSpecial(java.lang.Object, int, java.lang.Object)'> (0x00000000f69ac4a8) 
thrown [s\src\hotspot\share\interpreter\linkResolver.cpp, line 773]
Event: 3.651 Thread 0x00000224a3d58080 Exception <a 'java/lang/ClassNotFoundException'{0x00000000f6b26e60}: sun/net/www/protocol/plurl/Handler> (0x00000000f6b26e60) 
thrown [s\src\hotspot\share\classfile\systemDictionary.cpp, line 312]
Event: 3.651 Thread 0x00000224a3d58080 Exception <a 'java/lang/ClassNotFoundException'{0x00000000f6b27ce0}: sun/net/www/protocol/plurl/Handler> (0x00000000f6b27ce0) 
thrown [s\src\hotspot\share\classfile\systemDictionary.cpp, line 312]
Event: 3.657 Thread 0x00000224a3d58080 Exception <a 'java/lang/NoSuchMethodError'{0x00000000f6b67378}: 'void java.lang.invoke.DirectMethodHandle$Holder.invokeSpecial(java.lang.Object, java.lang.Object, java.lang.Object)'> (0x00000000f6b67378) 
thrown [s\src\hotspot\share\interpreter\linkResolver.cpp, line 773]

ZGC Phase Switch (0 events):
No events

VM Operations (20 events):
Event: 1.721 Executing non-safepoint VM operation: HandshakeAllThreads (Deoptimize)
Event: 1.721 Executing non-safepoint VM operation: HandshakeAllThreads (Deoptimize) done
Event: 1.841 Executing non-safepoint VM operation: HandshakeAllThreads (Deoptimize)
Event: 1.841 Executing non-safepoint VM operation: HandshakeAllThreads (Deoptimize) done
Event: 2.522 Executing non-safepoint VM operation: HandshakeAllThreads (Deoptimize)
Event: 2.522 Executing non-safepoint VM operation: HandshakeAllThreads (Deoptimize) done
Event: 2.549 Executing safepoint VM operation: ParallelGCFailedAllocation (Allocation Failure)
Event: 2.567 Executing safepoint VM operation: ParallelGCFailedAllocation (Allocation Failure) done
Event: 3.543 Executing non-safepoint VM operation: HandshakeAllThreads (Deoptimize)
Event: 3.543 Executing non-safepoint VM operation: HandshakeAllThreads (Deoptimize) done
Event: 3.645 Executing non-safepoint VM operation: HandshakeAllThreads (Deoptimize)
Event: 3.645 Executing non-safepoint VM operation: HandshakeAllThreads (Deoptimize) done
Event: 3.645 Executing safepoint VM operation: Cleanup
Event: 3.645 Executing safepoint VM operation: Cleanup done
Event: 4.660 Executing safepoint VM operation: Cleanup
Event: 4.660 Executing safepoint VM operation: Cleanup done
Event: 9.879 Executing safepoint VM operation: ParallelGCFailedAllocation (Allocation Failure)
Event: 9.886 Executing safepoint VM operation: ParallelGCFailedAllocation (Allocation Failure) done
Event: 10.893 Executing safepoint VM operation: Cleanup
Event: 10.927 Executing safepoint VM operation: Cleanup done

Memory protections (0 events):
No events

Nmethod flushes (0 events):
No events

Events (20 events):
Event: 0.215 Thread 0x00000224a3d58080 Thread added: 0x00000224a3b010e0
Event: 0.231 Thread 0x00000224a3d58080 Thread added: 0x00000224a3b71220
Event: 0.413 Thread 0x00000224a3d58080 Thread added: 0x00000224f8cdf2b0
Event: 0.658 Thread 0x00000224a3b71220 Thread added: 0x00000224f8d273c0
Event: 0.792 Thread 0x00000224f8d273c0 Thread exited: 0x00000224f8d273c0
Event: 1.092 Thread 0x00000224a3d58080 Thread added: 0x00000224f8d235a0
Event: 1.623 Thread 0x00000224a3b71220 Thread added: 0x00000224f8d091d0
Event: 2.221 Thread 0x00000224f8d091d0 Thread exited: 0x00000224f8d091d0
Event: 2.493 Thread 0x00000224a3b71220 Thread added: 0x00000224fd3bfd10
Event: 3.378 Thread 0x00000224a3d58080 Thread added: 0x00000224fd4f69d0
Event: 3.392 Thread 0x00000224fd4f69d0 Thread added: 0x00000224fd4d1b30
Event: 3.415 Thread 0x00000224a3d58080 Thread added: 0x00000224fd681660
Event: 3.427 Thread 0x00000224a3d58080 Thread added: 0x00000224fd4d3e80
Event: 3.520 Thread 0x00000224a3d58080 Thread added: 0x00000224fd49de90
Event: 3.788 Thread 0x00000224fd3bfd10 Thread exited: 0x00000224fd3bfd10
Event: 9.868 Thread 0x00000224a3d58080 Thread added: 0x00000224fd48ed70
Event: 9.871 Thread 0x00000224a3d58080 Thread added: 0x00000224fd49a280
Event: 9.904 Thread 0x00000224a3b71220 Thread added: 0x00000224f8f8aaf0
Event: 10.174 Thread 0x00000224f8f8aaf0 Thread exited: 0x00000224f8f8aaf0
Event: 11.366 Thread 0x00000224a3d58080 Thread added: 0x00000224f8c6d5e0


Dynamic libraries:
0x00007ff62f7a0000 - 0x00007ff62f7ae000 	c:\Users\Siva\.vscode\extensions\redhat.java-1.54.0-win32-x64\jre\21.0.10-win32-x86_64\bin\java.exe
0x00007ffa63630000 - 0x00007ffa63825000 	C:\Windows\SYSTEM32\ntdll.dll
0x00007ffa62160000 - 0x00007ffa6221e000 	C:\Windows\System32\KERNEL32.DLL
0x00007ffa61220000 - 0x00007ffa614e8000 	C:\Windows\System32\KERNELBASE.dll
0x00007ffa60da0000 - 0x00007ffa60ea0000 	C:\Windows\System32\ucrtbase.dll
0x00007ffa46f30000 - 0x00007ffa46f48000 	c:\Users\Siva\.vscode\extensions\redhat.java-1.54.0-win32-x64\jre\21.0.10-win32-x86_64\bin\jli.dll
0x00007ffa62c00000 - 0x00007ffa62da1000 	C:\Windows\System32\USER32.dll
0x00007ffa60ea0000 - 0x00007ffa60ec2000 	C:\Windows\System32\win32u.dll
0x00007ffa63220000 - 0x00007ffa6324b000 	C:\Windows\System32\GDI32.dll
0x00007ffa60ed0000 - 0x00007ffa60fdd000 	C:\Windows\System32\gdi32full.dll
0x00007ffa615d0000 - 0x00007ffa6166d000 	C:\Windows\System32\msvcp_win.dll
0x00007ffa44b90000 - 0x00007ffa44bae000 	c:\Users\Siva\.vscode\extensions\redhat.java-1.54.0-win32-x64\jre\21.0.10-win32-x86_64\bin\VCRUNTIME140.dll
0x00007ffa4e280000 - 0x00007ffa4e51a000 	C:\Windows\WinSxS\amd64_microsoft.windows.common-controls_6595b64144ccf1df_6.0.19041.1110_none_60b5254171f9507e\COMCTL32.dll
0x00007ffa62970000 - 0x00007ffa62a0e000 	C:\Windows\System32\msvcrt.dll
0x00007ffa62130000 - 0x00007ffa62160000 	C:\Windows\System32\IMM32.DLL
0x00007ffa5c1d0000 - 0x00007ffa5c1dc000 	c:\Users\Siva\.vscode\extensions\redhat.java-1.54.0-win32-x64\jre\21.0.10-win32-x86_64\bin\vcruntime140_1.dll
0x00007ffa30160000 - 0x00007ffa301ed000 	c:\Users\Siva\.vscode\extensions\redhat.java-1.54.0-win32-x64\jre\21.0.10-win32-x86_64\bin\msvcp140.dll
0x00007ff9fc730000 - 0x00007ff9fd4d1000 	c:\Users\Siva\.vscode\extensions\redhat.java-1.54.0-win32-x64\jre\21.0.10-win32-x86_64\bin\server\jvm.dll
0x00007ffa634d0000 - 0x00007ffa6357e000 	C:\Windows\System32\ADVAPI32.dll
0x00007ffa62db0000 - 0x00007ffa62e4c000 	C:\Windows\System32\sechost.dll
0x00007ffa61680000 - 0x00007ffa617a5000 	C:\Windows\System32\RPCRT4.dll
0x00007ffa62e50000 - 0x00007ffa62ebb000 	C:\Windows\System32\WS2_32.dll
0x00007ffa60300000 - 0x00007ffa6034b000 	C:\Windows\SYSTEM32\POWRPROF.dll
0x00007ffa5d600000 - 0x00007ffa5d627000 	C:\Windows\SYSTEM32\WINMM.dll
0x00007ffa4ef60000 - 0x00007ffa4ef6a000 	C:\Windows\SYSTEM32\VERSION.dll
0x00007ffa60170000 - 0x00007ffa60182000 	C:\Windows\SYSTEM32\UMPDC.dll
0x00007ffa5ec30000 - 0x00007ffa5ec42000 	C:\Windows\SYSTEM32\kernel.appcore.dll
0x00007ffa5a860000 - 0x00007ffa5a86a000 	c:\Users\Siva\.vscode\extensions\redhat.java-1.54.0-win32-x64\jre\21.0.10-win32-x86_64\bin\jimage.dll
0x00007ffa4e690000 - 0x00007ffa4e874000 	C:\Windows\SYSTEM32\DBGHELP.DLL
0x00007ffa4c1d0000 - 0x00007ffa4c1fc000 	C:\Windows\SYSTEM32\dbgcore.DLL
0x00007ffa614f0000 - 0x00007ffa61572000 	C:\Windows\System32\bcryptPrimitives.dll
0x00007ffa5a320000 - 0x00007ffa5a32f000 	c:\Users\Siva\.vscode\extensions\redhat.java-1.54.0-win32-x64\jre\21.0.10-win32-x86_64\bin\instrument.dll
0x00007ffa43bb0000 - 0x00007ffa43bd0000 	c:\Users\Siva\.vscode\extensions\redhat.java-1.54.0-win32-x64\jre\21.0.10-win32-x86_64\bin\java.dll
0x00007ffa62220000 - 0x00007ffa62964000 	C:\Windows\System32\SHELL32.dll
0x00007ffa5ee30000 - 0x00007ffa5f5c5000 	C:\Windows\SYSTEM32\windows.storage.dll
0x00007ffa62ec0000 - 0x00007ffa63215000 	C:\Windows\System32\combase.dll
0x00007ffa60790000 - 0x00007ffa607be000 	C:\Windows\SYSTEM32\Wldp.dll
0x00007ffa61ea0000 - 0x00007ffa61f4d000 	C:\Windows\System32\SHCORE.dll
0x00007ffa61e40000 - 0x00007ffa61e95000 	C:\Windows\System32\shlwapi.dll
0x00007ffa60c80000 - 0x00007ffa60c9f000 	C:\Windows\SYSTEM32\profapi.dll
0x00007ffa43ad0000 - 0x00007ffa43ae8000 	c:\Users\Siva\.vscode\extensions\redhat.java-1.54.0-win32-x64\jre\21.0.10-win32-x86_64\bin\zip.dll
0x00007ffa5a2e0000 - 0x00007ffa5a2f0000 	C:\Users\Siva\.vscode\extensions\redhat.java-1.54.0-win32-x64\jre\21.0.10-win32-x86_64\bin\net.dll
0x00007ffa515f0000 - 0x00007ffa516fc000 	C:\Windows\SYSTEM32\WINHTTP.dll
0x00007ffa604f0000 - 0x00007ffa6055a000 	C:\Windows\system32\mswsock.dll
0x00007ffa3c480000 - 0x00007ffa3c496000 	C:\Users\Siva\.vscode\extensions\redhat.java-1.54.0-win32-x64\jre\21.0.10-win32-x86_64\bin\nio.dll
0x00007ffa5a250000 - 0x00007ffa5a260000 	c:\Users\Siva\.vscode\extensions\redhat.java-1.54.0-win32-x64\jre\21.0.10-win32-x86_64\bin\verify.dll

JVMTI agents:
c:\Users\Siva\.vscode\extensions\redhat.java-1.54.0-win32-x64\lombok\lombok-1.18.39-4050.jar path:c:\Users\Siva\.vscode\extensions\redhat.java-1.54.0-win32-x64\jre\21.0.10-win32-x86_64\bin\instrument.dll, loaded, initialized, instrumentlib options:none

dbghelp: loaded successfully - version: 4.0.5 - missing functions: none
symbol engine: initialized successfully - sym options: 0x614 - pdb path: .;c:\Users\Siva\.vscode\extensions\redhat.java-1.54.0-win32-x64\jre\21.0.10-win32-x86_64\bin;C:\Windows\SYSTEM32;C:\Windows\WinSxS\amd64_microsoft.windows.common-controls_6595b64144ccf1df_6.0.19041.1110_none_60b5254171f9507e;c:\Users\Siva\.vscode\extensions\redhat.java-1.54.0-win32-x64\jre\21.0.10-win32-x86_64\bin\server

VM Arguments:
jvm_args: --add-modules=ALL-SYSTEM --add-opens=java.base/java.util=ALL-UNNAMED --add-opens=java.base/java.lang=ALL-UNNAMED --add-opens=java.base/sun.nio.fs=ALL-UNNAMED -Declipse.application=org.eclipse.jdt.ls.core.id1 -Dosgi.bundles.defaultStartLevel=4 -Declipse.product=org.eclipse.jdt.ls.core.product -Djava.import.generatesMetadataFilesAtProjectRoot=false -DDetectVMInstallationsJob.disabled=true -Dfile.encoding=utf8 -XX:+UseParallelGC -XX:GCTimeRatio=4 -XX:AdaptiveSizePolicyWeight=90 -Dsun.zip.disableMemoryMapping=true -Xmx2G -Xms100m -Xlog:disable -javaagent:c:\Users\Siva\.vscode\extensions\redhat.java-1.54.0-win32-x64\lombok\lombok-1.18.39-4050.jar -XX:+HeapDumpOnOutOfMemoryError -XX:HeapDumpPath=c:\Users\Siva\AppData\Roaming\Code\User\workspaceStorage\4f8e60674e3dc518b3742d47d5b86509\redhat.java -Daether.dependencyCollector.impl=bf -Xmx512M 
java_command: c:\Users\Siva\.vscode\extensions\redhat.java-1.54.0-win32-x64\server\plugins\org.eclipse.equinox.launcher_1.7.100.v20251111-0406.jar -configuration c:\Users\Siva\AppData\Roaming\Code\User\globalStorage\redhat.java\1.54.0\config_win -data c:\Users\Siva\AppData\Roaming\Code\User\workspaceStorage\4f8e60674e3dc518b3742d47d5b86509\redhat.java\jdt_ws --pipe=\\.\pipe\lsp-16c8e59962b81e1888f4c6c9a4384c8e-sock
java_class_path (initial): c:\Users\Siva\.vscode\extensions\redhat.java-1.54.0-win32-x64\server\plugins\org.eclipse.equinox.launcher_1.7.100.v20251111-0406.jar
Launcher Type: SUN_STANDARD

[Global flags]
    uintx AdaptiveSizePolicyWeight                 = 90                                        {product} {command line}
     intx CICompilerCount                          = 3                                         {product} {ergonomic}
    uintx GCTimeRatio                              = 4                                         {product} {command line}
     bool HeapDumpOnOutOfMemoryError               = true                                   {manageable} {command line}
    ccstr HeapDumpPath                             = c:\Users\Siva\AppData\Roaming\Code\User\workspaceStorage\4f8e60674e3dc518b3742d47d5b86509\redhat.java         {manageable} {command line}
   size_t InitialHeapSize                          = 104857600                                 {product} {command line}
   size_t MaxHeapSize                              = 536870912                                 {product} {command line}
   size_t MaxNewSize                               = 178782208                                 {product} {ergonomic}
   size_t MinHeapDeltaBytes                        = 524288                                    {product} {ergonomic}
   size_t MinHeapSize                              = 104857600                                 {product} {command line}
   size_t NewSize                                  = 34603008                                  {product} {ergonomic}
    uintx NonNMethodCodeHeapSize                   = 5832780                                {pd product} {ergonomic}
    uintx NonProfiledCodeHeapSize                  = 122912730                              {pd product} {ergonomic}
   size_t OldSize                                  = 70254592                                  {product} {ergonomic}
    uintx ProfiledCodeHeapSize                     = 122912730                              {pd product} {ergonomic}
    uintx ReservedCodeCacheSize                    = 251658240                              {pd product} {ergonomic}
     bool SegmentedCodeCache                       = true                                      {product} {ergonomic}
   size_t SoftMaxHeapSize                          = 536870912                              {manageable} {ergonomic}
     bool UseCompressedOops                        = true                           {product lp64_product} {ergonomic}
     bool UseLargePagesIndividualAllocation        = false                                  {pd product} {ergonomic}
     bool UseParallelGC                            = true                                      {product} {command line}

Logging:
Log output configuration:
 #0: stdout all=off uptime,level,tags foldmultilines=false
 #1: stderr all=off uptime,level,tags foldmultilines=false

Release file:
JAVA_VERSION="21.0.10" 
MODULES="java.base java.compiler java.datatransfer java.xml java.prefs java.desktop java.instrument java.logging java.management java.security.sasl java.naming java.rmi java.management.rmi java.net.http java.scripting java.security.jgss java.transaction.xa java.sql java.sql.rowset java.xml.crypto java.se java.smartcardio jdk.accessibility jdk.internal.jvmstat jdk.attach jdk.charsets jdk.internal.opt jdk.zipfs jdk.compiler jdk.crypto.ec jdk.crypto.cryptoki jdk.crypto.mscapi jdk.dynalink jdk.internal.ed jdk.editpad jdk.hotspot.agent jdk.httpserver jdk.internal.le jdk.internal.vm.ci jdk.internal.vm.compiler jdk.internal.vm.compiler.management jdk.jartool jdk.javadoc jdk.jcmd jdk.management jdk.management.agent jdk.jconsole jdk.jdeps jdk.jdwp.agent jdk.jdi jdk.jfr jdk.jshell jdk.jsobject jdk.jstatd jdk.localedata jdk.management.jfr jdk.naming.dns jdk.naming.rmi jdk.net jdk.nio.mapmode jdk.random jdk.sctp jdk.security.auth jdk.security.jgss jdk.unsupported jdk.unsupported.desktop jdk.xml.dom" 

Environment Variables:
JAVA_HOME=D:\jdk
_JAVA_OPTIONS=-Xmx512M
PATH=C:\Program Files\Common Files\Oracle\Java\javapath;C:\Program Files (x86)\Common Files\Oracle\Java\java8path;C:\Program Files (x86)\Common Files\Oracle\Java\javapath;C:\Program Files\Java\jdk-22\bin;C:\Windows\system32;C:\Windows;C:\Windows\System32\Wbem;C:\Windows\System32\WindowsPowerShell\v1.0\;C:\Windows\System32\OpenSSH\;C:\Program Files\dotnet\;C:\Program Files\nodejs\;C:\Users\Siva\OneDrive\Documents\mongosh-2.3.7-win32-x64\bin;C:\Program Files\Java\jdk-22\bin;C:\Program Files\Java\jdk-22\bin;D:\jdk;D:\java\bin;D:\jdk\bin;C:\Users\Siva\AppData\Local\Programs\Python\Launcher\;C:\Users\Siva\AppData\Local\Microsoft\WindowsApps;C:\Users\Siva\AppData\Roaming\npm;C:\Users\Siva\AppData\Local\Programs\Git\cmd;C:\Users\Siva\AppData\Local\Programs\Microsoft VS Code\bin;D:\cursor\resources\app\bin;D:\Antigravity\bin
USERNAME=Siva
OS=Windows_NT
PROCESSOR_IDENTIFIER=Intel64 Family 6 Model 69 Stepping 1, GenuineIntel
TMP=C:\Users\Siva\AppData\Local\Temp
TEMP=C:\Users\Siva\AppData\Local\Temp




Periodic native trim disabled

---------------  S Y S T E M  ---------------

OS:
 Windows 10 , 64 bit Build 19041 (10.0.19041.1466)
OS uptime: 31 days 16:06 hours

CPU: total 4 (initial active 4) (2 cores per cpu, 2 threads per core) family 6 model 69 stepping 1 microcode 0x25, cx8, cmov, fxsr, ht, mmx, sse, sse2, sse3, ssse3, sse4.1, sse4.2, popcnt, lzcnt, tsc, tscinvbit, avx, avx2, aes, erms, clmul, bmi1, bmi2, fma, vzeroupper, clflush, rdtscp, f16c
Processor Information for the first 4 processors :
  Max Mhz: 2401, Current Mhz: 2401, Mhz Limit: 2401

Memory: 4k page, system-wide physical 8097M (620M free)
TotalPageFile size 11289M (AvailPageFile size 1M)
current process WorkingSet (physical memory assigned to process): 94M, peak: 94M
current process commit charge ("private bytes"): 180M, peak: 180M

vm_info: OpenJDK 64-Bit Server VM (21.0.10+7-LTS) for windows-amd64 JRE (21.0.10+7-LTS), built on 2026-01-20T00:00:00Z by "admin" with MS VC++ 17.12 (VS2022)

END.
