#
# There is insufficient memory for the Java Runtime Environment to continue.
# Native memory allocation (mmap) failed to map 65536 bytes. Error detail: Failed to commit metaspace.
# Possible reasons:
#   The system is out of physical RAM or swap space
#   This process is running with CompressedOops enabled, and the Java Heap may be blocking the growth of the native heap
# Possible solutions:
#   Reduce memory load on the system
#   Increase physical memory or swap space
#   Check if swap backing store is full
#   Decrease Java heap size (-Xmx/-Xms)
#   Decrease number of Java threads
#   Decrease Java thread stack sizes (-Xss)
#   Set larger code cache with -XX:ReservedCodeCacheSize=
#   JVM is running with Unscaled Compressed Oops mode in which the Java heap is
#     placed in the first 4GB address space. The Java Heap base address is the
#     maximum limit for the native heap growth. Please use -XX:HeapBaseMinAddress
#     to set the Java Heap base and to place the Java Heap above 4GB virtual address.
# This output file may be truncated or incomplete.
#
#  Out of Memory Error (virtualSpaceNode.cpp:113), pid=12312, tid=5532
#
# JRE version: OpenJDK Runtime Environment Temurin-21.0.10+7 (21.0.10+7) (build 21.0.10+7-LTS)
# Java VM: OpenJDK 64-Bit Server VM Temurin-21.0.10+7 (21.0.10+7-LTS, mixed mode, sharing, tiered, compressed oops, compressed class ptrs, parallel gc, windows-amd64)
# No core dump will be written. Minidumps are not enabled by default on client versions of Windows
#

---------------  S U M M A R Y ------------

Command Line: --add-modules=ALL-SYSTEM --add-opens=java.base/java.util=ALL-UNNAMED --add-opens=java.base/java.lang=ALL-UNNAMED --add-opens=java.base/sun.nio.fs=ALL-UNNAMED -Declipse.application=org.eclipse.jdt.ls.core.id1 -Dosgi.bundles.defaultStartLevel=4 -Declipse.product=org.eclipse.jdt.ls.core.product -Djava.import.generatesMetadataFilesAtProjectRoot=false -DDetectVMInstallationsJob.disabled=true -Dfile.encoding=utf8 -XX:+UseParallelGC -XX:GCTimeRatio=4 -XX:AdaptiveSizePolicyWeight=90 -Dsun.zip.disableMemoryMapping=true -Xmx2G -Xms100m -Xlog:disable -javaagent:c:\Users\Siva\.vscode\extensions\redhat.java-1.54.0-win32-x64\lombok\lombok-1.18.39-4050.jar -Xmx512M c:\Users\Siva\.vscode\extensions\redhat.java-1.54.0-win32-x64\server\plugins\org.eclipse.equinox.launcher_1.7.100.v20251111-0406.jar -configuration c:\Users\Siva\AppData\Roaming\Code\User\globalStorage\redhat.java\1.54.0\config_ss_win -data c:\Users\Siva\AppData\Roaming\Code\User\workspaceStorage\4f8e60674e3dc518b3742d47d5b86509\redhat.java\ss_ws --pipe=\\.\pipe\lsp-9139442f6d4bfba7125284a0ed5c6d72-sock

Host: Intel(R) Core(TM) i5-4210U CPU @ 1.70GHz, 4 cores, 7G,  Windows 10 , 64 bit Build 19041 (10.0.19041.1466)
Time: Sun May 10 23:32:47 2026 India Standard Time elapsed time: 4.195707 seconds (0d 0h 0m 4s)

---------------  T H R E A D  ---------------

Current thread (0x000001dff0767230):  JavaThread "main"             [_thread_in_vm, id=5532, stack(0x000000d601800000,0x000000d601900000) (1024K)]

Stack: [0x000000d601800000,0x000000d601900000]
Native frames: (J=compiled Java code, j=interpreted, Vv=VM code, C=native code)
V  [jvm.dll+0x6d7a39]
V  [jvm.dll+0x8b4b26]
V  [jvm.dll+0x8b70de]
V  [jvm.dll+0x8b77c3]
V  [jvm.dll+0x284346]
V  [jvm.dll+0x8b086e]
V  [jvm.dll+0x679444]
V  [jvm.dll+0x1e82bb]
V  [jvm.dll+0x1e807e]
V  [jvm.dll+0x67bd42]
V  [jvm.dll+0x67bb72]
V  [jvm.dll+0x679e1e]
V  [jvm.dll+0x26e1f0]
V  [jvm.dll+0x684085]
V  [jvm.dll+0x21955e]
V  [jvm.dll+0x219a05]
V  [jvm.dll+0x21a3f8]
V  [jvm.dll+0x20f62e]
V  [jvm.dll+0x5b644f]
V  [jvm.dll+0x82ead6]
V  [jvm.dll+0x478db8]
V  [jvm.dll+0x47ebe8]
C  [java.dll+0x17ec]

Java frames: (J=compiled Java code, j=interpreted, Vv=VM code)
J 1123  java.lang.ClassLoader.defineClass1(Ljava/lang/ClassLoader;Ljava/lang/String;[BIILjava/security/ProtectionDomain;Ljava/lang/String;)Ljava/lang/Class; java.base@21.0.10 (0 bytes) @ 0x000001df87b43c91 [0x000001df87b43bc0+0x00000000000000d1]
j  java.lang.ClassLoader.defineClass(Ljava/lang/String;[BIILjava/security/ProtectionDomain;)Ljava/lang/Class;+27 java.base@21.0.10
j  java.security.SecureClassLoader.defineClass(Ljava/lang/String;[BIILjava/security/CodeSource;)Ljava/lang/Class;+12 java.base@21.0.10
j  java.net.URLClassLoader.defineClass(Ljava/lang/String;Ljdk/internal/loader/Resource;)Ljava/lang/Class;+220 java.base@21.0.10
j  java.net.URLClassLoader$1.run()Ljava/lang/Class;+43 java.base@21.0.10
j  java.net.URLClassLoader$1.run()Ljava/lang/Object;+1 java.base@21.0.10
J 1155 c1 java.security.AccessController.executePrivileged(Ljava/security/PrivilegedExceptionAction;Ljava/security/AccessControlContext;Ljava/lang/Class;)Ljava/lang/Object; java.base@21.0.10 (65 bytes) @ 0x000001df801d9c44 [0x000001df801d9ae0+0x0000000000000164]
j  java.security.AccessController.doPrivileged(Ljava/security/PrivilegedExceptionAction;Ljava/security/AccessControlContext;)Ljava/lang/Object;+13 java.base@21.0.10
j  java.net.URLClassLoader.findClass(Ljava/lang/String;)Ljava/lang/Class;+13 java.base@21.0.10
J 1173 c1 java.lang.ClassLoader.loadClass(Ljava/lang/String;Z)Ljava/lang/Class; java.base@21.0.10 (121 bytes) @ 0x000001df801dee24 [0x000001df801de860+0x00000000000005c4]
J 1020 c1 java.lang.ClassLoader.loadClass(Ljava/lang/String;)Ljava/lang/Class; java.base@21.0.10 (7 bytes) @ 0x000001df80198254 [0x000001df80198140+0x0000000000000114]
v  ~StubRoutines::call_stub 0x000001df8753100d
j  org.eclipse.osgi.storage.Storage.<init>(Lorg/eclipse/osgi/internal/framework/EquinoxContainer;[Ljava/lang/String;)V+676
j  org.eclipse.osgi.storage.Storage.createStorage(Lorg/eclipse/osgi/internal/framework/EquinoxContainer;)Lorg/eclipse/osgi/storage/Storage;+11
j  org.eclipse.osgi.internal.framework.EquinoxContainer.<init>(Ljava/util/Map;Lorg/osgi/framework/connect/ModuleConnector;)V+146
j  org.eclipse.osgi.launch.Equinox.<init>(Ljava/util/Map;Lorg/osgi/framework/connect/ModuleConnector;)V+10
j  org.eclipse.osgi.launch.Equinox.<init>(Ljava/util/Map;)V+3
j  org.eclipse.core.runtime.adaptor.EclipseStarter.startup([Ljava/lang/String;Ljava/lang/Runnable;)Lorg/osgi/framework/BundleContext;+28
j  org.eclipse.core.runtime.adaptor.EclipseStarter.run([Ljava/lang/String;Ljava/lang/Runnable;)Ljava/lang/Object;+21
j  java.lang.invoke.DirectMethodHandle$Holder.invokeStatic(Ljava/lang/Object;Ljava/lang/Object;Ljava/lang/Object;)Ljava/lang/Object;+11 java.base@21.0.10
j  java.lang.invoke.LambdaForm$MH+0x000001df9008a800.invoke(Ljava/lang/Object;Ljava/lang/Object;Ljava/lang/Object;Ljava/lang/Object;)Ljava/lang/Object;+54 java.base@21.0.10
j  java.lang.invoke.LambdaForm$MH+0x000001df90002c00.invokeExact_MT(Ljava/lang/Object;Ljava/lang/Object;Ljava/lang/Object;Ljava/lang/Object;Ljava/lang/Object;)Ljava/lang/Object;+22 java.base@21.0.10
j  jdk.internal.reflect.DirectMethodHandleAccessor.invokeImpl(Ljava/lang/Object;[Ljava/lang/Object;)Ljava/lang/Object;+72 java.base@21.0.10
j  jdk.internal.reflect.DirectMethodHandleAccessor.invoke(Ljava/lang/Object;[Ljava/lang/Object;)Ljava/lang/Object;+23 java.base@21.0.10
j  java.lang.reflect.Method.invoke(Ljava/lang/Object;[Ljava/lang/Object;)Ljava/lang/Object;+102 java.base@21.0.10
j  org.eclipse.equinox.launcher.Main.invokeFramework([Ljava/lang/String;[Ljava/net/URL;)V+155
j  org.eclipse.equinox.launcher.Main.basicRun([Ljava/lang/String;)V+191
j  org.eclipse.equinox.launcher.Main.run([Ljava/lang/String;)I+4
j  org.eclipse.equinox.launcher.Main.main([Ljava/lang/String;)V+10
v  ~StubRoutines::call_stub 0x000001df8753100d

Compiled method (n/a) 4294 1123     n 0       java.lang.ClassLoader::defineClass1 (native)
 total in heap  [0x000001df87b43a10,0x000001df87b43e98] = 1160
 relocation     [0x000001df87b43b70,0x000001df87b43ba8] = 56
 main code      [0x000001df87b43bc0,0x000001df87b43e96] = 726
 stub code      [0x000001df87b43e96,0x000001df87b43e98] = 2

[Constant Pool (empty)]

[MachCode]
[Entry Point]
  # {method} {0x000001df8f434f58} 'defineClass1' '(Ljava/lang/ClassLoader;Ljava/lang/String;[BIILjava/security/ProtectionDomain;Ljava/lang/String;)Ljava/lang/Class;' in 'java/lang/ClassLoader'
  # parm0:    rdx:rdx   = 'java/lang/ClassLoader'
  # parm1:    r8:r8     = 'java/lang/String'
  # parm2:    r9:r9     = '[B'
  # parm3:    rdi       = int
  # parm4:    rsi       = int
  # parm5:    rcx:rcx   = 'java/security/ProtectionDomain'
  # parm6:    [sp+0xa0]   = 'java/lang/String'  (sp of caller)
  0x000001df87b43bc0: 448b 5208 | 49bb 0000 | 008f df01 | 0000 4d03 | d349 3bc2 | 0f84 0600 

  0x000001df87b43bd8: ;   {runtime_call ic_miss_stub}
  0x000001df87b43bd8: 0000 e9a1 | a8a3 ff90 
[Verified Entry Point]
  0x000001df87b43be0: 8984 2400 | 80ff ff55 | 488b ec48 | 81ec 9000 | 0000 6690 | 4181 7f20 | 0100 0000 

  0x000001df87b43bfc: ;   {runtime_call StubRoutines (final stubs)}
  0x000001df87b43bfc: 7405 e8dd | 4da2 ff48 | 837d 1000 | 488d 4510 | 480f 4445 | 1048 8944 | 2440 4889 | 4c24 7048 
  0x000001df87b43c1c: 83f9 0048 | 8d44 2470 | 480f 4444 | 2470 4889 | 4424 3848 | 8974 2430 | 4889 7c24 | 284c 894c 
  0x000001df87b43c3c: 2458 4983 | f900 488d | 4424 5848 | 0f44 4424 | 5848 8944 | 2420 4c89 | 4424 5049 | 83f8 004c 
  0x000001df87b43c5c: 8d4c 2450 | 4c0f 444c | 2450 4889 | 5424 4848 | 83fa 004c | 8d44 2448 | 4c0f 4444 

  0x000001df87b43c78: ;   {oop(a 'java/lang/Class'{0x00000000f6ecc080} = 'java/lang/ClassLoader')}
  0x000001df87b43c78: 2448 49be | 80c0 ecf6 | 0000 0000 | 4c89 7424 | 784c 8d74 | 2478 498b | d6c5 f877 

  0x000001df87b43c94: ;   {internal_word}
  0x000001df87b43c94: 49ba 913c | b487 df01 | 0000 4d89 | 97a8 0300 | 0049 89a7 | a003 0000 

  0x000001df87b43cac: ;   {external_word}
  0x000001df87b43cac: 49ba c65c | 3dfd f97f | 0000 4180 | 3a00 0f84 | 4e00 0000 | 5241 5041 

  0x000001df87b43cc4: ;   {metadata({method} {0x000001df8f434f58} 'defineClass1' '(Ljava/lang/ClassLoader;Ljava/lang/String;[BIILjava/security/ProtectionDomain;Ljava/lang/String;)Ljava/lang/Class;' in 'java/lang/ClassLoader')}
  0x000001df87b43cc4: 5148 ba50 | 4f43 8fdf | 0100 0049 | 8bcf 4883 | ec20 40f6 | c40f 0f84 | 1900 0000 | 4883 ec08 
  0x000001df87b43ce4: ;   {runtime_call}
  0x000001df87b43ce4: 48b8 50e1 | e6fc f97f | 0000 ffd0 | 4883 c408 | e90c 0000 

  0x000001df87b43cf8: ;   {runtime_call}
  0x000001df87b43cf8: 0048 b850 | e1e6 fcf9 | 7f00 00ff | d048 83c4 | 2041 5941 | 585a 498d | 8fc0 0300 | 0041 c787 
  0x000001df87b43d18: 4c04 0000 | 0400 0000 

  0x000001df87b43d20: ;   {runtime_call}
  0x000001df87b43d20: 48b8 ac16 | bb43 fa7f | 0000 ffd0 | c5f8 7741 | c787 4c04 | 0000 0500 | 0000 f083 | 4424 c000 
  0x000001df87b43d40: 493b af50 | 0400 000f | 870e 0000 | 0041 83bf | 4804 0000 | 000f 842b | 0000 00c5 | f877 4889 
  0x000001df87b43d60: 45f8 498b | cf4c 8be4 | 4883 ec20 | 4883 e4f0 

  0x000001df87b43d70: ;   {runtime_call}
  0x000001df87b43d70: 48b8 d052 | b2fc f97f | 0000 ffd0 | 498b e44d | 33e4 488b | 45f8 41c7 | 874c 0400 | 0008 0000 
  0x000001df87b43d90: 0041 83bf | c804 0000 | 020f 84ca 

  0x000001df87b43d9c: ;   {external_word}
  0x000001df87b43d9c: 0000 0049 | bac6 5c3d | fdf9 7f00 | 0041 803a | 000f 844c | 0000 0048 

  0x000001df87b43db4: ;   {metadata({method} {0x000001df8f434f58} 'defineClass1' '(Ljava/lang/ClassLoader;Ljava/lang/String;[BIILjava/security/ProtectionDomain;Ljava/lang/String;)Ljava/lang/Class;' in 'java/lang/ClassLoader')}
  0x000001df87b43db4: 8945 f848 | ba50 4f43 | 8fdf 0100 | 0049 8bcf | 4883 ec20 | 40f6 c40f | 0f84 1900 | 0000 4883 
  0x000001df87b43dd4: ;   {runtime_call}
  0x000001df87b43dd4: ec08 48b8 | 50e1 e6fc | f97f 0000 | ffd0 4883 | c408 e90c 

  0x000001df87b43de8: ;   {runtime_call}
  0x000001df87b43de8: 0000 0048 | b850 e1e6 | fcf9 7f00 | 00ff d048 | 83c4 2048 | 8b45 f849 | c787 a003 | 0000 0000 
  0x000001df87b43e08: 0000 49c7 | 87a8 0300 | 0000 0000 | 00c5 f877 | 4885 c00f | 8425 0000 | 00a8 030f | 8508 0000 
  0x000001df87b43e28: 0048 8b00 | e915 0000 | 00a8 010f | 8509 0000 | 0048 8b40 | fee9 0400 | 0000 488b | 40ff 498b 
  0x000001df87b43e48: 8f30 0400 | 00c7 8100 | 0100 0000 | 0000 00c9 | 4983 7f08 | 000f 8501 | 0000 00c3 

  0x000001df87b43e64: ;   {runtime_call StubRoutines (initial stubs)}
  0x000001df87b43e64: e997 d09e | ffc5 f877 | 4889 45f8 | 4c8b e448 | 83ec 2048 

  0x000001df87b43e78: ;   {runtime_call}
  0x000001df87b43e78: 83e4 f048 | b8a0 18e7 | fcf9 7f00 | 00ff d049 | 8be4 4d33 | e448 8b45 | f8e9 09ff | ffff f4f4 
[/MachCode]


Compiled method (c1) 4307 1155       3       java.security.AccessController::executePrivileged (65 bytes)
 total in heap  [0x000001df801d9910,0x000001df801d9f00] = 1520
 relocation     [0x000001df801d9a70,0x000001df801d9ad8] = 104
 main code      [0x000001df801d9ae0,0x000001df801d9d88] = 680
 stub code      [0x000001df801d9d88,0x000001df801d9de0] = 88
 metadata       [0x000001df801d9de0,0x000001df801d9df0] = 16
 scopes data    [0x000001df801d9df0,0x000001df801d9e68] = 120
 scopes pcs     [0x000001df801d9e68,0x000001df801d9ee8] = 128
 dependencies   [0x000001df801d9ee8,0x000001df801d9ef0] = 8
 nul chk table  [0x000001df801d9ef0,0x000001df801d9f00] = 16

[Constant Pool (empty)]

[MachCode]
[Verified Entry Point]
  # {method} {0x000001df8f470d48} 'executePrivileged' '(Ljava/security/PrivilegedExceptionAction;Ljava/security/AccessControlContext;Ljava/lang/Class;)Ljava/lang/Object;' in 'java/security/AccessController'
  # parm0:    rdx:rdx   = 'java/security/PrivilegedExceptionAction'
  # parm1:    r8:r8     = 'java/security/AccessControlContext'
  # parm2:    r9:r9     = 'java/lang/Class'
  #           [sp+0x50]  (sp of caller)
  0x000001df801d9ae0: 8984 2400 | 80ff ff55 | 4883 ec40 | 4181 7f20 | 0100 0000 

  0x000001df801d9af4: ;   {runtime_call StubRoutines (final stubs)}
  0x000001df801d9af4: 7405 e8e5 | ee38 074c | 8944 2430 

  0x000001df801d9b00: ;   {metadata(method data for {method} {0x000001df8f470d48} 'executePrivileged' '(Ljava/security/PrivilegedExceptionAction;Ljava/security/AccessControlContext;Ljava/lang/Class;)Ljava/lang/Object;' in 'java/security/AccessController')}
  0x000001df801d9b00: 48be d8bf | 31f6 df01 | 0000 8bbe | cc00 0000 | 83c7 0289 | becc 0000 | 0081 e7fe | 0700 0085 
  0x000001df801d9b20: ff0f 84bf | 0100 004d 

  0x000001df801d9b28: ;   {metadata(method data for {method} {0x000001df8f470d48} 'executePrivileged' '(Ljava/security/PrivilegedExceptionAction;Ljava/security/AccessControlContext;Ljava/lang/Class;)Ljava/lang/Object;' in 'java/security/AccessController')}
  0x000001df801d9b28: 85c0 48be | d8bf 31f6 | df01 0000 | 48c7 c710 | 0100 0074 | 0748 c7c7 | 2001 0000 | 488b 1c3e 
  0x000001df801d9b48: 488d 5b01 | 4889 1c3e | 4c89 4c24 | 2848 8954 | 2420 0f84 | 2400 0000 

  0x000001df801d9b60: ;   {metadata(method data for {method} {0x000001df8f470d48} 'executePrivileged' '(Ljava/security/PrivilegedExceptionAction;Ljava/security/AccessControlContext;Ljava/lang/Class;)Ljava/lang/Object;' in 'java/security/AccessController')}
  0x000001df801d9b60: 48be d8bf | 31f6 df01 | 0000 4883 | 8630 0100 | 0001 498b 

  0x000001df801d9b74: ;   {static_call}
  0x000001df801d9b74: d066 90e8 

  0x000001df801d9b78: ; ImmutableOopMap {[32]=Oop [40]=Oop [48]=Oop }
                      ;*invokestatic ensureMaterializedForStackWalk {reexecute=0 rethrow=0 return_oop=0}
                      ; - java.security.AccessController::executePrivileged@5
  0x000001df801d9b78: 64df 9607 

  0x000001df801d9b7c: ;   {other}
  0x000001df801d9b7c: 0f1f 8400 | 6c02 0000 

  0x000001df801d9b84: ;   {metadata(method data for {method} {0x000001df8f470d48} 'executePrivileged' '(Ljava/security/PrivilegedExceptionAction;Ljava/security/AccessControlContext;Ljava/lang/Class;)Ljava/lang/Object;' in 'java/security/AccessController')}
  0x000001df801d9b84: 48ba d8bf | 31f6 df01 | 0000 ff82 | 4001 0000 | 488b 5424 | 2048 3b02 

  0x000001df801d9b9c: ;   {metadata(method data for {method} {0x000001df8f470d48} 'executePrivileged' '(Ljava/security/PrivilegedExceptionAction;Ljava/security/AccessControlContext;Ljava/lang/Class;)Ljava/lang/Object;' in 'java/security/AccessController')}
  0x000001df801d9b9c: 488b f248 | bfd8 bf31 | f6df 0100 | 008b 7608 | 49ba 0000 | 008f df01 | 0000 4903 | f248 3bb7 
  0x000001df801d9bbc: b001 0000 | 750d 4883 | 87b8 0100 | 0001 e960 | 0000 0048 | 3bb7 c001 | 0000 750d | 4883 87c8 
  0x000001df801d9bdc: 0100 0001 | e94a 0000 | 0048 83bf | b001 0000 | 0075 1748 | 89b7 b001 | 0000 48c7 | 87b8 0100 
  0x000001df801d9bfc: 0001 0000 | 00e9 2900 | 0000 4883 | bfc0 0100 | 0000 7517 | 4889 b7c0 | 0100 0048 | c787 c801 
  0x000001df801d9c1c: 0000 0100 | 0000 e908 | 0000 0048 | 8387 a001 | 0000 0166 | 0f1f 4400 | 0048 b8ff | ffff ffff 
  0x000001df801d9c3c: ;   {virtual_call}
  0x000001df801d9c3c: ffff ffe8 

  0x000001df801d9c40: ; ImmutableOopMap {[40]=Oop [48]=Oop }
                      ;*invokeinterface run {reexecute=0 rethrow=0 return_oop=0}
                      ; - java.security.AccessController::executePrivileged@29
  0x000001df801d9c40: 5c22 3a07 

  0x000001df801d9c44: ;   {other}
  0x000001df801d9c44: 0f1f 8400 | 3403 0001 

  0x000001df801d9c4c: ;   {metadata(method data for {method} {0x000001df8f470d48} 'executePrivileged' '(Ljava/security/PrivilegedExceptionAction;Ljava/security/AccessControlContext;Ljava/lang/Class;)Ljava/lang/Object;' in 'java/security/AccessController')}
  0x000001df801d9c4c: 48be d8bf | 31f6 df01 | 0000 ff86 | d801 0000 | 4c8b 4c24 

  0x000001df801d9c60: ;   {metadata(method data for {method} {0x000001df8f470d48} 'executePrivileged' '(Ljava/security/PrivilegedExceptionAction;Ljava/security/AccessControlContext;Ljava/lang/Class;)Ljava/lang/Object;' in 'java/security/AccessController')}
  0x000001df801d9c60: 2848 bed8 | bf31 f6df | 0100 0048 | 8386 3802 

  0x000001df801d9c70: ;   {metadata(method data for {method} {0x000001df8f03dbd0} 'reachabilityFence' '(Ljava/lang/Object;)V' in 'java/lang/ref/Reference')}
  0x000001df801d9c70: 0000 0148 | be48 f805 | f6df 0100 | 008b becc | 0000 0083 | c702 89be | cc00 0000 | 81e7 feff 
  0x000001df801d9c90: 1f00 85ff | 0f84 7200 

  0x000001df801d9c98: ;   {metadata(method data for {method} {0x000001df8f470d48} 'executePrivileged' '(Ljava/security/PrivilegedExceptionAction;Ljava/security/AccessControlContext;Ljava/lang/Class;)Ljava/lang/Object;' in 'java/security/AccessController')}
  0x000001df801d9c98: 0000 48be | d8bf 31f6 | df01 0000 | 4883 8648 | 0200 0001 

  0x000001df801d9cac: ;   {metadata(method data for {method} {0x000001df8f03dbd0} 'reachabilityFence' '(Ljava/lang/Object;)V' in 'java/lang/ref/Reference')}
  0x000001df801d9cac: 48be 48f8 | 05f6 df01 | 0000 8bbe | cc00 0000 | 83c7 0289 | becc 0000 | 0081 e7fe | ff1f 0085 
  0x000001df801d9ccc: ff0f 845a | 0000 0048 | 83c4 405d 

  0x000001df801d9cd8: ;   {poll_return}
  0x000001df801d9cd8: 493b a750 | 0400 000f | 8766 0000 

  0x000001df801d9ce4: ;   {metadata({method} {0x000001df8f470d48} 'executePrivileged' '(Ljava/security/PrivilegedExceptionAction;Ljava/security/AccessControlContext;Ljava/lang/Class;)Ljava/lang/Object;' in 'java/security/AccessController')}
  0x000001df801d9ce4: 00c3 49ba | 400d 478f | df01 0000 | 4c89 5424 | 0848 c704 | 24ff ffff 

  0x000001df801d9cfc: ;   {runtime_call counter_overflow Runtime1 stub}
  0x000001df801d9cfc: ffe8 fea3 

  0x000001df801d9d00: ; ImmutableOopMap {rdx=Oop r8=Oop r9=Oop [48]=Oop }
                      ;*synchronization entry
                      ; - java.security.AccessController::executePrivileged@-1
  0x000001df801d9d00: 4507 e920 

  0x000001df801d9d04: ;   {runtime_call throw_null_pointer_exception Runtime1 stub}
  0x000001df801d9d04: feff ffe8 

  0x000001df801d9d08: ; ImmutableOopMap {rdx=Oop [40]=Oop [48]=Oop }
                      ;*invokeinterface run {reexecute=0 rethrow=0 return_oop=0}
                      ; - java.security.AccessController::executePrivileged@29
  0x000001df801d9d08: f452 4507 

  0x000001df801d9d0c: ;   {metadata({method} {0x000001df8f03dbd0} 'reachabilityFence' '(Ljava/lang/Object;)V' in 'java/lang/ref/Reference')}
  0x000001df801d9d0c: 49ba c8db | 038f df01 | 0000 4c89 | 5424 0848 | c704 24ff 

  0x000001df801d9d20: ;   {runtime_call counter_overflow Runtime1 stub}
  0x000001df801d9d20: ffff ffe8 

  0x000001df801d9d24: ; ImmutableOopMap {rax=Oop r9=Oop }
                      ;*synchronization entry
                      ; - java.lang.ref.Reference::reachabilityFence@-1
                      ; - java.security.AccessController::executePrivileged@56
  0x000001df801d9d24: d8a3 4507 | e96d ffff 

  0x000001df801d9d2c: ;   {metadata({method} {0x000001df8f03dbd0} 'reachabilityFence' '(Ljava/lang/Object;)V' in 'java/lang/ref/Reference')}
  0x000001df801d9d2c: ff49 bac8 | db03 8fdf | 0100 004c | 8954 2408 | 48c7 0424 | ffff ffff 

  0x000001df801d9d44: ;   {runtime_call counter_overflow Runtime1 stub}
  0x000001df801d9d44: e8b7 a345 

  0x000001df801d9d48: ; ImmutableOopMap {rax=Oop }
                      ;*synchronization entry
                      ; - java.lang.ref.Reference::reachabilityFence@-1
                      ; - java.security.AccessController::executePrivileged@60
                      ;   {internal_word}
  0x000001df801d9d48: 07eb 8849 | bad8 9c1d | 80df 0100 | 004d 8997 | 6804 0000 

  0x000001df801d9d5c: ;   {runtime_call SafepointBlob}
  0x000001df801d9d5c: e99f ad3a | 0749 8b87 | 0005 0000 | 49c7 8700 | 0500 0000 | 0000 0049 | c787 0805 | 0000 0000 
  0x000001df801d9d7c: 0000 4883 

  0x000001df801d9d80: ;   {runtime_call unwind_exception Runtime1 stub}
  0x000001df801d9d80: c440 5de9 | 7858 3c07 
[Stub Code]
  0x000001df801d9d88: ;   {no_reloc}
  0x000001df801d9d88: 0f1f 4400 

  0x000001df801d9d8c: ;   {static_stub}
  0x000001df801d9d8c: 0048 bb00 | 0000 0000 

  0x000001df801d9d94: ;   {runtime_call nmethod}
  0x000001df801d9d94: 0000 00e9 | fbff ffff 

  0x000001df801d9d9c: ;   {static_stub}
  0x000001df801d9d9c: 48bb c00b | 478f df01 

  0x000001df801d9da4: ;   {runtime_call I2C/C2I adapters}
  0x000001df801d9da4: 0000 e938 

  0x000001df801d9da8: ;   {runtime_call handle_exception_from_callee Runtime1 stub}
  0x000001df801d9da8: 3e3a 07e8 | 5070 4507 

  0x000001df801d9db0: ;   {external_word}
  0x000001df801d9db0: 48b9 4053 | 13fd f97f | 0000 4883 

  0x000001df801d9dbc: ;   {runtime_call}
  0x000001df801d9dbc: e4f0 48b8 | b0c3 d5fc | f97f 0000 

  0x000001df801d9dc8: ;   {section_word}
  0x000001df801d9dc8: ffd0 f449 | bacb 9d1d | 80df 0100 

  0x000001df801d9dd4: ;   {runtime_call DeoptimizationBlob}
  0x000001df801d9dd4: 0041 52e9 | c49f 3a07 | f4f4 f4f4 
[/MachCode]


Compiled method (c1) 4347 1173   !   3       java.lang.ClassLoader::loadClass (121 bytes)
 total in heap  [0x000001df801de590,0x000001df801dfb70] = 5600
 relocation     [0x000001df801de6f0,0x000001df801de858] = 360
 main code      [0x000001df801de860,0x000001df801df448] = 3048
 stub code      [0x000001df801df448,0x000001df801df520] = 216
 oops           [0x000001df801df520,0x000001df801df530] = 16
 metadata       [0x000001df801df530,0x000001df801df598] = 104
 scopes data    [0x000001df801df598,0x000001df801df7f8] = 608
 scopes pcs     [0x000001df801df7f8,0x000001df801df9b8] = 448
 dependencies   [0x000001df801df9b8,0x000001df801df9d8] = 32
 handler table  [0x000001df801df9d8,0x000001df801dfb58] = 384
 nul chk table  [0x000001df801dfb58,0x000001df801dfb70] = 24

[Constant Pool (empty)]

[MachCode]
[Entry Point]
  # {method} {0x000001df8f014398} 'loadClass' '(Ljava/lang/String;Z)Ljava/lang/Class;' in 'java/lang/ClassLoader'
  # this:     rdx:rdx   = 'java/lang/ClassLoader'
  # parm0:    r8:r8     = 'java/lang/String'
  # parm1:    r9        = boolean
  #           [sp+0xd0]  (sp of caller)
  0x000001df801de860: 448b 5208 | 49bb 0000 | 008f df01 | 0000 4d03 | d34c 3bd0 

  0x000001df801de874: ;   {runtime_call ic_miss_stub}
  0x000001df801de874: 0f85 06fc | 3907 660f | 1f44 0000 
[Verified Entry Point]
  0x000001df801de880: 8984 2400 | 80ff ff55 | 4881 ecc0 | 0000 0090 | 4181 7f20 | 0100 0000 

  0x000001df801de898: ;   {runtime_call StubRoutines (final stubs)}
  0x000001df801de898: 7405 e841 | a138 0748 | 8954 2450 | 4c89 4424 

  0x000001df801de8a8: ;   {metadata(method data for {method} {0x000001df8f014398} 'loadClass' '(Ljava/lang/String;Z)Ljava/lang/Class;' in 'java/lang/ClassLoader')}
  0x000001df801de8a8: 5848 bee0 | da31 f6df | 0100 008b | becc 0000 | 0083 c702 | 89be cc00 | 0000 81e7 | fe07 0000 
  0x000001df801de8c8: 85ff 0f84 | 7409 0000 | 4489 4c24 | 6048 8bf2 

  0x000001df801de8d8: ;   {metadata(method data for {method} {0x000001df8f014398} 'loadClass' '(Ljava/lang/String;Z)Ljava/lang/Class;' in 'java/lang/ClassLoader')}
  0x000001df801de8d8: 48bf e0da | 31f6 df01 | 0000 8b76 | 0849 ba00 | 0000 8fdf | 0100 0049 | 03f2 483b | b720 0100 
  0x000001df801de8f8: 0075 0d48 | 8387 2801 | 0000 01e9 | 6000 0000 | 483b b730 | 0100 0075 | 0d48 8387 | 3801 0000 
  0x000001df801de918: 01e9 4a00 | 0000 4883 | bf20 0100 | 0000 7517 | 4889 b720 | 0100 0048 | c787 2801 | 0000 0100 
  0x000001df801de938: 0000 e929 | 0000 0048 | 83bf 3001 | 0000 0075 | 1748 89b7 | 3001 0000 | 48c7 8738 | 0100 0001 
  0x000001df801de958: 0000 00e9 | 0800 0000 | 4883 8710 | 0100 0001 | 498b f04c | 8bc6 488b | fa48 8bd7 

  0x000001df801de974: ;   {optimized virtual_call}
  0x000001df801de974: 6666 90e8 

  0x000001df801de978: ; ImmutableOopMap {[80]=Oop [88]=Oop }
                      ;*invokevirtual getClassLoadingLock {reexecute=0 rethrow=0 return_oop=0}
                      ; - java.lang.ClassLoader::loadClass@2
  0x000001df801de978: 841d fbff 

  0x000001df801de97c: ;   {other}
  0x000001df801de97c: 0f1f 8400 | ec03 0000 | 4889 4424 | 6848 8d94 | 24a0 0000 | 0048 8bf0 | 4889 7208 

  0x000001df801de998: ; implicit exception: dispatches to 0x000001df801df265
  0x000001df801de998: 488b 0648 | 83c8 0148 | 8902 f048 | 0fb1 160f | 8412 0000 | 0048 2bc4 | 4825 07f0 | ffff 4889 
  0x000001df801de9b8: 020f 85ab | 0800 0049 | ff87 5005 | 0000 488b 

  0x000001df801de9c8: ;   {metadata(method data for {method} {0x000001df8f014398} 'loadClass' '(Ljava/lang/String;Z)Ljava/lang/Class;' in 'java/lang/ClassLoader')}
  0x000001df801de9c8: 5424 5048 | bee0 da31 | f6df 0100 | 0048 8386 | 4801 0000 

  0x000001df801de9dc: ;   {metadata(method data for {method} {0x000001df8f4353e0} 'findLoadedClass' '(Ljava/lang/String;)Ljava/lang/Class;' in 'java/lang/ClassLoader')}
  0x000001df801de9dc: 0148 ba10 | e123 f6df | 0100 008b | b2cc 0000 | 0083 c602 | 89b2 cc00 | 0000 81e6 | feff 1f00 
  0x000001df801de9fc: 85f6 0f84 | 7908 0000 

  0x000001df801dea04: ;   {metadata(method data for {method} {0x000001df8f4353e0} 'findLoadedClass' '(Ljava/lang/String;)Ljava/lang/Class;' in 'java/lang/ClassLoader')}
  0x000001df801dea04: 48ba 10e1 | 23f6 df01 | 0000 4883 | 8210 0100 | 0001 488b | 5424 580f 

  0x000001df801dea1c: ;   {static_call}
  0x000001df801dea1c: 1f40 00e8 

  0x000001df801dea20: ; ImmutableOopMap {[80]=Oop [88]=Oop [104]=Oop [168]=Oop }
                      ;*invokestatic checkName {reexecute=0 rethrow=0 return_oop=0}
                      ; - java.lang.ClassLoader::findLoadedClass@1
                      ; - java.lang.ClassLoader::loadClass@10
  0x000001df801dea20: 1c25 ebff 

  0x000001df801dea24: ;   {other}
  0x000001df801dea24: 0f1f 8400 | 9404 0001 

  0x000001df801dea2c: ;   {metadata(method data for {method} {0x000001df8f4353e0} 'findLoadedClass' '(Ljava/lang/String;)Ljava/lang/Class;' in 'java/lang/ClassLoader')}
  0x000001df801dea2c: 85c0 49b8 | 10e1 23f6 | df01 0000 | 48c7 c220 | 0100 0075 | 0748 c7c2 | 3001 0000 | 498b 3410 
  0x000001df801dea4c: 488d 7601 | 4989 3410 | 0f85 0f00 

  0x000001df801dea58: ;   {oop(nullptr)}
  0x000001df801dea58: 0000 48be | 0000 0000 | 0000 0000 | e936 0000 | 0048 8b54 

  0x000001df801dea6c: ;   {metadata(method data for {method} {0x000001df8f4353e0} 'findLoadedClass' '(Ljava/lang/String;)Ljava/lang/Class;' in 'java/lang/ClassLoader')}
  0x000001df801dea6c: 2450 49b8 | 10e1 23f6 | df01 0000 | 4983 8040 | 0100 0001 | 4c8b 4424 | 5848 8b54 | 2450 0f1f 
  0x000001df801dea8c: ;   {optimized virtual_call}
  0x000001df801dea8c: 4400 00e8 

  0x000001df801dea90: ; ImmutableOopMap {[80]=Oop [88]=Oop [104]=Oop [168]=Oop }
                      ;*invokevirtual findLoadedClass0 {reexecute=0 rethrow=0 return_oop=0}
                      ; - java.lang.ClassLoader::findLoadedClass@11
                      ; - java.lang.ClassLoader::loadClass@10
  0x000001df801dea90: 2c49 9107 

  0x000001df801dea94: ;   {other}
  0x000001df801dea94: 0f1f 8400 | 0405 0002 | 488b f048 

  0x000001df801deaa0: ;   {metadata(method data for {method} {0x000001df8f014398} 'loadClass' '(Ljava/lang/String;Z)Ljava/lang/Class;' in 'java/lang/ClassLoader')}
  0x000001df801deaa0: 85f6 48bf | e0da 31f6 | df01 0000 | 48c7 c380 | 0100 0075 | 0748 c7c3 | 9001 0000 | 488b 041f 
  0x000001df801deac0: 488d 4001 | 4889 041f | 0f85 9605 | 0000 4889 

  0x000001df801dead0: ;   {metadata(method data for {method} {0x000001df8f014398} 'loadClass' '(Ljava/lang/String;Z)Ljava/lang/Class;' in 'java/lang/ClassLoader')}
  0x000001df801dead0: 7424 7048 | bfe0 da31 | f6df 0100 | 0048 8387 | a001 0000 

  0x000001df801deae4: ;   {runtime_call}
  0x000001df801deae4: 0148 b820 | 27e0 fcf9 | 7f00 00ff 

  0x000001df801deaf0: ;   {other}
  0x000001df801deaf0: d00f 1f84 | 0000 0000 | 0048 8944 | 2478 488b | 5424 508b | 7218 4885 

  0x000001df801deb08: ;   {metadata(method data for {method} {0x000001df8f014398} 'loadClass' '(Ljava/lang/String;Z)Ljava/lang/Class;' in 'java/lang/ClassLoader')}
  0x000001df801deb08: f649 b8e0 | da31 f6df | 0100 0049 | c7c1 b001 | 0000 7407 | 49c7 c1c0 | 0100 004b | 8b3c 0848 
  0x000001df801deb28: 8d7f 014b | 893c 080f | 84d4 0000 | 0048 3b06 

  0x000001df801deb38: ;   {metadata(method data for {method} {0x000001df8f014398} 'loadClass' '(Ljava/lang/String;Z)Ljava/lang/Class;' in 'java/lang/ClassLoader')}
  0x000001df801deb38: 4c8b c649 | b9e0 da31 | f6df 0100 | 0045 8b40 | 0849 ba00 | 0000 8fdf | 0100 004d | 03c2 4d3b 
  0x000001df801deb58: 81e0 0100 | 0075 0d49 | 8381 e801 | 0000 01e9 | 6000 0000 | 4d3b 81f0 | 0100 0075 | 0d49 8381 
  0x000001df801deb78: f801 0000 | 01e9 4a00 | 0000 4983 | b9e0 0100 | 0000 7517 | 4d89 81e0 | 0100 0049 | c781 e801 
  0x000001df801deb98: 0000 0100 | 0000 e929 | 0000 0049 | 83b9 f001 | 0000 0075 | 174d 8981 | f001 0000 | 49c7 81f8 
  0x000001df801debb8: 0100 0001 | 0000 00e9 | 0800 0000 | 4983 81d0 | 0100 0001 | 4c8b 4424 | 5841 b900 | 0000 0048 
  0x000001df801debd8: 8bd6 6666 | 9048 b8f8 | 8206 8fdf 

  0x000001df801debe4: ;   {virtual_call}
  0x000001df801debe4: 0100 00e8 

  0x000001df801debe8: ; ImmutableOopMap {[80]=Oop [88]=Oop [104]=Oop [112]=Oop [168]=Oop }
                      ;*invokevirtual loadClass {reexecute=0 rethrow=0 return_oop=0}
                      ; - java.lang.ClassLoader::loadClass@38
  0x000001df801debe8: f45d fdff 

  0x000001df801debec: ;   {other}
  0x000001df801debec: 0f1f 8400 | 5c06 0003 

  0x000001df801debf4: ;   {metadata(method data for {method} {0x000001df8f014398} 'loadClass' '(Ljava/lang/String;Z)Ljava/lang/Class;' in 'java/lang/ClassLoader')}
  0x000001df801debf4: 48ba e0da | 31f6 df01 | 0000 ff82 | 0802 0000 | e9d1 0000 

  0x000001df801dec08: ;   {metadata(method data for {method} {0x000001df8f014398} 'loadClass' '(Ljava/lang/String;Z)Ljava/lang/Class;' in 'java/lang/ClassLoader')}
  0x000001df801dec08: 0048 bae0 | da31 f6df | 0100 0048 | 8382 2002 

  0x000001df801dec18: ;   {metadata(method data for {method} {0x000001df8f435388} 'findBootstrapClassOrNull' '(Ljava/lang/String;)Ljava/lang/Class;' in 'java/lang/ClassLoader')}
  0x000001df801dec18: 0000 0148 | ba10 8230 | f6df 0100 | 008b b2cc | 0000 0083 | c602 89b2 | cc00 0000 | 81e6 feff 
  0x000001df801dec38: 1f00 85f6 | 0f84 6106 

  0x000001df801dec40: ;   {metadata(method data for {method} {0x000001df8f435388} 'findBootstrapClassOrNull' '(Ljava/lang/String;)Ljava/lang/Class;' in 'java/lang/ClassLoader')}
  0x000001df801dec40: 0000 48ba | 1082 30f6 | df01 0000 | 4883 8210 | 0100 0001 | 488b 5424 | 5866 0f1f 

  0x000001df801dec5c: ;   {static_call}
  0x000001df801dec5c: 4400 00e8 

  0x000001df801dec60: ; ImmutableOopMap {[80]=Oop [88]=Oop [104]=Oop [112]=Oop [168]=Oop }
                      ;*invokestatic checkName {reexecute=0 rethrow=0 return_oop=0}
                      ; - java.lang.ClassLoader::findBootstrapClassOrNull@1
                      ; - java.lang.ClassLoader::loadClass@47
  0x000001df801dec60: 1c01 3a07 

  0x000001df801dec64: ;   {other}
  0x000001df801dec64: 0f1f 8400 | d406 0004 

  0x000001df801dec6c: ;   {metadata(method data for {method} {0x000001df8f435388} 'findBootstrapClassOrNull' '(Ljava/lang/String;)Ljava/lang/Class;' in 'java/lang/ClassLoader')}
  0x000001df801dec6c: 85c0 48ba | 1082 30f6 | df01 0000 | 48c7 c620 | 0100 0075 | 0748 c7c6 | 3001 0000 | 488b 3c32 
  0x000001df801dec8c: 488d 7f01 | 4889 3c32 | 0f85 0f00 

  0x000001df801dec98: ;   {oop(nullptr)}
  0x000001df801dec98: 0000 48be | 0000 0000 | 0000 0000 | e92e 0000 

  0x000001df801deca8: ;   {metadata(method data for {method} {0x000001df8f435388} 'findBootstrapClassOrNull' '(Ljava/lang/String;)Ljava/lang/Class;' in 'java/lang/ClassLoader')}
  0x000001df801deca8: 0048 ba10 | 8230 f6df | 0100 0048 | 8382 4001 | 0000 0148 | 8b54 2458 | 0f1f 8000 

  0x000001df801decc4: ;   {static_call}
  0x000001df801decc4: 0000 00e8 

  0x000001df801decc8: ; ImmutableOopMap {[80]=Oop [88]=Oop [104]=Oop [112]=Oop [168]=Oop }
                      ;*invokestatic findBootstrapClass {reexecute=0 rethrow=0 return_oop=0}
                      ; - java.lang.ClassLoader::findBootstrapClassOrNull@10
                      ; - java.lang.ClassLoader::loadClass@47
  0x000001df801decc8: b400 3a07 

  0x000001df801deccc: ;   {other}
  0x000001df801deccc: 0f1f 8400 | 3c07 0005 | 488b f048 

  0x000001df801decd8: ;   {metadata(method data for {method} {0x000001df8f014398} 'loadClass' '(Ljava/lang/String;Z)Ljava/lang/Class;' in 'java/lang/ClassLoader')}
  0x000001df801decd8: 8bc6 48be | e0da 31f6 | df01 0000 | ff86 3002 | 0000 e91e | 0000 0049 | 8b87 0005 | 0000 4d33 
  0x000001df801decf8: d24d 8997 | 0005 0000 | 4d33 d24d | 8997 0805 | 0000 488b | c648 85c0 

  0x000001df801ded10: ;   {metadata(method data for {method} {0x000001df8f014398} 'loadClass' '(Ljava/lang/String;Z)Ljava/lang/Class;' in 'java/lang/ClassLoader')}
  0x000001df801ded10: 48be e0da | 31f6 df01 | 0000 48c7 | c758 0200 | 0074 0748 | c7c7 4802 | 0000 488b | 1c3e 488d 
  0x000001df801ded30: 5b01 4889 | 1c3e 0f84 | 0800 0000 | 488b f0e9 | 2003 0000 

  0x000001df801ded44: ;   {metadata(method data for {method} {0x000001df8f014398} 'loadClass' '(Ljava/lang/String;Z)Ljava/lang/Class;' in 'java/lang/ClassLoader')}
  0x000001df801ded44: 48be e0da | 31f6 df01 | 0000 4883 | 8668 0200 

  0x000001df801ded54: ;   {runtime_call}
  0x000001df801ded54: 0001 48b8 | 2027 e0fc | f97f 0000 

  0x000001df801ded60: ;   {other}
  0x000001df801ded60: ffd0 0f1f | 8400 0000 | 0000 488b 

  0x000001df801ded6c: ;   {metadata(method data for {method} {0x000001df8f014398} 'loadClass' '(Ljava/lang/String;Z)Ljava/lang/Class;' in 'java/lang/ClassLoader')}
  0x000001df801ded6c: 5424 5049 | b8e0 da31 | f6df 0100 | 008b 5208 | 49ba 0000 | 008f df01 | 0000 4903 | d249 3b90 
  0x000001df801ded8c: 8802 0000 | 750d 4983 | 8090 0200 | 0001 e960 | 0000 0049 | 3b90 9802 | 0000 750d | 4983 80a0 
  0x000001df801dedac: 0200 0001 | e94a 0000 | 0049 83b8 | 8802 0000 | 0075 1749 | 8990 8802 | 0000 49c7 | 8090 0200 
  0x000001df801dedcc: 0001 0000 | 00e9 2900 | 0000 4983 | b898 0200 | 0000 7517 | 4989 9098 | 0200 0049 | c780 a002 
  0x000001df801dedec: 0000 0100 | 0000 e908 | 0000 0049 | 8380 7802 | 0000 014c | 8b44 2458 | 488b 5424 | 5048 8984 
  0x000001df801dee0c: 2480 0000 | 000f 1f40 | 0048 b8ff | ffff ffff 

  0x000001df801dee1c: ;   {virtual_call}
  0x000001df801dee1c: ffff ffe8 

  0x000001df801dee20: ; ImmutableOopMap {[80]=Oop [104]=Oop [168]=Oop }
                      ;*invokevirtual findClass {reexecute=0 rethrow=0 return_oop=0}
                      ; - java.lang.ClassLoader::loadClass@69
  0x000001df801dee20: fccb 3907 

  0x000001df801dee24: ;   {other}
  0x000001df801dee24: 0f1f 8400 | 9408 0006 

  0x000001df801dee2c: ;   {metadata(method data for {method} {0x000001df8f014398} 'loadClass' '(Ljava/lang/String;Z)Ljava/lang/Class;' in 'java/lang/ClassLoader')}
  0x000001df801dee2c: 49b8 e0da | 31f6 df01 | 0000 4983 | 80b0 0200 

  0x000001df801dee3c: ;   {metadata(method data for {method} {0x000001df8f104040} 'getParentDelegationTime' '()Ljdk/internal/perf/PerfCounter;' in 'jdk/internal/perf/PerfCounter')}
  0x000001df801dee3c: 0001 49b8 | 10df 31f6 | df01 0000 | 418b 90cc | 0000 0083 | c202 4189 | 90cc 0000 | 0081 e2fe 
  0x000001df801dee5c: ff1f 0085 | d20f 845d 

  0x000001df801dee64: ;   {oop(a 'jdk/internal/perf/PerfCounter'{0x00000000f6fbf128})}
  0x000001df801dee64: 0400 0048 | ba28 f1fb | f600 0000 | 004c 8bc2 

  0x000001df801dee74: ;   {metadata(method data for {method} {0x000001df8f014398} 'loadClass' '(Ljava/lang/String;Z)Ljava/lang/Class;' in 'java/lang/ClassLoader')}
  0x000001df801dee74: 48be e0da | 31f6 df01 

  0x000001df801dee7c: ;   {metadata('jdk/internal/perf/PerfCounter')}
  0x000001df801dee7c: 0000 49ba | 6036 108f | df01 0000 | 4c89 96d0 | 0200 0048 | 8386 d802 | 0000 014c | 8b84 2480 
  0x000001df801dee9c: 0000 0048 | 8b74 2478 

  0x000001df801deea4: ;   {metadata(method data for {method} {0x000001df8f103e30} 'addTime' '(J)V' in 'jdk/internal/perf/PerfCounter')}
  0x000001df801deea4: 4c2b c648 | be38 e031 | f6df 0100 | 008b becc | 0000 0083 | c702 89be | cc00 0000 | 81e7 feff 
  0x000001df801deec4: 1f00 85ff | 0f84 1704 | 0000 488b 

  0x000001df801deed0: ;   {metadata(method data for {method} {0x000001df8f103e30} 'addTime' '(J)V' in 'jdk/internal/perf/PerfCounter')}
  0x000001df801deed0: f248 bf38 | e031 f6df 

  0x000001df801deed8: ;   {metadata('jdk/internal/perf/PerfCounter')}
  0x000001df801deed8: 0100 0049 | ba60 3610 | 8fdf 0100 | 004c 8997 | 2001 0000 | 4883 8728 | 0100 0001 | 4889 8424 
  0x000001df801deef8: 8800 0000 

  0x000001df801deefc: ;   {optimized virtual_call}
  0x000001df801deefc: 6666 90e8 

  0x000001df801def00: ; ImmutableOopMap {[80]=Oop [104]=Oop [136]=Oop [168]=Oop }
                      ;*invokevirtual add {reexecute=0 rethrow=0 return_oop=0}
                      ; - jdk.internal.perf.PerfCounter::addTime@2
                      ; - java.lang.ClassLoader::loadClass@82
  0x000001df801def00: fc20 feff 

  0x000001df801def04: ;   {other}
  0x000001df801def04: 0f1f 8400 | 7409 0007 

  0x000001df801def0c: ;   {metadata(method data for {method} {0x000001df8f014398} 'loadClass' '(Ljava/lang/String;Z)Ljava/lang/Class;' in 'java/lang/ClassLoader')}
  0x000001df801def0c: 49b8 e0da | 31f6 df01 | 0000 4983 | 80f8 0200 

  0x000001df801def1c: ;   {metadata(method data for {method} {0x000001df8f104098} 'getFindClassTime' '()Ljdk/internal/perf/PerfCounter;' in 'jdk/internal/perf/PerfCounter')}
  0x000001df801def1c: 0001 49b8 | d0e1 31f6 | df01 0000 | 418b 90cc | 0000 0083 | c202 4189 | 90cc 0000 | 0081 e2fe 
  0x000001df801def3c: ff1f 0085 | d20f 84bf 

  0x000001df801def44: ;   {oop(a 'jdk/internal/perf/PerfCounter'{0x00000000f6fbf008})}
  0x000001df801def44: 0300 0048 | ba08 f0fb | f600 0000 | 004c 8bc2 

  0x000001df801def54: ;   {metadata(method data for {method} {0x000001df8f014398} 'loadClass' '(Ljava/lang/String;Z)Ljava/lang/Class;' in 'java/lang/ClassLoader')}
  0x000001df801def54: 48be e0da | 31f6 df01 

  0x000001df801def5c: ;   {metadata('jdk/internal/perf/PerfCounter')}
  0x000001df801def5c: 0000 49ba | 6036 108f | df01 0000 | 4c89 9618 | 0300 0048 | 8386 2003 | 0000 014c | 8b84 2480 
  0x000001df801def7c: ;   {optimized virtual_call}
  0x000001df801def7c: 0000 00e8 

  0x000001df801def80: ; ImmutableOopMap {[80]=Oop [104]=Oop [136]=Oop [168]=Oop }
                      ;*invokevirtual addElapsedTimeFrom {reexecute=0 rethrow=0 return_oop=0}
                      ; - java.lang.ClassLoader::loadClass@90
  0x000001df801def80: 0905 0000 

  0x000001df801def84: ;   {other}
  0x000001df801def84: 0f1f 8400 | f409 0008 

  0x000001df801def8c: ;   {metadata(method data for {method} {0x000001df8f014398} 'loadClass' '(Ljava/lang/String;Z)Ljava/lang/Class;' in 'java/lang/ClassLoader')}
  0x000001df801def8c: 49b8 e0da | 31f6 df01 | 0000 4983 | 8040 0300 

  0x000001df801def9c: ;   {metadata(method data for {method} {0x000001df8f1040f0} 'getFindClasses' '()Ljdk/internal/perf/PerfCounter;' in 'jdk/internal/perf/PerfCounter')}
  0x000001df801def9c: 0001 49b8 | a0e4 31f6 | df01 0000 | 418b 90cc | 0000 0083 | c202 4189 | 90cc 0000 | 0081 e2fe 
  0x000001df801defbc: ff1f 0085 | d20f 8460 

  0x000001df801defc4: ;   {oop(a 'jdk/internal/perf/PerfCounter'{0x00000000f6fbf098})}
  0x000001df801defc4: 0300 0048 | ba98 f0fb | f600 0000 | 004c 8bc2 

  0x000001df801defd4: ;   {metadata(method data for {method} {0x000001df8f014398} 'loadClass' '(Ljava/lang/String;Z)Ljava/lang/Class;' in 'java/lang/ClassLoader')}
  0x000001df801defd4: 48be e0da | 31f6 df01 

  0x000001df801defdc: ;   {metadata('jdk/internal/perf/PerfCounter')}
  0x000001df801defdc: 0000 49ba | 6036 108f | df01 0000 | 4c89 9660 | 0300 0048 | 8386 6803 

  0x000001df801deff4: ;   {metadata(method data for {method} {0x000001df8f103ee0} 'increment' '()V' in 'jdk/internal/perf/PerfCounter')}
  0x000001df801deff4: 0000 0149 | b8c8 e531 | f6df 0100 | 0041 8bb0 | cc00 0000 | 83c6 0241 | 89b0 cc00 | 0000 81e6 
  0x000001df801df014: feff 1f00 | 85f6 0f84 | 2803 0000 

  0x000001df801df020: ;   {metadata(method data for {method} {0x000001df8f103ee0} 'increment' '()V' in 'jdk/internal/perf/PerfCounter')}
  0x000001df801df020: 4c8b c248 | bec8 e531 | f6df 0100 

  0x000001df801df02c: ;   {metadata('jdk/internal/perf/PerfCounter')}
  0x000001df801df02c: 0049 ba60 | 3610 8fdf | 0100 004c | 8996 2001 | 0000 4883 | 8628 0100 | 0001 49c7 | c001 0000 
  0x000001df801df04c: ;   {optimized virtual_call}
  0x000001df801df04c: 0066 90e8 

  0x000001df801df050: ; ImmutableOopMap {[80]=Oop [104]=Oop [136]=Oop [168]=Oop }
                      ;*invokevirtual add {reexecute=0 rethrow=0 return_oop=0}
                      ; - jdk.internal.perf.PerfCounter::increment@2
                      ; - java.lang.ClassLoader::loadClass@96
  0x000001df801df050: ac1f feff 

  0x000001df801df054: ;   {other}
  0x000001df801df054: 0f1f 8400 | c40a 0009 | 488b b424 | 8800 0000 | 448b 4c24 | 6045 85c9 

  0x000001df801df06c: ;   {metadata(method data for {method} {0x000001df8f014398} 'loadClass' '(Ljava/lang/String;Z)Ljava/lang/Class;' in 'java/lang/ClassLoader')}
  0x000001df801df06c: 48b8 e0da | 31f6 df01 | 0000 48c7 | c288 0300 | 0074 0748 | c7c2 9803 | 0000 488b | 3c10 488d 
  0x000001df801df08c: 7f01 4889 | 3c10 0f84 | 6d00 0000 | 488b 5424 

  0x000001df801df09c: ;   {metadata(method data for {method} {0x000001df8f014398} 'loadClass' '(Ljava/lang/String;Z)Ljava/lang/Class;' in 'java/lang/ClassLoader')}
  0x000001df801df09c: 5048 b8e0 | da31 f6df | 0100 0048 | 8380 a803 

  0x000001df801df0ac: ;   {metadata(method data for {method} {0x000001df8f435330} 'resolveClass' '(Ljava/lang/Class;)V' in 'java/lang/ClassLoader')}
  0x000001df801df0ac: 0000 0148 | b850 d82f | f6df 0100 | 008b 90cc | 0000 0083 | c202 8990 | cc00 0000 | 81e2 feff 
  0x000001df801df0cc: 1f00 85d2 | 0f84 9302 | 0000 4885 

  0x000001df801df0d8: ;   {metadata(method data for {method} {0x000001df8f435330} 'resolveClass' '(Ljava/lang/Class;)V' in 'java/lang/ClassLoader')}
  0x000001df801df0d8: f648 b850 | d82f f6df | 0100 0048 | c7c2 2001 | 0000 7407 | 48c7 c210 | 0100 0048 | 8b3c 1048 
  0x000001df801df0f8: 8d7f 0148 | 893c 100f | 8443 0000 | 0048 8d84 | 24a0 0000 | 0048 8b10 | 4885 d20f | 840f 0000 
  0x000001df801df118: 0048 8b78 | 08f0 480f | b117 0f85 | 6202 0000 | 49ff 8f50 | 0500 0048 | 8bc6 4881 | c4c0 0000 
  0x000001df801df138: ;   {poll_return}
  0x000001df801df138: 005d 493b | a750 0400 | 000f 8759 | 0200 00c3 | 4889 b424 | 9800 0000 

  0x000001df801df150: ;   {no_reloc}
  0x000001df801df150: e970 0200 | 0000 0000 | 0000 498b | 87b8 0100 | 0048 8d78 | 3049 3bbf | c801 0000 | 0f87 5d02 
  0x000001df801df170: 0000 4989 | bfb8 0100 | 0048 c700 | 0100 0000 | 488b ca49 | ba00 0000 | 8fdf 0100 | 0049 2bca 
  0x000001df801df190: 8948 0848 | 33c9 8948 | 0c48 33c9 | 4889 4810 | 4889 4818 | 4889 4820 | 4889 4828 

  0x000001df801df1ac: ;   {metadata(method data for {method} {0x000001df8f435330} 'resolveClass' '(Ljava/lang/Class;)V' in 'java/lang/ClassLoader')}
  0x000001df801df1ac: 488b d048 | be50 d82f | f6df 0100 | 0048 8386 | 3001 0000 | 0148 8bd0 | 4889 8424 | 9000 0000 
  0x000001df801df1cc: ;   {optimized virtual_call}
  0x000001df801df1cc: 6666 90e8 

  0x000001df801df1d0: ; ImmutableOopMap {[104]=Oop [144]=Oop [152]=Oop [168]=Oop }
                      ;*invokespecial <init> {reexecute=0 rethrow=0 return_oop=0}
                      ; - java.lang.ClassLoader::resolveClass@8
                      ; - java.lang.ClassLoader::loadClass@106
  0x000001df801df1d0: acf5 3907 

  0x000001df801df1d4: ;   {other}
  0x000001df801df1d4: 0f1f 8400 | 440c 000a | 488b 8424 

  0x000001df801df1e0: ; ImmutableOopMap {rax=Oop [104]=Oop [152]=Oop [168]=Oop }
                      ;*athrow {reexecute=1 rethrow=0 return_oop=0}
                      ; - (reexecute) java.lang.ClassLoader::resolveClass@11
                      ; - java.lang.ClassLoader::loadClass@106
  0x000001df801df1e0: 9000 0000 

  0x000001df801df1e4: ;   {section_word}
  0x000001df801df1e4: 48ba e4f1 | 1d80 df01 

  0x000001df801df1ec: ;   {runtime_call handle_exception_nofpu Runtime1 stub}
  0x000001df801df1ec: 0000 e80d | 1645 0790 | 498b 8700 | 0500 004d | 33d2 4d89 | 9700 0500 | 004d 33d2 | 4d89 9708 
  0x000001df801df20c: 0500 0048 | 8bf0 488d | 8424 a000 | 0000 488b | 3848 85ff | 0f84 0f00 | 0000 488b | 5808 f048 
  0x000001df801df22c: 0fb1 3b0f | 85a7 0100 | 0049 ff8f | 5005 0000 | 488b c6e9 | f301 0000 

  0x000001df801df244: ;   {metadata({method} {0x000001df8f014398} 'loadClass' '(Ljava/lang/String;Z)Ljava/lang/Class;' in 'java/lang/ClassLoader')}
  0x000001df801df244: 49ba 9043 | 018f df01 | 0000 4c89 | 5424 0848 | c704 24ff 

  0x000001df801df258: ;   {runtime_call counter_overflow Runtime1 stub}
  0x000001df801df258: ffff ffe8 

  0x000001df801df25c: ; ImmutableOopMap {rdx=Oop r8=Oop [80]=Oop [88]=Oop }
                      ;*synchronization entry
                      ; - java.lang.ClassLoader::loadClass@-1
  0x000001df801df25c: a04e 4507 | e96b f6ff 

  0x000001df801df264: ;   {runtime_call throw_null_pointer_exception Runtime1 stub}
  0x000001df801df264: ffe8 96fd 

  0x000001df801df268: ; ImmutableOopMap {rsi=Oop [80]=Oop [88]=Oop [104]=Oop }
                      ;*monitorenter {reexecute=0 rethrow=0 return_oop=0}
                      ; - java.lang.ClassLoader::loadClass@7
  0x000001df801df268: 4407 4889 | 7424 0848 

  0x000001df801df270: ;   {runtime_call monitorenter_nofpu Runtime1 stub}
  0x000001df801df270: 8914 24e8 

  0x000001df801df274: ; ImmutableOopMap {rsi=Oop [80]=Oop [88]=Oop [104]=Oop [168]=Oop }
                      ;*monitorenter {reexecute=0 rethrow=0 return_oop=0}
                      ; - java.lang.ClassLoader::loadClass@7
  0x000001df801df274: 882d 4507 | e949 f7ff 

  0x000001df801df27c: ;   {metadata({method} {0x000001df8f4353e0} 'findLoadedClass' '(Ljava/lang/String;)Ljava/lang/Class;' in 'java/lang/ClassLoader')}
  0x000001df801df27c: ff49 bad8 | 5343 8fdf | 0100 004c | 8954 2408 | 48c7 0424 | ffff ffff 

  0x000001df801df294: ;   {runtime_call counter_overflow Runtime1 stub}
  0x000001df801df294: e867 4e45 

  0x000001df801df298: ; ImmutableOopMap {[80]=Oop [88]=Oop [104]=Oop [168]=Oop }
                      ;*synchronization entry
                      ; - java.lang.ClassLoader::findLoadedClass@-1
                      ; - java.lang.ClassLoader::loadClass@10
  0x000001df801df298: 07e9 66f7 

  0x000001df801df29c: ;   {runtime_call throw_null_pointer_exception Runtime1 stub}
  0x000001df801df29c: ffff e85d 

  0x000001df801df2a0: ; ImmutableOopMap {rsi=Oop [80]=Oop [88]=Oop [104]=Oop [112]=Oop [168]=Oop }
                      ;*invokevirtual loadClass {reexecute=0 rethrow=0 return_oop=0}
                      ; - java.lang.ClassLoader::loadClass@38
                      ;   {metadata({method} {0x000001df8f435388} 'findBootstrapClassOrNull' '(Ljava/lang/String;)Ljava/lang/Class;' in 'java/lang/ClassLoader')}
  0x000001df801df2a0: fd44 0749 | ba80 5343 | 8fdf 0100 | 004c 8954 | 2408 48c7 | 0424 ffff 

  0x000001df801df2b8: ;   {runtime_call counter_overflow Runtime1 stub}
  0x000001df801df2b8: ffff e841 

  0x000001df801df2bc: ; ImmutableOopMap {[80]=Oop [88]=Oop [104]=Oop [112]=Oop [168]=Oop }
                      ;*synchronization entry
                      ; - java.lang.ClassLoader::findBootstrapClassOrNull@-1
                      ; - java.lang.ClassLoader::loadClass@47
  0x000001df801df2bc: 4e45 07e9 | 7ef9 ffff 

  0x000001df801df2c4: ;   {metadata({method} {0x000001df8f104040} 'getParentDelegationTime' '()Ljdk/internal/perf/PerfCounter;' in 'jdk/internal/perf/PerfCounter')}
  0x000001df801df2c4: 49ba 3840 | 108f df01 | 0000 4c89 | 5424 0848 | c704 24ff 

  0x000001df801df2d8: ;   {runtime_call counter_overflow Runtime1 stub}
  0x000001df801df2d8: ffff ffe8 

  0x000001df801df2dc: ; ImmutableOopMap {rax=Oop [80]=Oop [104]=Oop [168]=Oop }
                      ;*synchronization entry
                      ; - jdk.internal.perf.PerfCounter::getParentDelegationTime@-1
                      ; - java.lang.ClassLoader::loadClass@74
  0x000001df801df2dc: 204e 4507 | e982 fbff 

  0x000001df801df2e4: ;   {metadata({method} {0x000001df8f103e30} 'addTime' '(J)V' in 'jdk/internal/perf/PerfCounter')}
  0x000001df801df2e4: ff49 ba28 | 3e10 8fdf | 0100 004c | 8954 2408 | 48c7 0424 | ffff ffff 

  0x000001df801df2fc: ;   {runtime_call counter_overflow Runtime1 stub}
  0x000001df801df2fc: e8ff 4d45 

  0x000001df801df300: ; ImmutableOopMap {rax=Oop rdx=Oop [80]=Oop [104]=Oop [168]=Oop }
                      ;*synchronization entry
                      ; - jdk.internal.perf.PerfCounter::addTime@-1
                      ; - java.lang.ClassLoader::loadClass@82
  0x000001df801df300: 07e9 c8fb 

  0x000001df801df304: ;   {metadata({method} {0x000001df8f104098} 'getFindClassTime' '()Ljdk/internal/perf/PerfCounter;' in 'jdk/internal/perf/PerfCounter')}
  0x000001df801df304: ffff 49ba | 9040 108f | df01 0000 | 4c89 5424 | 0848 c704 | 24ff ffff 

  0x000001df801df31c: ;   {runtime_call counter_overflow Runtime1 stub}
  0x000001df801df31c: ffe8 de4d 

  0x000001df801df320: ; ImmutableOopMap {[80]=Oop [104]=Oop [136]=Oop [168]=Oop }
                      ;*synchronization entry
                      ; - jdk.internal.perf.PerfCounter::getFindClassTime@-1
                      ; - java.lang.ClassLoader::loadClass@85
  0x000001df801df320: 4507 e920 

  0x000001df801df324: ;   {metadata({method} {0x000001df8f1040f0} 'getFindClasses' '()Ljdk/internal/perf/PerfCounter;' in 'jdk/internal/perf/PerfCounter')}
  0x000001df801df324: fcff ff49 | bae8 4010 | 8fdf 0100 | 004c 8954 | 2408 48c7 | 0424 ffff 

  0x000001df801df33c: ;   {runtime_call counter_overflow Runtime1 stub}
  0x000001df801df33c: ffff e8bd 

  0x000001df801df340: ; ImmutableOopMap {[80]=Oop [104]=Oop [136]=Oop [168]=Oop }
                      ;*synchronization entry
                      ; - jdk.internal.perf.PerfCounter::getFindClasses@-1
                      ; - java.lang.ClassLoader::loadClass@93
  0x000001df801df340: 4d45 07e9 | 7ffc ffff 

  0x000001df801df348: ;   {metadata({method} {0x000001df8f103ee0} 'increment' '()V' in 'jdk/internal/perf/PerfCounter')}
  0x000001df801df348: 49ba d83e | 108f df01 | 0000 4c89 | 5424 0848 | c704 24ff 

  0x000001df801df35c: ;   {runtime_call counter_overflow Runtime1 stub}
  0x000001df801df35c: ffff ffe8 

  0x000001df801df360: ; ImmutableOopMap {rdx=Oop [80]=Oop [104]=Oop [136]=Oop [168]=Oop }
                      ;*synchronization entry
                      ; - jdk.internal.perf.PerfCounter::increment@-1
                      ; - java.lang.ClassLoader::loadClass@96
  0x000001df801df360: 9c4d 4507 | e9b7 fcff 

  0x000001df801df368: ;   {metadata({method} {0x000001df8f435330} 'resolveClass' '(Ljava/lang/Class;)V' in 'java/lang/ClassLoader')}
  0x000001df801df368: ff49 ba28 | 5343 8fdf | 0100 004c | 8954 2408 | 48c7 0424 | ffff ffff 

  0x000001df801df380: ;   {runtime_call counter_overflow Runtime1 stub}
  0x000001df801df380: e87b 4d45 

  0x000001df801df384: ; ImmutableOopMap {rsi=Oop [104]=Oop [168]=Oop }
                      ;*synchronization entry
                      ; - java.lang.ClassLoader::resolveClass@-1
                      ; - java.lang.ClassLoader::loadClass@106
  0x000001df801df384: 07e9 4cfd | ffff 488d | 8424 a000 | 0000 4889 

  0x000001df801df394: ;   {runtime_call monitorexit_nofpu Runtime1 stub}
  0x000001df801df394: 0424 e865 | 3245 07e9 | 8ffd ffff 

  0x000001df801df3a0: ;   {internal_word}
  0x000001df801df3a0: 49ba 3af1 | 1d80 df01 | 0000 4d89 | 9768 0400 

  0x000001df801df3b0: ;   {runtime_call SafepointBlob}
  0x000001df801df3b0: 00e9 4a57 

  0x000001df801df3b4: ;   {metadata(nullptr)}
  0x000001df801df3b4: 3a07 48ba | 0000 0000 | 0000 0000 | b800 0f05 

  0x000001df801df3c4: ;   {runtime_call load_klass_patching Runtime1 stub}
  0x000001df801df3c4: 0ae8 b63c 

  0x000001df801df3c8: ; ImmutableOopMap {[104]=Oop [152]=Oop [168]=Oop }
                      ;*new {reexecute=1 rethrow=0 return_oop=0}
                      ; - (reexecute) java.lang.ClassLoader::resolveClass@4
                      ; - java.lang.ClassLoader::loadClass@106
  0x000001df801df3c8: 4507 e981 | fdff ff48 

  0x000001df801df3d0: ;   {runtime_call fast_new_instance Runtime1 stub}
  0x000001df801df3d0: 8bd2 e829 

  0x000001df801df3d4: ; ImmutableOopMap {[104]=Oop [152]=Oop [168]=Oop }
                      ;*new {reexecute=0 rethrow=0 return_oop=0}
                      ; - java.lang.ClassLoader::resolveClass@4
                      ; - java.lang.ClassLoader::loadClass@106
  0x000001df801df3d4: 0545 07e9 | d0fd ffff | 488d 8424 | a000 0000 | 4889 0424 

  0x000001df801df3e8: ;   {runtime_call monitorexit_nofpu Runtime1 stub}
  0x000001df801df3e8: e813 3245 | 07e9 4afe | ffff 488b | 7424 70e9 | f3f8 ffff | 488b 7424 | 70e9 e9f8 | ffff 488b 
  0x000001df801df408: 7424 70e9 | dff8 ffff | 488b 7424 | 70e9 d5f8 | ffff 498b | 8700 0500 | 0049 c787 | 0005 0000 
  0x000001df801df428: 0000 0000 | 49c7 8708 | 0500 0000 | 0000 0048 | 81c4 c000 

  0x000001df801df43c: ;   {runtime_call unwind_exception Runtime1 stub}
  0x000001df801df43c: 0000 5de9 | bc01 3c07 | f4f4 f4f4 
[Stub Code]
  0x000001df801df448: ;   {no_reloc}
  0x000001df801df448: 0f1f 4400 

  0x000001df801df44c: ;   {static_stub}
  0x000001df801df44c: 0048 bb00 | 0000 0000 

  0x000001df801df454: ;   {runtime_call nmethod}
  0x000001df801df454: 0000 00e9 | fbff ffff 

  0x000001df801df45c: ;   {static_stub}
  0x000001df801df45c: 9048 bb00 | 0000 0000 

  0x000001df801df464: ;   {runtime_call nmethod}
  0x000001df801df464: 0000 00e9 | fbff ffff 

  0x000001df801df46c: ;   {static_stub}
  0x000001df801df46c: 9048 bb00 | 0000 0000 

  0x000001df801df474: ;   {runtime_call nmethod}
  0x000001df801df474: 0000 00e9 | fbff ffff 

  0x000001df801df47c: ;   {static_stub}
  0x000001df801df47c: 9048 bb00 | 0000 0000 

  0x000001df801df484: ;   {runtime_call nmethod}
  0x000001df801df484: 0000 00e9 | fbff ffff 

  0x000001df801df48c: ;   {static_stub}
  0x000001df801df48c: 9048 bb80 | 3e10 8fdf 

  0x000001df801df494: ;   {runtime_call I2C/C2I adapters}
  0x000001df801df494: 0100 00e9 | 4b5f 3a07 

  0x000001df801df49c: ;   {static_stub}
  0x000001df801df49c: 9048 bb00 | 0000 0000 

  0x000001df801df4a4: ;   {runtime_call nmethod}
  0x000001df801df4a4: 0000 00e9 | fbff ffff 

  0x000001df801df4ac: ;   {static_stub}
  0x000001df801df4ac: 48bb 0000 | 0000 0000 

  0x000001df801df4b4: ;   {runtime_call nmethod}
  0x000001df801df4b4: 0000 e9fb 

  0x000001df801df4b8: ;   {static_stub}
  0x000001df801df4b8: ffff ff48 | bb00 0000 | 0000 0000 

  0x000001df801df4c4: ;   {runtime_call nmethod}
  0x000001df801df4c4: 00e9 fbff 

  0x000001df801df4c8: ;   {static_stub}
  0x000001df801df4c8: ffff 48bb | 0000 0000 | 0000 0000 

  0x000001df801df4d4: ;   {runtime_call nmethod}
  0x000001df801df4d4: e9fb ffff 

  0x000001df801df4d8: ;   {static_stub}
  0x000001df801df4d8: ff48 bb00 | 0000 0000 

  0x000001df801df4e0: ;   {runtime_call nmethod}
  0x000001df801df4e0: 0000 00e9 | fbff ffff 
[Exception Handler]
  0x000001df801df4e8: ;   {runtime_call handle_exception_from_callee Runtime1 stub}
  0x000001df801df4e8: e813 1945 

  0x000001df801df4ec: ;   {external_word}
  0x000001df801df4ec: 0748 b940 | 5313 fdf9 | 7f00 0048 

  0x000001df801df4f8: ;   {runtime_call}
  0x000001df801df4f8: 83e4 f048 | b8b0 c3d5 | fcf9 7f00 | 00ff d0f4 
[Deopt Handler Code]
  0x000001df801df508: ;   {section_word}
  0x000001df801df508: 49ba 08f5 | 1d80 df01 | 0000 4152 

  0x000001df801df514: ;   {runtime_call DeoptimizationBlob}
  0x000001df801df514: e987 483a | 07f4 f4f4 | f4f4 f4f4 
[/MachCode]


---------------  P R O C E S S  ---------------

Threads class SMR info:
_java_thread_list=0x000001dff571d9f0, length=11, elements={
0x000001dff0767230, 0x000001dff0411bf0, 0x000001dff04141b0, 0x000001dff04179f0,
0x000001dff0418650, 0x000001dff041b1c0, 0x000001dff041bc20, 0x000001dff041ca60,
0x000001dff0482850, 0x000001dff55812b0, 0x000001dff56862d0
}

Java Threads: ( => current thread )
=>0x000001dff0767230 JavaThread "main"                              [_thread_in_vm, id=5532, stack(0x000000d601800000,0x000000d601900000) (1024K)]
  0x000001dff0411bf0 JavaThread "Reference Handler"          daemon [_thread_blocked, id=3292, stack(0x000000d601c00000,0x000000d601d00000) (1024K)]
  0x000001dff04141b0 JavaThread "Finalizer"                  daemon [_thread_blocked, id=7960, stack(0x000000d601d00000,0x000000d601e00000) (1024K)]
  0x000001dff04179f0 JavaThread "Signal Dispatcher"          daemon [_thread_blocked, id=13680, stack(0x000000d601e00000,0x000000d601f00000) (1024K)]
  0x000001dff0418650 JavaThread "Attach Listener"            daemon [_thread_blocked, id=11608, stack(0x000000d601f00000,0x000000d602000000) (1024K)]
  0x000001dff041b1c0 JavaThread "Service Thread"             daemon [_thread_blocked, id=1320, stack(0x000000d602000000,0x000000d602100000) (1024K)]
  0x000001dff041bc20 JavaThread "Monitor Deflation Thread"   daemon [_thread_blocked, id=16716, stack(0x000000d602100000,0x000000d602200000) (1024K)]
  0x000001dff041ca60 JavaThread "C2 CompilerThread0"         daemon [_thread_blocked, id=15740, stack(0x000000d602200000,0x000000d602300000) (1024K)]
  0x000001dff0482850 JavaThread "C1 CompilerThread0"         daemon [_thread_blocked, id=1520, stack(0x000000d602300000,0x000000d602400000) (1024K)]
  0x000001dff55812b0 JavaThread "Common-Cleaner"             daemon [_thread_blocked, id=11136, stack(0x000000d602400000,0x000000d602500000) (1024K)]
  0x000001dff56862d0 JavaThread "Notification Thread"        daemon [_thread_blocked, id=10316, stack(0x000000d602600000,0x000000d602700000) (1024K)]
Total: 11

Other Threads:
  0x000001dff03f5a40 VMThread "VM Thread"                           [id=13404, stack(0x000000d601b00000,0x000000d601c00000) (1024K)]
  0x000001dff0371c40 WatcherThread "VM Periodic Task Thread"        [id=13396, stack(0x000000d601a00000,0x000000d601b00000) (1024K)]
  0x000001dff0785e10 WorkerThread "GC Thread#0"                     [id=14180, stack(0x000000d601900000,0x000000d601a00000) (1024K)]
  0x000001dffa1247c0 WorkerThread "GC Thread#1"                     [id=3168, stack(0x000000d602500000,0x000000d602600000) (1024K)]
  0x000001dffa124b70 WorkerThread "GC Thread#2"                     [id=5312, stack(0x000000d602700000,0x000000d602800000) (1024K)]
  0x000001dffa128c70 WorkerThread "GC Thread#3"                     [id=4192, stack(0x000000d602800000,0x000000d602900000) (1024K)]
Total: 6

Threads with active compile tasks:
Total: 0

VM state: not at safepoint (normal execution)

VM Mutex/Monitor currently owned by a thread:  ([mutex/lock_event])
[0x00007ff9fd3ec4e0] Metaspace_lock - owner thread: 0x000001dff0767230

Heap address: 0x00000000e0000000, size: 512 MB, Compressed Oops mode: 32-bit

CDS archive(s) mapped at: [0x000001df8f000000-0x000001df8fba0000-0x000001df8fba0000), size 12189696, SharedBaseAddress: 0x000001df8f000000, ArchiveRelocationMode: 1.
Compressed class space mapped at: 0x000001df90000000-0x000001dfd0000000, reserved size: 1073741824
Narrow klass base: 0x000001df8f000000, Narrow klass shift: 0, Narrow klass range: 0x100000000

GC Precious Log:
 CardTable entry size: 512
 CPUs: 4 total, 4 available
 Memory: 8097M
 Large Page Support: Disabled
 NUMA Support: Disabled
 Compressed Oops: Enabled (32-bit)
 Alignments: Space 512K, Generation 512K, Heap 2M
 Heap Min Capacity: 100M
 Heap Initial Capacity: 100M
 Heap Max Capacity: 512M
 Pre-touch: Disabled
 Parallel Workers: 4

Heap:
 PSYoungGen      total 29696K, used 9230K [0x00000000f5580000, 0x00000000f7680000, 0x0000000100000000)
  eden space 25600K, 23% used [0x00000000f5580000,0x00000000f5b49a58,0x00000000f6e80000)
  from space 4096K, 80% used [0x00000000f6e80000,0x00000000f71b9e98,0x00000000f7280000)
  to   space 4096K, 0% used [0x00000000f7280000,0x00000000f7280000,0x00000000f7680000)
 ParOldGen       total 68608K, used 0K [0x00000000e0000000, 0x00000000e4300000, 0x00000000f5580000)
  object space 68608K, 0% used [0x00000000e0000000,0x00000000e0000000,0x00000000e4300000)
 Metaspace       used 5644K, committed 5952K, reserved 1114112K
  class space    used 598K, committed 768K, reserved 1048576K

Card table byte_map: [0x000001dff0030000,0x000001dff0140000] _byte_map_base: 0x000001dfef930000

Marking Bits: (ParMarkBitMap*) 0x00007ff9fd3f3450
 Begin Bits: [0x000001dff3980000, 0x000001dff4180000)
 End Bits:   [0x000001dff4180000, 0x000001dff4980000)

Polling page: 0x000001dfee460000

Metaspace:

Usage:
  Non-class:      4.93 MB used.
      Class:    598.65 KB used.
       Both:      5.51 MB used.

Virtual space:
  Non-class space:       64.00 MB reserved,       5.06 MB (  8%) committed,  1 nodes.
      Class space:        1.00 GB reserved,     768.00 KB ( <1%) committed,  1 nodes.
             Both:        1.06 GB reserved,       5.81 MB ( <1%) committed. 

Chunk freelists:
   Non-Class:  10.36 MB
       Class:  15.10 MB
        Both:  25.46 MB

MaxMetaspaceSize: unlimited
CompressedClassSpaceSize: 1.00 GB
Initial GC threshold: 21.00 MB
Current GC threshold: 21.00 MB
CDS: on
 - commit_granule_bytes: 65536.
 - commit_granule_words: 8192.
 - virtual_space_node_default_size: 8388608.
 - enlarge_chunks_in_place: 1.
 - use_allocation_guard: 0.


Internal statistics:

num_allocs_failed_limit: 0.
num_arena_births: 190.
num_arena_deaths: 0.
num_vsnodes_births: 2.
num_vsnodes_deaths: 0.
num_space_committed: 93.
num_space_uncommitted: 0.
num_chunks_returned_to_freelist: 0.
num_chunks_taken_from_freelist: 299.
num_chunk_merges: 0.
num_chunk_splits: 190.
num_chunks_enlarged: 116.
num_inconsistent_stats: 0.

CodeHeap 'non-profiled nmethods': size=120000Kb used=501Kb max_used=501Kb free=119498Kb
 bounds [0x000001df87ad0000, 0x000001df87d40000, 0x000001df8f000000]
CodeHeap 'profiled nmethods': size=120000Kb used=2099Kb max_used=2099Kb free=117900Kb
 bounds [0x000001df80000000, 0x000001df80270000, 0x000001df87530000]
CodeHeap 'non-nmethods': size=5760Kb used=1203Kb max_used=1219Kb free=4556Kb
 bounds [0x000001df87530000, 0x000001df877a0000, 0x000001df87ad0000]
CodeCache: size=245760Kb, used=3803Kb, max_used=3819Kb, free=241954Kb
 total_blobs=1730, nmethods=1263, adapters=374, full_count=0
Compilation: enabled, stopped_count=0, restarted_count=0

Compilation events (20 events):
Event: 4.106 Thread 0x000001dff0482850 1256       3       java.lang.reflect.AccessibleObject::verifyAccess (55 bytes)
Event: 4.106 Thread 0x000001dff041ca60 1254       4       java.nio.DirectLongBufferU::ix (10 bytes)
Event: 4.107 Thread 0x000001dff041ca60 nmethod 1254 0x000001df87b4d390 code [0x000001df87b4d520, 0x000001df87b4d5b0]
Event: 4.107 Thread 0x000001dff0482850 nmethod 1256 0x000001df80207290 code [0x000001df802074e0, 0x000001df80208058]
Event: 4.107 Thread 0x000001dff0482850 1257       3       java.lang.reflect.AccessibleObject::isAccessChecked (25 bytes)
Event: 4.107 Thread 0x000001dff0482850 nmethod 1257 0x000001df80208310 code [0x000001df802084e0, 0x000001df802089a8]
Event: 4.111 Thread 0x000001dff0482850 1258   !   3       java.util.zip.ZipCoder$UTF8ZipCoder::compare (81 bytes)
Event: 4.112 Thread 0x000001dff0482850 nmethod 1258 0x000001df80208b10 code [0x000001df80208d80, 0x000001df80209968]
Event: 4.112 Thread 0x000001dff0482850 1259       3       java.lang.System$2::getBytesNoRepl (6 bytes)
Event: 4.113 Thread 0x000001dff0482850 nmethod 1259 0x000001df80209e90 code [0x000001df8020a0a0, 0x000001df8020a888]
Event: 4.113 Thread 0x000001dff0482850 1260   !   3       java.lang.String::getBytesNoRepl (29 bytes)
Event: 4.113 Thread 0x000001dff0482850 nmethod 1260 0x000001df8020aa90 code [0x000001df8020ac80, 0x000001df8020b3e0]
Event: 4.113 Thread 0x000001dff0482850 1261       3       jdk.internal.ref.PhantomCleanable::clean (16 bytes)
Event: 4.113 Thread 0x000001dff0482850 nmethod 1261 0x000001df8020b590 code [0x000001df8020b760, 0x000001df8020ba40]
Event: 4.114 Thread 0x000001dff0482850 1262       3       java.util.ArrayDeque::addLast (51 bytes)
Event: 4.115 Thread 0x000001dff0482850 nmethod 1262 0x000001df8020bb10 code [0x000001df8020bd00, 0x000001df8020c178]
Event: 4.158 Thread 0x000001dff0482850 1263       3       java.util.Collections$SetFromMap::add (22 bytes)
Event: 4.159 Thread 0x000001dff0482850 nmethod 1263 0x000001df8020c310 code [0x000001df8020c4c0, 0x000001df8020c6f8]
Event: 4.159 Thread 0x000001dff0482850 1264       3       java.util.zip.ZipUtils::LOCSIG (6 bytes)
Event: 4.159 Thread 0x000001dff0482850 nmethod 1264 0x000001df8020c790 code [0x000001df8020c940, 0x000001df8020cc00]

GC Heap History (2 events):
Event: 3.718 GC heap before
{Heap before GC invocations=1 (full 0):
 PSYoungGen      total 29696K, used 25600K [0x00000000f5580000, 0x00000000f7680000, 0x0000000100000000)
  eden space 25600K, 100% used [0x00000000f5580000,0x00000000f6e80000,0x00000000f6e80000)
  from space 4096K, 0% used [0x00000000f7280000,0x00000000f7280000,0x00000000f7680000)
  to   space 4096K, 0% used [0x00000000f6e80000,0x00000000f6e80000,0x00000000f7280000)
 ParOldGen       total 68608K, used 0K [0x00000000e0000000, 0x00000000e4300000, 0x00000000f5580000)
  object space 68608K, 0% used [0x00000000e0000000,0x00000000e0000000,0x00000000e4300000)
 Metaspace       used 4374K, committed 4608K, reserved 1114112K
  class space    used 474K, committed 576K, reserved 1048576K
}
Event: 3.741 GC heap after
{Heap after GC invocations=1 (full 0):
 PSYoungGen      total 29696K, used 3303K [0x00000000f5580000, 0x00000000f7680000, 0x0000000100000000)
  eden space 25600K, 0% used [0x00000000f5580000,0x00000000f5580000,0x00000000f6e80000)
  from space 4096K, 80% used [0x00000000f6e80000,0x00000000f71b9e98,0x00000000f7280000)
  to   space 4096K, 0% used [0x00000000f7280000,0x00000000f7280000,0x00000000f7680000)
 ParOldGen       total 68608K, used 0K [0x00000000e0000000, 0x00000000e4300000, 0x00000000f5580000)
  object space 68608K, 0% used [0x00000000e0000000,0x00000000e0000000,0x00000000e4300000)
 Metaspace       used 4374K, committed 4608K, reserved 1114112K
  class space    used 474K, committed 576K, reserved 1048576K
}

Dll operation events (8 events):
Event: 0.015 Loaded shared library c:\Users\Siva\.vscode\extensions\redhat.java-1.54.0-win32-x64\jre\21.0.10-win32-x86_64\bin\java.dll
Event: 0.466 Loaded shared library c:\Users\Siva\.vscode\extensions\redhat.java-1.54.0-win32-x64\jre\21.0.10-win32-x86_64\bin\zip.dll
Event: 0.537 Loaded shared library C:\Users\Siva\.vscode\extensions\redhat.java-1.54.0-win32-x64\jre\21.0.10-win32-x86_64\bin\instrument.dll
Event: 0.553 Loaded shared library C:\Users\Siva\.vscode\extensions\redhat.java-1.54.0-win32-x64\jre\21.0.10-win32-x86_64\bin\net.dll
Event: 0.558 Loaded shared library C:\Users\Siva\.vscode\extensions\redhat.java-1.54.0-win32-x64\jre\21.0.10-win32-x86_64\bin\nio.dll
Event: 0.565 Loaded shared library C:\Users\Siva\.vscode\extensions\redhat.java-1.54.0-win32-x64\jre\21.0.10-win32-x86_64\bin\zip.dll
Event: 0.686 Loaded shared library C:\Users\Siva\.vscode\extensions\redhat.java-1.54.0-win32-x64\jre\21.0.10-win32-x86_64\bin\jimage.dll
Event: 0.948 Loaded shared library c:\Users\Siva\.vscode\extensions\redhat.java-1.54.0-win32-x64\jre\21.0.10-win32-x86_64\bin\verify.dll

Deoptimization events (20 events):
Event: 3.750 Thread 0x000001dff0767230 Uncommon trap: trap_request=0xffffffc6 fr.pc=0x000001df87b0c7d8 relative=0x0000000000000298
Event: 3.750 Thread 0x000001dff0767230 Uncommon trap: reason=bimorphic_or_optimized_type_check action=maybe_recompile pc=0x000001df87b0c7d8 method=java.util.Collections$UnmodifiableCollection$1.next()Ljava/lang/Object; @ 4 c2
Event: 3.750 Thread 0x000001dff0767230 DEOPT PACKING pc=0x000001df87b0c7d8 sp=0x000000d6018fed70
Event: 3.750 Thread 0x000001dff0767230 DEOPT UNPACKING pc=0x000001df87583aa2 sp=0x000000d6018fed20 mode 2
Event: 3.835 Thread 0x000001dff0767230 Uncommon trap: trap_request=0xffffff45 fr.pc=0x000001df87b42340 relative=0x0000000000000280
Event: 3.835 Thread 0x000001dff0767230 Uncommon trap: reason=unstable_if action=reinterpret pc=0x000001df87b42340 method=java.util.HashMap.hash(Ljava/lang/Object;)I @ 1 c2
Event: 3.835 Thread 0x000001dff0767230 DEOPT PACKING pc=0x000001df87b42340 sp=0x000000d6018feaf0
Event: 3.835 Thread 0x000001dff0767230 DEOPT UNPACKING pc=0x000001df87583aa2 sp=0x000000d6018fe988 mode 2
Event: 3.838 Thread 0x000001dff0767230 Uncommon trap: trap_request=0xffffff45 fr.pc=0x000001df87b32060 relative=0x0000000000000300
Event: 3.838 Thread 0x000001dff0767230 Uncommon trap: reason=unstable_if action=reinterpret pc=0x000001df87b32060 method=java.util.HashMap.hash(Ljava/lang/Object;)I @ 1 c2
Event: 3.838 Thread 0x000001dff0767230 DEOPT PACKING pc=0x000001df87b32060 sp=0x000000d6018fea60
Event: 3.838 Thread 0x000001dff0767230 DEOPT UNPACKING pc=0x000001df87583aa2 sp=0x000000d6018fe968 mode 2
Event: 3.838 Thread 0x000001dff0767230 Uncommon trap: trap_request=0xffffff45 fr.pc=0x000001df87b344d0 relative=0x00000000000000b0
Event: 3.838 Thread 0x000001dff0767230 Uncommon trap: reason=unstable_if action=reinterpret pc=0x000001df87b344d0 method=java.util.HashMap.hash(Ljava/lang/Object;)I @ 1 c2
Event: 3.838 Thread 0x000001dff0767230 DEOPT PACKING pc=0x000001df87b344d0 sp=0x000000d6018feb10
Event: 3.838 Thread 0x000001dff0767230 DEOPT UNPACKING pc=0x000001df87583aa2 sp=0x000000d6018feaa8 mode 2
Event: 4.046 Thread 0x000001dff0767230 Uncommon trap: trap_request=0xffffff45 fr.pc=0x000001df87b1b1f8 relative=0x0000000000000198
Event: 4.046 Thread 0x000001dff0767230 Uncommon trap: reason=unstable_if action=reinterpret pc=0x000001df87b1b1f8 method=java.lang.invoke.VarHandle.checkAccessModeThenIsDirect(Ljava/lang/invoke/VarHandle$AccessDescriptor;)Z @ 4 c2
Event: 4.046 Thread 0x000001dff0767230 DEOPT PACKING pc=0x000001df87b1b1f8 sp=0x000000d6018feaf0
Event: 4.047 Thread 0x000001dff0767230 DEOPT UNPACKING pc=0x000001df87583aa2 sp=0x000000d6018fea48 mode 2

Classes loaded (20 events):
Event: 4.117 Loading class java/util/concurrent/atomic/AtomicReference
Event: 4.117 Loading class java/util/concurrent/atomic/AtomicReference done
Event: 4.118 Loading class java/util/concurrent/SynchronousQueue
Event: 4.118 Loading class java/util/AbstractQueue
Event: 4.119 Loading class java/util/AbstractQueue done
Event: 4.119 Loading class java/util/concurrent/SynchronousQueue done
Event: 4.119 Loading class java/util/concurrent/SynchronousQueue$Transferer
Event: 4.119 Loading class java/util/concurrent/LinkedTransferQueue
Event: 4.120 Loading class java/util/concurrent/TransferQueue
Event: 4.121 Loading class java/util/concurrent/TransferQueue done
Event: 4.121 Loading class java/util/concurrent/LinkedTransferQueue done
Event: 4.121 Loading class java/util/concurrent/SynchronousQueue$Transferer done
Event: 4.121 Loading class java/util/concurrent/LinkedTransferQueue$DualNode
Event: 4.158 Loading class java/util/concurrent/LinkedTransferQueue$DualNode done
Event: 4.160 Loading class java/util/concurrent/RejectedExecutionHandler
Event: 4.160 Loading class java/util/concurrent/RejectedExecutionHandler done
Event: 4.160 Loading class java/util/concurrent/LinkedBlockingQueue
Event: 4.182 Loading class java/util/concurrent/LinkedBlockingQueue done
Event: 4.183 Loading class java/util/concurrent/LinkedBlockingQueue$Node
Event: 4.185 Loading class java/util/concurrent/LinkedBlockingQueue$Node done

Classes unloaded (0 events):
No events

Classes redefined (0 events):
No events

Internal exceptions (20 events):
Event: 2.705 Thread 0x000001dff0767230 Exception <a 'java/io/FileNotFoundException'{0x00000000f64b5808}> (0x00000000f64b5808) 
thrown [s\src\hotspot\share\prims\jni.cpp, line 520]
Event: 2.705 Thread 0x000001dff0767230 Exception <a 'java/io/FileNotFoundException'{0x00000000f64b6480}> (0x00000000f64b6480) 
thrown [s\src\hotspot\share\prims\jni.cpp, line 520]
Event: 2.706 Thread 0x000001dff0767230 Exception <a 'java/io/FileNotFoundException'{0x00000000f64b6fc0}> (0x00000000f64b6fc0) 
thrown [s\src\hotspot\share\prims\jni.cpp, line 520]
Event: 2.714 Thread 0x000001dff0767230 Implicit null exception at 0x000001df87afdda4 to 0x000001df87afe348
Event: 2.714 Thread 0x000001dff0767230 Implicit null exception at 0x000001df87afea20 to 0x000001df87afefb4
Event: 2.721 Thread 0x000001dff0767230 Exception <a 'java/io/FileNotFoundException'{0x00000000f64ef410}> (0x00000000f64ef410) 
thrown [s\src\hotspot\share\prims\jni.cpp, line 520]
Event: 2.788 Thread 0x000001dff0767230 Exception <a 'java/lang/NoSuchMethodError'{0x00000000f6529cc8}: 'java.lang.Object java.lang.invoke.DirectMethodHandle$Holder.invokeInterface(java.lang.Object, java.lang.Object)'> (0x00000000f6529cc8) 
thrown [s\src\hotspot\share\interpreter\linkResolver.cpp, line 773]
Event: 2.794 Thread 0x000001dff0767230 Exception <a 'java/lang/NoSuchMethodError'{0x00000000f653d258}: 'java.lang.Object java.lang.invoke.Invokers$Holder.invokeExact_MT(java.lang.Object, java.lang.Object, java.lang.Object, java.lang.Object, java.lang.Object, java.lang.Object)'> (0x00000000f653d258) 
thrown [s\src\hotspot\share\interpreter\linkResolver.cpp, line 773]
Event: 2.800 Thread 0x000001dff0767230 Exception <a 'java/lang/NoSuchMethodError'{0x00000000f6554330}: 'int java.lang.invoke.DirectMethodHandle$Holder.invokeStatic(java.lang.Object, java.lang.Object, java.lang.Object, java.lang.Object, java.lang.Object)'> (0x00000000f6554330) 
thrown [s\src\hotspot\share\interpreter\linkResolver.cpp, line 773]
Event: 2.870 Thread 0x000001dff0767230 Exception <a 'java/lang/NoSuchMethodError'{0x00000000f65e7a88}: 'java.lang.Object java.lang.invoke.DirectMethodHandle$Holder.invokeInterface(java.lang.Object, java.lang.Object, int)'> (0x00000000f65e7a88) 
thrown [s\src\hotspot\share\interpreter\linkResolver.cpp, line 773]
Event: 3.365 Thread 0x000001dff0767230 Exception <a 'java/lang/NoSuchMethodError'{0x00000000f6a504a8}: 'java.lang.ClassLoader java.lang.ClassLoader.getPlatformClassLoader(java.lang.Class)'> (0x00000000f6a504a8) 
thrown [s\src\hotspot\share\interpreter\linkResolver.cpp, line 773]
Event: 3.710 Thread 0x000001dff0767230 Exception <a 'java/lang/ClassNotFoundException'{0x00000000f6e6f288}: sun/net/www/protocol/c/Handler> (0x00000000f6e6f288) 
thrown [s\src\hotspot\share\classfile\systemDictionary.cpp, line 312]
Event: 3.711 Thread 0x000001dff0767230 Exception <a 'java/lang/ClassNotFoundException'{0x00000000f6e70628}: sun/net/www/protocol/c/Handler> (0x00000000f6e70628) 
thrown [s\src\hotspot\share\classfile\systemDictionary.cpp, line 312]
Event: 3.711 Thread 0x000001dff0767230 Exception <a 'java/lang/ClassNotFoundException'{0x00000000f6e71810}: sun/net/www/protocol/c/Handler> (0x00000000f6e71810) 
thrown [s\src\hotspot\share\classfile\systemDictionary.cpp, line 312]
Event: 3.749 Thread 0x000001dff0767230 Exception <a 'java/io/FileNotFoundException'{0x00000000f559bb40}> (0x00000000f559bb40) 
thrown [s\src\hotspot\share\prims\jni.cpp, line 520]
Event: 3.835 Thread 0x000001dff0767230 Implicit null exception at 0x000001df87b4211a to 0x000001df87b42328
Event: 3.836 Thread 0x000001dff0767230 Exception <a 'java/lang/NoSuchMethodError'{0x00000000f56cbfd0}: 'void java.lang.invoke.DirectMethodHandle$Holder.invokeStatic(java.lang.Object, java.lang.Object, java.lang.Object, java.lang.Object)'> (0x00000000f56cbfd0) 
thrown [s\src\hotspot\share\interpreter\linkResolver.cpp, line 773]
Event: 3.838 Thread 0x000001dff0767230 Implicit null exception at 0x000001df87b31dbc to 0x000001df87b32048
Event: 3.838 Thread 0x000001dff0767230 Implicit null exception at 0x000001df87b3443d to 0x000001df87b344c1
Event: 4.071 Thread 0x000001dff0767230 Exception <a 'java/lang/NoSuchMethodError'{0x00000000f598dee0}: 'void java.lang.invoke.DirectMethodHandle$Holder.invokeSpecial(java.lang.Object, java.lang.Object, java.lang.Object)'> (0x00000000f598dee0) 
thrown [s\src\hotspot\share\interpreter\linkResolver.cpp, line 773]

ZGC Phase Switch (0 events):
No events

VM Operations (16 events):
Event: 0.460 Executing non-safepoint VM operation: HandshakeAllThreads (Deoptimize)
Event: 0.460 Executing non-safepoint VM operation: HandshakeAllThreads (Deoptimize) done
Event: 0.743 Executing non-safepoint VM operation: HandshakeAllThreads (Deoptimize)
Event: 0.743 Executing non-safepoint VM operation: HandshakeAllThreads (Deoptimize) done
Event: 1.748 Executing safepoint VM operation: Cleanup
Event: 1.780 Executing safepoint VM operation: Cleanup done
Event: 2.485 Executing non-safepoint VM operation: HandshakeAllThreads (Deoptimize)
Event: 2.485 Executing non-safepoint VM operation: HandshakeAllThreads (Deoptimize) done
Event: 2.522 Executing non-safepoint VM operation: HandshakeAllThreads (Deoptimize)
Event: 2.522 Executing non-safepoint VM operation: HandshakeAllThreads (Deoptimize) done
Event: 3.534 Executing safepoint VM operation: Cleanup
Event: 3.582 Executing safepoint VM operation: Cleanup done
Event: 3.622 Executing non-safepoint VM operation: HandshakeAllThreads (Deoptimize)
Event: 3.622 Executing non-safepoint VM operation: HandshakeAllThreads (Deoptimize) done
Event: 3.718 Executing safepoint VM operation: ParallelGCFailedAllocation (Allocation Failure)
Event: 3.741 Executing safepoint VM operation: ParallelGCFailedAllocation (Allocation Failure) done

Memory protections (0 events):
No events

Nmethod flushes (0 events):
No events

Events (15 events):
Event: 0.107 Thread 0x000001dff0767230 Thread added: 0x000001dff0767230
Event: 0.210 Thread 0x000001dff0767230 Thread added: 0x000001dff0411bf0
Event: 0.210 Thread 0x000001dff0767230 Thread added: 0x000001dff04141b0
Event: 0.211 Thread 0x000001dff0767230 Thread added: 0x000001dff04179f0
Event: 0.211 Thread 0x000001dff0767230 Thread added: 0x000001dff0418650
Event: 0.211 Thread 0x000001dff0767230 Thread added: 0x000001dff041b1c0
Event: 0.211 Thread 0x000001dff0767230 Thread added: 0x000001dff041bc20
Event: 0.213 Thread 0x000001dff0767230 Thread added: 0x000001dff041ca60
Event: 0.244 Thread 0x000001dff0767230 Thread added: 0x000001dff0482850
Event: 0.547 Thread 0x000001dff0767230 Thread added: 0x000001dff55812b0
Event: 0.919 Thread 0x000001dff041ca60 Thread added: 0x000001dff55b0140
Event: 1.311 Thread 0x000001dff0767230 Thread added: 0x000001dff56862d0
Event: 2.206 Thread 0x000001dff55b0140 Thread exited: 0x000001dff55b0140
Event: 2.505 Thread 0x000001dff0482850 Thread added: 0x000001dff5693db0
Event: 2.709 Thread 0x000001dff5693db0 Thread exited: 0x000001dff5693db0


Dynamic libraries:
0x00007ff62f7a0000 - 0x00007ff62f7ae000 	c:\Users\Siva\.vscode\extensions\redhat.java-1.54.0-win32-x64\jre\21.0.10-win32-x86_64\bin\java.exe
0x00007ffa63630000 - 0x00007ffa63825000 	C:\Windows\SYSTEM32\ntdll.dll
0x00007ffa62160000 - 0x00007ffa6221e000 	C:\Windows\System32\KERNEL32.DLL
0x00007ffa61220000 - 0x00007ffa614e8000 	C:\Windows\System32\KERNELBASE.dll
0x00007ffa60da0000 - 0x00007ffa60ea0000 	C:\Windows\System32\ucrtbase.dll
0x00007ffa46f30000 - 0x00007ffa46f48000 	c:\Users\Siva\.vscode\extensions\redhat.java-1.54.0-win32-x64\jre\21.0.10-win32-x86_64\bin\jli.dll
0x00007ffa62c00000 - 0x00007ffa62da1000 	C:\Windows\System32\USER32.dll
0x00007ffa60ea0000 - 0x00007ffa60ec2000 	C:\Windows\System32\win32u.dll
0x00007ffa63220000 - 0x00007ffa6324b000 	C:\Windows\System32\GDI32.dll
0x00007ffa60ed0000 - 0x00007ffa60fdd000 	C:\Windows\System32\gdi32full.dll
0x00007ffa615d0000 - 0x00007ffa6166d000 	C:\Windows\System32\msvcp_win.dll
0x00007ffa44b90000 - 0x00007ffa44bae000 	c:\Users\Siva\.vscode\extensions\redhat.java-1.54.0-win32-x64\jre\21.0.10-win32-x86_64\bin\VCRUNTIME140.dll
0x00007ffa4e280000 - 0x00007ffa4e51a000 	C:\Windows\WinSxS\amd64_microsoft.windows.common-controls_6595b64144ccf1df_6.0.19041.1110_none_60b5254171f9507e\COMCTL32.dll
0x00007ffa62970000 - 0x00007ffa62a0e000 	C:\Windows\System32\msvcrt.dll
0x00007ffa62130000 - 0x00007ffa62160000 	C:\Windows\System32\IMM32.DLL
0x00007ffa5c1d0000 - 0x00007ffa5c1dc000 	c:\Users\Siva\.vscode\extensions\redhat.java-1.54.0-win32-x64\jre\21.0.10-win32-x86_64\bin\vcruntime140_1.dll
0x00007ffa2fe70000 - 0x00007ffa2fefd000 	c:\Users\Siva\.vscode\extensions\redhat.java-1.54.0-win32-x64\jre\21.0.10-win32-x86_64\bin\msvcp140.dll
0x00007ff9fc730000 - 0x00007ff9fd4d1000 	c:\Users\Siva\.vscode\extensions\redhat.java-1.54.0-win32-x64\jre\21.0.10-win32-x86_64\bin\server\jvm.dll
0x00007ffa634d0000 - 0x00007ffa6357e000 	C:\Windows\System32\ADVAPI32.dll
0x00007ffa62db0000 - 0x00007ffa62e4c000 	C:\Windows\System32\sechost.dll
0x00007ffa61680000 - 0x00007ffa617a5000 	C:\Windows\System32\RPCRT4.dll
0x00007ffa62e50000 - 0x00007ffa62ebb000 	C:\Windows\System32\WS2_32.dll
0x00007ffa60300000 - 0x00007ffa6034b000 	C:\Windows\SYSTEM32\POWRPROF.dll
0x00007ffa5d600000 - 0x00007ffa5d627000 	C:\Windows\SYSTEM32\WINMM.dll
0x00007ffa4ef60000 - 0x00007ffa4ef6a000 	C:\Windows\SYSTEM32\VERSION.dll
0x00007ffa60170000 - 0x00007ffa60182000 	C:\Windows\SYSTEM32\UMPDC.dll
0x00007ffa5ec30000 - 0x00007ffa5ec42000 	C:\Windows\SYSTEM32\kernel.appcore.dll
0x00007ffa5a860000 - 0x00007ffa5a86a000 	c:\Users\Siva\.vscode\extensions\redhat.java-1.54.0-win32-x64\jre\21.0.10-win32-x86_64\bin\jimage.dll
0x00007ffa4e690000 - 0x00007ffa4e874000 	C:\Windows\SYSTEM32\DBGHELP.DLL
0x00007ffa4c1d0000 - 0x00007ffa4c1fc000 	C:\Windows\SYSTEM32\dbgcore.DLL
0x00007ffa614f0000 - 0x00007ffa61572000 	C:\Windows\System32\bcryptPrimitives.dll
0x00007ffa5a320000 - 0x00007ffa5a32f000 	c:\Users\Siva\.vscode\extensions\redhat.java-1.54.0-win32-x64\jre\21.0.10-win32-x86_64\bin\instrument.dll
0x00007ffa43bb0000 - 0x00007ffa43bd0000 	c:\Users\Siva\.vscode\extensions\redhat.java-1.54.0-win32-x64\jre\21.0.10-win32-x86_64\bin\java.dll
0x00007ffa62220000 - 0x00007ffa62964000 	C:\Windows\System32\SHELL32.dll
0x00007ffa5ee30000 - 0x00007ffa5f5c5000 	C:\Windows\SYSTEM32\windows.storage.dll
0x00007ffa62ec0000 - 0x00007ffa63215000 	C:\Windows\System32\combase.dll
0x00007ffa60790000 - 0x00007ffa607be000 	C:\Windows\SYSTEM32\Wldp.dll
0x00007ffa61ea0000 - 0x00007ffa61f4d000 	C:\Windows\System32\SHCORE.dll
0x00007ffa61e40000 - 0x00007ffa61e95000 	C:\Windows\System32\shlwapi.dll
0x00007ffa60c80000 - 0x00007ffa60c9f000 	C:\Windows\SYSTEM32\profapi.dll
0x00007ffa43ad0000 - 0x00007ffa43ae8000 	c:\Users\Siva\.vscode\extensions\redhat.java-1.54.0-win32-x64\jre\21.0.10-win32-x86_64\bin\zip.dll
0x00007ffa5a2e0000 - 0x00007ffa5a2f0000 	C:\Users\Siva\.vscode\extensions\redhat.java-1.54.0-win32-x64\jre\21.0.10-win32-x86_64\bin\net.dll
0x00007ffa515f0000 - 0x00007ffa516fc000 	C:\Windows\SYSTEM32\WINHTTP.dll
0x00007ffa604f0000 - 0x00007ffa6055a000 	C:\Windows\system32\mswsock.dll
0x00007ffa3c480000 - 0x00007ffa3c496000 	C:\Users\Siva\.vscode\extensions\redhat.java-1.54.0-win32-x64\jre\21.0.10-win32-x86_64\bin\nio.dll
0x00007ffa5a250000 - 0x00007ffa5a260000 	c:\Users\Siva\.vscode\extensions\redhat.java-1.54.0-win32-x64\jre\21.0.10-win32-x86_64\bin\verify.dll

JVMTI agents:
c:\Users\Siva\.vscode\extensions\redhat.java-1.54.0-win32-x64\lombok\lombok-1.18.39-4050.jar path:c:\Users\Siva\.vscode\extensions\redhat.java-1.54.0-win32-x64\jre\21.0.10-win32-x86_64\bin\instrument.dll, loaded, initialized, instrumentlib options:none

dbghelp: loaded successfully - version: 4.0.5 - missing functions: none
symbol engine: initialized successfully - sym options: 0x614 - pdb path: .;c:\Users\Siva\.vscode\extensions\redhat.java-1.54.0-win32-x64\jre\21.0.10-win32-x86_64\bin;C:\Windows\SYSTEM32;C:\Windows\WinSxS\amd64_microsoft.windows.common-controls_6595b64144ccf1df_6.0.19041.1110_none_60b5254171f9507e;c:\Users\Siva\.vscode\extensions\redhat.java-1.54.0-win32-x64\jre\21.0.10-win32-x86_64\bin\server

VM Arguments:
jvm_args: --add-modules=ALL-SYSTEM --add-opens=java.base/java.util=ALL-UNNAMED --add-opens=java.base/java.lang=ALL-UNNAMED --add-opens=java.base/sun.nio.fs=ALL-UNNAMED -Declipse.application=org.eclipse.jdt.ls.core.id1 -Dosgi.bundles.defaultStartLevel=4 -Declipse.product=org.eclipse.jdt.ls.core.product -Djava.import.generatesMetadataFilesAtProjectRoot=false -DDetectVMInstallationsJob.disabled=true -Dfile.encoding=utf8 -XX:+UseParallelGC -XX:GCTimeRatio=4 -XX:AdaptiveSizePolicyWeight=90 -Dsun.zip.disableMemoryMapping=true -Xmx2G -Xms100m -Xlog:disable -javaagent:c:\Users\Siva\.vscode\extensions\redhat.java-1.54.0-win32-x64\lombok\lombok-1.18.39-4050.jar -Xmx512M 
java_command: c:\Users\Siva\.vscode\extensions\redhat.java-1.54.0-win32-x64\server\plugins\org.eclipse.equinox.launcher_1.7.100.v20251111-0406.jar -configuration c:\Users\Siva\AppData\Roaming\Code\User\globalStorage\redhat.java\1.54.0\config_ss_win -data c:\Users\Siva\AppData\Roaming\Code\User\workspaceStorage\4f8e60674e3dc518b3742d47d5b86509\redhat.java\ss_ws --pipe=\\.\pipe\lsp-9139442f6d4bfba7125284a0ed5c6d72-sock
java_class_path (initial): c:\Users\Siva\.vscode\extensions\redhat.java-1.54.0-win32-x64\server\plugins\org.eclipse.equinox.launcher_1.7.100.v20251111-0406.jar
Launcher Type: SUN_STANDARD

[Global flags]
    uintx AdaptiveSizePolicyWeight                 = 90                                        {product} {command line}
     intx CICompilerCount                          = 3                                         {product} {ergonomic}
    uintx GCTimeRatio                              = 4                                         {product} {command line}
   size_t InitialHeapSize                          = 104857600                                 {product} {command line}
   size_t MaxHeapSize                              = 536870912                                 {product} {command line}
   size_t MaxNewSize                               = 178782208                                 {product} {ergonomic}
   size_t MinHeapDeltaBytes                        = 524288                                    {product} {ergonomic}
   size_t MinHeapSize                              = 104857600                                 {product} {command line}
   size_t NewSize                                  = 34603008                                  {product} {ergonomic}
    uintx NonNMethodCodeHeapSize                   = 5832780                                {pd product} {ergonomic}
    uintx NonProfiledCodeHeapSize                  = 122912730                              {pd product} {ergonomic}
   size_t OldSize                                  = 70254592                                  {product} {ergonomic}
    uintx ProfiledCodeHeapSize                     = 122912730                              {pd product} {ergonomic}
    uintx ReservedCodeCacheSize                    = 251658240                              {pd product} {ergonomic}
     bool SegmentedCodeCache                       = true                                      {product} {ergonomic}
   size_t SoftMaxHeapSize                          = 536870912                              {manageable} {ergonomic}
     bool UseCompressedOops                        = true                           {product lp64_product} {ergonomic}
     bool UseLargePagesIndividualAllocation        = false                                  {pd product} {ergonomic}
     bool UseParallelGC                            = true                                      {product} {command line}

Logging:
Log output configuration:
 #0: stdout all=off uptime,level,tags foldmultilines=false
 #1: stderr all=off uptime,level,tags foldmultilines=false

Release file:
JAVA_VERSION="21.0.10" 
MODULES="java.base java.compiler java.datatransfer java.xml java.prefs java.desktop java.instrument java.logging java.management java.security.sasl java.naming java.rmi java.management.rmi java.net.http java.scripting java.security.jgss java.transaction.xa java.sql java.sql.rowset java.xml.crypto java.se java.smartcardio jdk.accessibility jdk.internal.jvmstat jdk.attach jdk.charsets jdk.internal.opt jdk.zipfs jdk.compiler jdk.crypto.ec jdk.crypto.cryptoki jdk.crypto.mscapi jdk.dynalink jdk.internal.ed jdk.editpad jdk.hotspot.agent jdk.httpserver jdk.internal.le jdk.internal.vm.ci jdk.internal.vm.compiler jdk.internal.vm.compiler.management jdk.jartool jdk.javadoc jdk.jcmd jdk.management jdk.management.agent jdk.jconsole jdk.jdeps jdk.jdwp.agent jdk.jdi jdk.jfr jdk.jshell jdk.jsobject jdk.jstatd jdk.localedata jdk.management.jfr jdk.naming.dns jdk.naming.rmi jdk.net jdk.nio.mapmode jdk.random jdk.sctp jdk.security.auth jdk.security.jgss jdk.unsupported jdk.unsupported.desktop jdk.xml.dom" 

Environment Variables:
JAVA_HOME=D:\jdk
_JAVA_OPTIONS=-Xmx512M
PATH=C:\Program Files\Common Files\Oracle\Java\javapath;C:\Program Files (x86)\Common Files\Oracle\Java\java8path;C:\Program Files (x86)\Common Files\Oracle\Java\javapath;C:\Program Files\Java\jdk-22\bin;C:\Windows\system32;C:\Windows;C:\Windows\System32\Wbem;C:\Windows\System32\WindowsPowerShell\v1.0\;C:\Windows\System32\OpenSSH\;C:\Program Files\dotnet\;C:\Program Files\nodejs\;C:\Users\Siva\OneDrive\Documents\mongosh-2.3.7-win32-x64\bin;C:\Program Files\Java\jdk-22\bin;C:\Program Files\Java\jdk-22\bin;D:\jdk;D:\java\bin;D:\jdk\bin;C:\Users\Siva\AppData\Local\Programs\Python\Launcher\;C:\Users\Siva\AppData\Local\Microsoft\WindowsApps;C:\Users\Siva\AppData\Roaming\npm;C:\Users\Siva\AppData\Local\Programs\Git\cmd;C:\Users\Siva\AppData\Local\Programs\Microsoft VS Code\bin;D:\cursor\resources\app\bin;D:\Antigravity\bin
USERNAME=Siva
OS=Windows_NT
PROCESSOR_IDENTIFIER=Intel64 Family 6 Model 69 Stepping 1, GenuineIntel
TMP=C:\Users\Siva\AppData\Local\Temp
TEMP=C:\Users\Siva\AppData\Local\Temp




Periodic native trim disabled

---------------  S Y S T E M  ---------------

OS:
 Windows 10 , 64 bit Build 19041 (10.0.19041.1466)
OS uptime: 31 days 16:05 hours

CPU: total 4 (initial active 4) (2 cores per cpu, 2 threads per core) family 6 model 69 stepping 1 microcode 0x25, cx8, cmov, fxsr, ht, mmx, sse, sse2, sse3, ssse3, sse4.1, sse4.2, popcnt, lzcnt, tsc, tscinvbit, avx, avx2, aes, erms, clmul, bmi1, bmi2, fma, vzeroupper, clflush, rdtscp, f16c
Processor Information for the first 4 processors :
  Max Mhz: 2401, Current Mhz: 2401, Mhz Limit: 2401

Memory: 4k page, system-wide physical 8097M (716M free)
TotalPageFile size 11289M (AvailPageFile size 181M)
current process WorkingSet (physical memory assigned to process): 79M, peak: 79M
current process commit charge ("private bytes"): 171M, peak: 171M

vm_info: OpenJDK 64-Bit Server VM (21.0.10+7-LTS) for windows-amd64 JRE (21.0.10+7-LTS), built on 2026-01-20T00:00:00Z by "admin" with MS VC++ 17.12 (VS2022)

END.
